ARM GAS  C:\Users\marce\AppData\Local\Temp\ccMPbXay.s 			page 1


   1              		.cpu cortex-m3
   2              		.arch armv7-m
   3              		.fpu softvfp
   4              		.eabi_attribute 20, 1
   5              		.eabi_attribute 21, 1
   6              		.eabi_attribute 23, 3
   7              		.eabi_attribute 24, 1
   8              		.eabi_attribute 25, 1
   9              		.eabi_attribute 26, 1
  10              		.eabi_attribute 30, 1
  11              		.eabi_attribute 34, 1
  12              		.eabi_attribute 18, 4
  13              		.file	"main.c"
  14              		.text
  15              	.Ltext0:
  16              		.cfi_sections	.debug_frame
  17              		.section	.text.MX_GPIO_Init,"ax",%progbits
  18              		.align	1
  19              		.syntax unified
  20              		.thumb
  21              		.thumb_func
  23              	MX_GPIO_Init:
  24              	.LFB79:
  25              		.file 1 "Core/Src/main.c"
   1:Core/Src/main.c **** /* USER CODE BEGIN Header */
   2:Core/Src/main.c **** /**
   3:Core/Src/main.c ****   ******************************************************************************
   4:Core/Src/main.c ****   * @file           : main.c
   5:Core/Src/main.c ****   * @brief          : Main program body
   6:Core/Src/main.c ****   ******************************************************************************
   7:Core/Src/main.c ****   * @attention
   8:Core/Src/main.c ****   *
   9:Core/Src/main.c ****   * Copyright (c) 2022 STMicroelectronics.
  10:Core/Src/main.c ****   * All rights reserved.
  11:Core/Src/main.c ****   *
  12:Core/Src/main.c ****   * This software is licensed under terms that can be found in the LICENSE file
  13:Core/Src/main.c ****   * in the root directory of this software component.
  14:Core/Src/main.c ****   * If no LICENSE file comes with this software, it is provided AS-IS.
  15:Core/Src/main.c ****   *
  16:Core/Src/main.c ****   ******************************************************************************
  17:Core/Src/main.c ****   */
  18:Core/Src/main.c **** /* USER CODE END Header */
  19:Core/Src/main.c **** /* Includes ------------------------------------------------------------------*/
  20:Core/Src/main.c **** #include "main.h"
  21:Core/Src/main.c **** #include "cmsis_os.h"
  22:Core/Src/main.c **** 
  23:Core/Src/main.c **** /* Private includes ----------------------------------------------------------*/
  24:Core/Src/main.c **** /* USER CODE BEGIN Includes */
  25:Core/Src/main.c **** #include "CAN.h"
  26:Core/Src/main.c **** #include "BlueSwitchTask.h"
  27:Core/Src/main.c **** #include "GreenSwitchTask.h"
  28:Core/Src/main.c **** /* USER CODE END Includes */
  29:Core/Src/main.c **** 
  30:Core/Src/main.c **** /* Private typedef -----------------------------------------------------------*/
  31:Core/Src/main.c **** /* USER CODE BEGIN PTD */
  32:Core/Src/main.c **** 
  33:Core/Src/main.c **** /* USER CODE END PTD */
ARM GAS  C:\Users\marce\AppData\Local\Temp\ccMPbXay.s 			page 2


  34:Core/Src/main.c **** 
  35:Core/Src/main.c **** /* Private define ------------------------------------------------------------*/
  36:Core/Src/main.c **** /* USER CODE BEGIN PD */
  37:Core/Src/main.c **** #define CAN_INTERRUPT_QUEUE_COUNT 3 // anticipate 2 sudden messages + 1 for extra room
  38:Core/Src/main.c **** /* USER CODE END PD */
  39:Core/Src/main.c **** 
  40:Core/Src/main.c **** /* Private macro -------------------------------------------------------------*/
  41:Core/Src/main.c **** /* USER CODE BEGIN PM */
  42:Core/Src/main.c **** 
  43:Core/Src/main.c **** /* USER CODE END PM */
  44:Core/Src/main.c **** 
  45:Core/Src/main.c **** /* Private variables ---------------------------------------------------------*/
  46:Core/Src/main.c **** SPI_HandleTypeDef hspi1;
  47:Core/Src/main.c **** 
  48:Core/Src/main.c **** /* Definitions for defaultTask */
  49:Core/Src/main.c **** osThreadId_t defaultTaskHandle;
  50:Core/Src/main.c **** const osThreadAttr_t defaultTask_attributes = {
  51:Core/Src/main.c ****   .name = "defaultTask",
  52:Core/Src/main.c ****   .stack_size = 128 * 4,
  53:Core/Src/main.c ****   .priority = (osPriority_t) osPriorityNormal,
  54:Core/Src/main.c **** };
  55:Core/Src/main.c **** /* Definitions for SPIMutex */
  56:Core/Src/main.c **** osMutexId_t SPIMutexHandle;
  57:Core/Src/main.c **** const osMutexAttr_t SPIMutex_attributes = {
  58:Core/Src/main.c ****   .name = "SPIMutex"
  59:Core/Src/main.c **** };
  60:Core/Src/main.c **** /* USER CODE BEGIN PV */
  61:Core/Src/main.c **** osThreadId_t greenSwitchTaskHandle;
  62:Core/Src/main.c **** const osThreadAttr_t greenSwitchTask_attributes = {
  63:Core/Src/main.c ****   .name = "greenSwitchTask",
  64:Core/Src/main.c ****   .stack_size = 128 * 4,
  65:Core/Src/main.c ****   .priority = (osPriority_t) osPriorityNormal,
  66:Core/Src/main.c **** };
  67:Core/Src/main.c **** osThreadId_t blueSwitchTaskHandle;
  68:Core/Src/main.c **** const osThreadAttr_t blueSwitchTask_attributes = {
  69:Core/Src/main.c ****   .name = "blueSwitchTask",
  70:Core/Src/main.c ****   .stack_size = 128 * 4,
  71:Core/Src/main.c ****   .priority = (osPriority_t) osPriorityNormal,
  72:Core/Src/main.c **** };
  73:Core/Src/main.c **** 
  74:Core/Src/main.c **** osMessageQueueId_t CANInterruptQueue;
  75:Core/Src/main.c **** 
  76:Core/Src/main.c **** uint8_t blueStatus = 0;
  77:Core/Src/main.c **** uint8_t greenStatus = 0;
  78:Core/Src/main.c **** /* USER CODE END PV */
  79:Core/Src/main.c **** 
  80:Core/Src/main.c **** /* Private function prototypes -----------------------------------------------*/
  81:Core/Src/main.c **** void SystemClock_Config(void);
  82:Core/Src/main.c **** static void MX_GPIO_Init(void);
  83:Core/Src/main.c **** static void MX_SPI1_Init(void);
  84:Core/Src/main.c **** void StartDefaultTask(void *argument);
  85:Core/Src/main.c **** 
  86:Core/Src/main.c **** /* USER CODE BEGIN PFP */
  87:Core/Src/main.c **** 
  88:Core/Src/main.c **** /* USER CODE END PFP */
  89:Core/Src/main.c **** 
  90:Core/Src/main.c **** /* Private user code ---------------------------------------------------------*/
ARM GAS  C:\Users\marce\AppData\Local\Temp\ccMPbXay.s 			page 3


  91:Core/Src/main.c **** /* USER CODE BEGIN 0 */
  92:Core/Src/main.c **** 
  93:Core/Src/main.c **** /* USER CODE END 0 */
  94:Core/Src/main.c **** 
  95:Core/Src/main.c **** /**
  96:Core/Src/main.c ****   * @brief  The application entry point.
  97:Core/Src/main.c ****   * @retval int
  98:Core/Src/main.c ****   */
  99:Core/Src/main.c **** int main(void)
 100:Core/Src/main.c **** {
 101:Core/Src/main.c ****   /* USER CODE BEGIN 1 */
 102:Core/Src/main.c **** 
 103:Core/Src/main.c ****   /* USER CODE END 1 */
 104:Core/Src/main.c **** 
 105:Core/Src/main.c ****   /* MCU Configuration--------------------------------------------------------*/
 106:Core/Src/main.c **** 
 107:Core/Src/main.c ****   /* Reset of all peripherals, Initializes the Flash interface and the Systick. */
 108:Core/Src/main.c ****   HAL_Init();
 109:Core/Src/main.c **** 
 110:Core/Src/main.c ****   /* USER CODE BEGIN Init */
 111:Core/Src/main.c **** 
 112:Core/Src/main.c ****   /* USER CODE END Init */
 113:Core/Src/main.c **** 
 114:Core/Src/main.c ****   /* Configure the system clock */
 115:Core/Src/main.c ****   SystemClock_Config();
 116:Core/Src/main.c **** 
 117:Core/Src/main.c ****   /* USER CODE BEGIN SysInit */
 118:Core/Src/main.c **** 
 119:Core/Src/main.c ****   /* USER CODE END SysInit */
 120:Core/Src/main.c **** 
 121:Core/Src/main.c ****   /* Initialize all configured peripherals */
 122:Core/Src/main.c ****   MX_GPIO_Init();
 123:Core/Src/main.c ****   MX_SPI1_Init();
 124:Core/Src/main.c ****   /* USER CODE BEGIN 2 */
 125:Core/Src/main.c ****   ConfigureCANSPI();
 126:Core/Src/main.c ****   //HAL_SPI_Receive_IT(&hspi2, buffer, 1);
 127:Core/Src/main.c ****   /* USER CODE END 2 */
 128:Core/Src/main.c **** 
 129:Core/Src/main.c ****   /* Init scheduler */
 130:Core/Src/main.c ****   osKernelInitialize();
 131:Core/Src/main.c ****   /* Create the mutex(es) */
 132:Core/Src/main.c ****   /* creation of SPIMutex */
 133:Core/Src/main.c ****   SPIMutexHandle = osMutexNew(&SPIMutex_attributes);
 134:Core/Src/main.c **** 
 135:Core/Src/main.c ****   /* USER CODE BEGIN RTOS_MUTEX */
 136:Core/Src/main.c ****   /* add mutexes, ... */
 137:Core/Src/main.c ****   /* USER CODE END RTOS_MUTEX */
 138:Core/Src/main.c **** 
 139:Core/Src/main.c ****   /* USER CODE BEGIN RTOS_SEMAPHORES */
 140:Core/Src/main.c ****   /* add semaphores, ... */
 141:Core/Src/main.c ****   /* USER CODE END RTOS_SEMAPHORES */
 142:Core/Src/main.c **** 
 143:Core/Src/main.c ****   /* USER CODE BEGIN RTOS_TIMERS */
 144:Core/Src/main.c ****   /* start timers, add new ones, ... */
 145:Core/Src/main.c ****   /* USER CODE END RTOS_TIMERS */
 146:Core/Src/main.c **** 
 147:Core/Src/main.c ****   /* USER CODE BEGIN RTOS_QUEUES */
ARM GAS  C:\Users\marce\AppData\Local\Temp\ccMPbXay.s 			page 4


 148:Core/Src/main.c ****   CANInterruptQueue = osMessageQueueNew(CAN_INTERRUPT_QUEUE_COUNT, sizeof(uint16_t), NULL);
 149:Core/Src/main.c ****   /* USER CODE END RTOS_QUEUES */
 150:Core/Src/main.c **** 
 151:Core/Src/main.c ****   /* Create the thread(s) */
 152:Core/Src/main.c ****   /* creation of defaultTask */
 153:Core/Src/main.c ****   defaultTaskHandle = osThreadNew(StartDefaultTask, NULL, &defaultTask_attributes);
 154:Core/Src/main.c **** 
 155:Core/Src/main.c ****   /* USER CODE BEGIN RTOS_THREADS */
 156:Core/Src/main.c ****   greenSwitchTaskHandle = osThreadNew((osThreadFunc_t)greenSwitchTask, NULL, &greenSwitchTask_attri
 157:Core/Src/main.c ****   blueSwitchTaskHandle = osThreadNew((osThreadFunc_t)blueSwitchTask, NULL, &greenSwitchTask_attribu
 158:Core/Src/main.c ****   /* USER CODE END RTOS_THREADS */
 159:Core/Src/main.c **** 
 160:Core/Src/main.c ****   /* USER CODE BEGIN RTOS_EVENTS */
 161:Core/Src/main.c ****   /* add events, ... */
 162:Core/Src/main.c ****   /* USER CODE END RTOS_EVENTS */
 163:Core/Src/main.c **** 
 164:Core/Src/main.c ****   /* Start scheduler */
 165:Core/Src/main.c ****   osKernelStart();
 166:Core/Src/main.c **** 
 167:Core/Src/main.c ****   /* We should never get here as control is now taken by the scheduler */
 168:Core/Src/main.c ****   /* Infinite loop */
 169:Core/Src/main.c ****   /* USER CODE BEGIN WHILE */
 170:Core/Src/main.c ****   while (1)
 171:Core/Src/main.c ****   {
 172:Core/Src/main.c ****     /* USER CODE END WHILE */
 173:Core/Src/main.c **** 
 174:Core/Src/main.c ****     /* USER CODE BEGIN 3 */
 175:Core/Src/main.c ****   }
 176:Core/Src/main.c ****   /* USER CODE END 3 */
 177:Core/Src/main.c **** }
 178:Core/Src/main.c **** 
 179:Core/Src/main.c **** /**
 180:Core/Src/main.c ****   * @brief System Clock Configuration
 181:Core/Src/main.c ****   * @retval None
 182:Core/Src/main.c ****   */
 183:Core/Src/main.c **** void SystemClock_Config(void)
 184:Core/Src/main.c **** {
 185:Core/Src/main.c ****   RCC_OscInitTypeDef RCC_OscInitStruct = {0};
 186:Core/Src/main.c ****   RCC_ClkInitTypeDef RCC_ClkInitStruct = {0};
 187:Core/Src/main.c **** 
 188:Core/Src/main.c ****   /** Configure the main internal regulator output voltage
 189:Core/Src/main.c ****   */
 190:Core/Src/main.c ****   __HAL_PWR_VOLTAGESCALING_CONFIG(PWR_REGULATOR_VOLTAGE_SCALE1);
 191:Core/Src/main.c **** 
 192:Core/Src/main.c ****   /** Initializes the RCC Oscillators according to the specified parameters
 193:Core/Src/main.c ****   * in the RCC_OscInitTypeDef structure.
 194:Core/Src/main.c ****   */
 195:Core/Src/main.c ****   RCC_OscInitStruct.OscillatorType = RCC_OSCILLATORTYPE_HSI;
 196:Core/Src/main.c ****   RCC_OscInitStruct.HSIState = RCC_HSI_ON;
 197:Core/Src/main.c ****   RCC_OscInitStruct.HSICalibrationValue = RCC_HSICALIBRATION_DEFAULT;
 198:Core/Src/main.c ****   RCC_OscInitStruct.PLL.PLLState = RCC_PLL_ON;
 199:Core/Src/main.c ****   RCC_OscInitStruct.PLL.PLLSource = RCC_PLLSOURCE_HSI;
 200:Core/Src/main.c ****   RCC_OscInitStruct.PLL.PLLMUL = RCC_PLL_MUL4;
 201:Core/Src/main.c ****   RCC_OscInitStruct.PLL.PLLDIV = RCC_PLL_DIV2;
 202:Core/Src/main.c ****   if (HAL_RCC_OscConfig(&RCC_OscInitStruct) != HAL_OK)
 203:Core/Src/main.c ****   {
 204:Core/Src/main.c ****     Error_Handler();
ARM GAS  C:\Users\marce\AppData\Local\Temp\ccMPbXay.s 			page 5


 205:Core/Src/main.c ****   }
 206:Core/Src/main.c **** 
 207:Core/Src/main.c ****   /** Initializes the CPU, AHB and APB buses clocks
 208:Core/Src/main.c ****   */
 209:Core/Src/main.c ****   RCC_ClkInitStruct.ClockType = RCC_CLOCKTYPE_HCLK|RCC_CLOCKTYPE_SYSCLK
 210:Core/Src/main.c ****                               |RCC_CLOCKTYPE_PCLK1|RCC_CLOCKTYPE_PCLK2;
 211:Core/Src/main.c ****   RCC_ClkInitStruct.SYSCLKSource = RCC_SYSCLKSOURCE_PLLCLK;
 212:Core/Src/main.c ****   RCC_ClkInitStruct.AHBCLKDivider = RCC_SYSCLK_DIV1;
 213:Core/Src/main.c ****   RCC_ClkInitStruct.APB1CLKDivider = RCC_HCLK_DIV1;
 214:Core/Src/main.c ****   RCC_ClkInitStruct.APB2CLKDivider = RCC_HCLK_DIV1;
 215:Core/Src/main.c **** 
 216:Core/Src/main.c ****   if (HAL_RCC_ClockConfig(&RCC_ClkInitStruct, FLASH_LATENCY_1) != HAL_OK)
 217:Core/Src/main.c ****   {
 218:Core/Src/main.c ****     Error_Handler();
 219:Core/Src/main.c ****   }
 220:Core/Src/main.c **** }
 221:Core/Src/main.c **** 
 222:Core/Src/main.c **** /**
 223:Core/Src/main.c ****   * @brief SPI1 Initialization Function
 224:Core/Src/main.c ****   * @param None
 225:Core/Src/main.c ****   * @retval None
 226:Core/Src/main.c ****   */
 227:Core/Src/main.c **** static void MX_SPI1_Init(void)
 228:Core/Src/main.c **** {
 229:Core/Src/main.c **** 
 230:Core/Src/main.c ****   /* USER CODE BEGIN SPI1_Init 0 */
 231:Core/Src/main.c **** 
 232:Core/Src/main.c ****   /* USER CODE END SPI1_Init 0 */
 233:Core/Src/main.c **** 
 234:Core/Src/main.c ****   /* USER CODE BEGIN SPI1_Init 1 */
 235:Core/Src/main.c **** 
 236:Core/Src/main.c ****   /* USER CODE END SPI1_Init 1 */
 237:Core/Src/main.c ****   /* SPI1 parameter configuration*/
 238:Core/Src/main.c ****   hspi1.Instance = SPI1;
 239:Core/Src/main.c ****   hspi1.Init.Mode = SPI_MODE_MASTER;
 240:Core/Src/main.c ****   hspi1.Init.Direction = SPI_DIRECTION_2LINES;
 241:Core/Src/main.c ****   hspi1.Init.DataSize = SPI_DATASIZE_8BIT;
 242:Core/Src/main.c ****   hspi1.Init.CLKPolarity = SPI_POLARITY_HIGH;
 243:Core/Src/main.c ****   hspi1.Init.CLKPhase = SPI_PHASE_2EDGE;
 244:Core/Src/main.c ****   hspi1.Init.NSS = SPI_NSS_SOFT;
 245:Core/Src/main.c ****   hspi1.Init.BaudRatePrescaler = SPI_BAUDRATEPRESCALER_16;
 246:Core/Src/main.c ****   hspi1.Init.FirstBit = SPI_FIRSTBIT_MSB;
 247:Core/Src/main.c ****   hspi1.Init.TIMode = SPI_TIMODE_DISABLE;
 248:Core/Src/main.c ****   hspi1.Init.CRCCalculation = SPI_CRCCALCULATION_DISABLE;
 249:Core/Src/main.c ****   hspi1.Init.CRCPolynomial = 10;
 250:Core/Src/main.c ****   if (HAL_SPI_Init(&hspi1) != HAL_OK)
 251:Core/Src/main.c ****   {
 252:Core/Src/main.c ****     Error_Handler();
 253:Core/Src/main.c ****   }
 254:Core/Src/main.c ****   /* USER CODE BEGIN SPI1_Init 2 */
 255:Core/Src/main.c **** 
 256:Core/Src/main.c ****   /* USER CODE END SPI1_Init 2 */
 257:Core/Src/main.c **** 
 258:Core/Src/main.c **** }
 259:Core/Src/main.c **** 
 260:Core/Src/main.c **** /**
 261:Core/Src/main.c ****   * @brief GPIO Initialization Function
ARM GAS  C:\Users\marce\AppData\Local\Temp\ccMPbXay.s 			page 6


 262:Core/Src/main.c ****   * @param None
 263:Core/Src/main.c ****   * @retval None
 264:Core/Src/main.c ****   */
 265:Core/Src/main.c **** static void MX_GPIO_Init(void)
 266:Core/Src/main.c **** {
  26              		.loc 1 266 1 view -0
  27              		.cfi_startproc
  28              		@ args = 0, pretend = 0, frame = 32
  29              		@ frame_needed = 0, uses_anonymous_args = 0
  30 0000 2DE9F041 		push	{r4, r5, r6, r7, r8, lr}
  31              	.LCFI0:
  32              		.cfi_def_cfa_offset 24
  33              		.cfi_offset 4, -24
  34              		.cfi_offset 5, -20
  35              		.cfi_offset 6, -16
  36              		.cfi_offset 7, -12
  37              		.cfi_offset 8, -8
  38              		.cfi_offset 14, -4
  39 0004 88B0     		sub	sp, sp, #32
  40              	.LCFI1:
  41              		.cfi_def_cfa_offset 56
 267:Core/Src/main.c ****   GPIO_InitTypeDef GPIO_InitStruct = {0};
  42              		.loc 1 267 3 view .LVU1
  43              		.loc 1 267 20 is_stmt 0 view .LVU2
  44 0006 0024     		movs	r4, #0
  45 0008 0394     		str	r4, [sp, #12]
  46 000a 0494     		str	r4, [sp, #16]
  47 000c 0594     		str	r4, [sp, #20]
  48 000e 0694     		str	r4, [sp, #24]
  49 0010 0794     		str	r4, [sp, #28]
 268:Core/Src/main.c **** 
 269:Core/Src/main.c ****   /* GPIO Ports Clock Enable */
 270:Core/Src/main.c ****   __HAL_RCC_GPIOA_CLK_ENABLE();
  50              		.loc 1 270 3 is_stmt 1 view .LVU3
  51              	.LBB4:
  52              		.loc 1 270 3 view .LVU4
  53              		.loc 1 270 3 view .LVU5
  54 0012 3E4B     		ldr	r3, .L3
  55 0014 DA69     		ldr	r2, [r3, #28]
  56 0016 42F00102 		orr	r2, r2, #1
  57 001a DA61     		str	r2, [r3, #28]
  58              		.loc 1 270 3 view .LVU6
  59 001c DA69     		ldr	r2, [r3, #28]
  60 001e 02F00102 		and	r2, r2, #1
  61 0022 0092     		str	r2, [sp]
  62              		.loc 1 270 3 view .LVU7
  63 0024 009A     		ldr	r2, [sp]
  64              	.LBE4:
  65              		.loc 1 270 3 view .LVU8
 271:Core/Src/main.c ****   __HAL_RCC_GPIOC_CLK_ENABLE();
  66              		.loc 1 271 3 view .LVU9
  67              	.LBB5:
  68              		.loc 1 271 3 view .LVU10
  69              		.loc 1 271 3 view .LVU11
  70 0026 DA69     		ldr	r2, [r3, #28]
  71 0028 42F00402 		orr	r2, r2, #4
  72 002c DA61     		str	r2, [r3, #28]
ARM GAS  C:\Users\marce\AppData\Local\Temp\ccMPbXay.s 			page 7


  73              		.loc 1 271 3 view .LVU12
  74 002e DA69     		ldr	r2, [r3, #28]
  75 0030 02F00402 		and	r2, r2, #4
  76 0034 0192     		str	r2, [sp, #4]
  77              		.loc 1 271 3 view .LVU13
  78 0036 019A     		ldr	r2, [sp, #4]
  79              	.LBE5:
  80              		.loc 1 271 3 view .LVU14
 272:Core/Src/main.c ****   __HAL_RCC_GPIOB_CLK_ENABLE();
  81              		.loc 1 272 3 view .LVU15
  82              	.LBB6:
  83              		.loc 1 272 3 view .LVU16
  84              		.loc 1 272 3 view .LVU17
  85 0038 DA69     		ldr	r2, [r3, #28]
  86 003a 42F00202 		orr	r2, r2, #2
  87 003e DA61     		str	r2, [r3, #28]
  88              		.loc 1 272 3 view .LVU18
  89 0040 DB69     		ldr	r3, [r3, #28]
  90 0042 03F00203 		and	r3, r3, #2
  91 0046 0293     		str	r3, [sp, #8]
  92              		.loc 1 272 3 view .LVU19
  93 0048 029B     		ldr	r3, [sp, #8]
  94              	.LBE6:
  95              		.loc 1 272 3 view .LVU20
 273:Core/Src/main.c **** 
 274:Core/Src/main.c ****   /*Configure GPIO pin Output Level */
 275:Core/Src/main.c ****   HAL_GPIO_WritePin(SPI1_CS_GPIO_Port, SPI1_CS_Pin, GPIO_PIN_SET);
  96              		.loc 1 275 3 view .LVU21
  97 004a DFF8C480 		ldr	r8, .L3+4
  98 004e 0122     		movs	r2, #1
  99 0050 1021     		movs	r1, #16
 100 0052 4046     		mov	r0, r8
 101 0054 FFF7FEFF 		bl	HAL_GPIO_WritePin
 102              	.LVL0:
 276:Core/Src/main.c **** 
 277:Core/Src/main.c ****   /*Configure GPIO pin Output Level */
 278:Core/Src/main.c ****   HAL_GPIO_WritePin(GND_GPIO_Port, GND_Pin, GPIO_PIN_RESET);
 103              		.loc 1 278 3 view .LVU22
 104 0058 2E4F     		ldr	r7, .L3+8
 105 005a 2246     		mov	r2, r4
 106 005c 4FF48051 		mov	r1, #4096
 107 0060 3846     		mov	r0, r7
 108 0062 FFF7FEFF 		bl	HAL_GPIO_WritePin
 109              	.LVL1:
 279:Core/Src/main.c **** 
 280:Core/Src/main.c ****   /*Configure GPIO pin Output Level */
 281:Core/Src/main.c ****   HAL_GPIO_WritePin(VDD_GPIO_Port, VDD_Pin, GPIO_PIN_SET);
 110              		.loc 1 281 3 view .LVU23
 111 0066 0122     		movs	r2, #1
 112 0068 4FF40051 		mov	r1, #8192
 113 006c 3846     		mov	r0, r7
 114 006e FFF7FEFF 		bl	HAL_GPIO_WritePin
 115              	.LVL2:
 282:Core/Src/main.c **** 
 283:Core/Src/main.c ****   /*Configure GPIO pin Output Level */
 284:Core/Src/main.c ****   HAL_GPIO_WritePin(GPIOC, LED_BLUE_Pin|LED_GREEN_Pin|LED_RED_Pin, GPIO_PIN_RESET);
 116              		.loc 1 284 3 view .LVU24
ARM GAS  C:\Users\marce\AppData\Local\Temp\ccMPbXay.s 			page 8


 117 0072 294D     		ldr	r5, .L3+12
 118 0074 2246     		mov	r2, r4
 119 0076 4FF4E051 		mov	r1, #7168
 120 007a 2846     		mov	r0, r5
 121 007c FFF7FEFF 		bl	HAL_GPIO_WritePin
 122              	.LVL3:
 285:Core/Src/main.c **** 
 286:Core/Src/main.c ****   /*Configure GPIO pin : SPI1_CS_Pin */
 287:Core/Src/main.c ****   GPIO_InitStruct.Pin = SPI1_CS_Pin;
 123              		.loc 1 287 3 view .LVU25
 124              		.loc 1 287 23 is_stmt 0 view .LVU26
 125 0080 1023     		movs	r3, #16
 126 0082 0393     		str	r3, [sp, #12]
 288:Core/Src/main.c ****   GPIO_InitStruct.Mode = GPIO_MODE_OUTPUT_PP;
 127              		.loc 1 288 3 is_stmt 1 view .LVU27
 128              		.loc 1 288 24 is_stmt 0 view .LVU28
 129 0084 0126     		movs	r6, #1
 130 0086 0496     		str	r6, [sp, #16]
 289:Core/Src/main.c ****   GPIO_InitStruct.Pull = GPIO_NOPULL;
 131              		.loc 1 289 3 is_stmt 1 view .LVU29
 132              		.loc 1 289 24 is_stmt 0 view .LVU30
 133 0088 0594     		str	r4, [sp, #20]
 290:Core/Src/main.c ****   GPIO_InitStruct.Speed = GPIO_SPEED_FREQ_LOW;
 134              		.loc 1 290 3 is_stmt 1 view .LVU31
 135              		.loc 1 290 25 is_stmt 0 view .LVU32
 136 008a 0694     		str	r4, [sp, #24]
 291:Core/Src/main.c ****   HAL_GPIO_Init(SPI1_CS_GPIO_Port, &GPIO_InitStruct);
 137              		.loc 1 291 3 is_stmt 1 view .LVU33
 138 008c 03A9     		add	r1, sp, #12
 139 008e 4046     		mov	r0, r8
 140 0090 FFF7FEFF 		bl	HAL_GPIO_Init
 141              	.LVL4:
 292:Core/Src/main.c **** 
 293:Core/Src/main.c ****   /*Configure GPIO pins : CANINT_Pin CAN_RX0BF_Pin */
 294:Core/Src/main.c ****   GPIO_InitStruct.Pin = CANINT_Pin|CAN_RX0BF_Pin;
 142              		.loc 1 294 3 view .LVU34
 143              		.loc 1 294 23 is_stmt 0 view .LVU35
 144 0094 3023     		movs	r3, #48
 145 0096 0393     		str	r3, [sp, #12]
 295:Core/Src/main.c ****   GPIO_InitStruct.Mode = GPIO_MODE_IT_FALLING;
 146              		.loc 1 295 3 is_stmt 1 view .LVU36
 147              		.loc 1 295 24 is_stmt 0 view .LVU37
 148 0098 4FF40418 		mov	r8, #2162688
 149 009c CDF81080 		str	r8, [sp, #16]
 296:Core/Src/main.c ****   GPIO_InitStruct.Pull = GPIO_NOPULL;
 150              		.loc 1 296 3 is_stmt 1 view .LVU38
 151              		.loc 1 296 24 is_stmt 0 view .LVU39
 152 00a0 0594     		str	r4, [sp, #20]
 297:Core/Src/main.c ****   HAL_GPIO_Init(GPIOC, &GPIO_InitStruct);
 153              		.loc 1 297 3 is_stmt 1 view .LVU40
 154 00a2 03A9     		add	r1, sp, #12
 155 00a4 2846     		mov	r0, r5
 156 00a6 FFF7FEFF 		bl	HAL_GPIO_Init
 157              	.LVL5:
 298:Core/Src/main.c **** 
 299:Core/Src/main.c ****   /*Configure GPIO pin : CAN_RX1BF_Pin */
 300:Core/Src/main.c ****   GPIO_InitStruct.Pin = CAN_RX1BF_Pin;
ARM GAS  C:\Users\marce\AppData\Local\Temp\ccMPbXay.s 			page 9


 158              		.loc 1 300 3 view .LVU41
 159              		.loc 1 300 23 is_stmt 0 view .LVU42
 160 00aa 0396     		str	r6, [sp, #12]
 301:Core/Src/main.c ****   GPIO_InitStruct.Mode = GPIO_MODE_IT_FALLING;
 161              		.loc 1 301 3 is_stmt 1 view .LVU43
 162              		.loc 1 301 24 is_stmt 0 view .LVU44
 163 00ac CDF81080 		str	r8, [sp, #16]
 302:Core/Src/main.c ****   GPIO_InitStruct.Pull = GPIO_NOPULL;
 164              		.loc 1 302 3 is_stmt 1 view .LVU45
 165              		.loc 1 302 24 is_stmt 0 view .LVU46
 166 00b0 0594     		str	r4, [sp, #20]
 303:Core/Src/main.c ****   HAL_GPIO_Init(CAN_RX1BF_GPIO_Port, &GPIO_InitStruct);
 167              		.loc 1 303 3 is_stmt 1 view .LVU47
 168 00b2 03A9     		add	r1, sp, #12
 169 00b4 3846     		mov	r0, r7
 170 00b6 FFF7FEFF 		bl	HAL_GPIO_Init
 171              	.LVL6:
 304:Core/Src/main.c **** 
 305:Core/Src/main.c ****   /*Configure GPIO pins : GND_Pin VDD_Pin */
 306:Core/Src/main.c ****   GPIO_InitStruct.Pin = GND_Pin|VDD_Pin;
 172              		.loc 1 306 3 view .LVU48
 173              		.loc 1 306 23 is_stmt 0 view .LVU49
 174 00ba 4FF44053 		mov	r3, #12288
 175 00be 0393     		str	r3, [sp, #12]
 307:Core/Src/main.c ****   GPIO_InitStruct.Mode = GPIO_MODE_OUTPUT_PP;
 176              		.loc 1 307 3 is_stmt 1 view .LVU50
 177              		.loc 1 307 24 is_stmt 0 view .LVU51
 178 00c0 0496     		str	r6, [sp, #16]
 308:Core/Src/main.c ****   GPIO_InitStruct.Pull = GPIO_NOPULL;
 179              		.loc 1 308 3 is_stmt 1 view .LVU52
 180              		.loc 1 308 24 is_stmt 0 view .LVU53
 181 00c2 0594     		str	r4, [sp, #20]
 309:Core/Src/main.c ****   GPIO_InitStruct.Speed = GPIO_SPEED_FREQ_LOW;
 182              		.loc 1 309 3 is_stmt 1 view .LVU54
 183              		.loc 1 309 25 is_stmt 0 view .LVU55
 184 00c4 0694     		str	r4, [sp, #24]
 310:Core/Src/main.c ****   HAL_GPIO_Init(GPIOB, &GPIO_InitStruct);
 185              		.loc 1 310 3 is_stmt 1 view .LVU56
 186 00c6 03A9     		add	r1, sp, #12
 187 00c8 3846     		mov	r0, r7
 188 00ca FFF7FEFF 		bl	HAL_GPIO_Init
 189              	.LVL7:
 311:Core/Src/main.c **** 
 312:Core/Src/main.c ****   /*Configure GPIO pins : BLUE_SWITCH_Pin GREEN_SWITCH_Pin */
 313:Core/Src/main.c ****   GPIO_InitStruct.Pin = BLUE_SWITCH_Pin|GREEN_SWITCH_Pin;
 190              		.loc 1 313 3 view .LVU57
 191              		.loc 1 313 23 is_stmt 0 view .LVU58
 192 00ce 4FF44073 		mov	r3, #768
 193 00d2 0393     		str	r3, [sp, #12]
 314:Core/Src/main.c ****   GPIO_InitStruct.Mode = GPIO_MODE_INPUT;
 194              		.loc 1 314 3 is_stmt 1 view .LVU59
 195              		.loc 1 314 24 is_stmt 0 view .LVU60
 196 00d4 0494     		str	r4, [sp, #16]
 315:Core/Src/main.c ****   GPIO_InitStruct.Pull = GPIO_NOPULL;
 197              		.loc 1 315 3 is_stmt 1 view .LVU61
 198              		.loc 1 315 24 is_stmt 0 view .LVU62
 199 00d6 0594     		str	r4, [sp, #20]
ARM GAS  C:\Users\marce\AppData\Local\Temp\ccMPbXay.s 			page 10


 316:Core/Src/main.c ****   HAL_GPIO_Init(GPIOC, &GPIO_InitStruct);
 200              		.loc 1 316 3 is_stmt 1 view .LVU63
 201 00d8 03A9     		add	r1, sp, #12
 202 00da 2846     		mov	r0, r5
 203 00dc FFF7FEFF 		bl	HAL_GPIO_Init
 204              	.LVL8:
 317:Core/Src/main.c **** 
 318:Core/Src/main.c ****   /*Configure GPIO pins : LED_BLUE_Pin LED_GREEN_Pin LED_RED_Pin */
 319:Core/Src/main.c ****   GPIO_InitStruct.Pin = LED_BLUE_Pin|LED_GREEN_Pin|LED_RED_Pin;
 205              		.loc 1 319 3 view .LVU64
 206              		.loc 1 319 23 is_stmt 0 view .LVU65
 207 00e0 4FF4E053 		mov	r3, #7168
 208 00e4 0393     		str	r3, [sp, #12]
 320:Core/Src/main.c ****   GPIO_InitStruct.Mode = GPIO_MODE_OUTPUT_PP;
 209              		.loc 1 320 3 is_stmt 1 view .LVU66
 210              		.loc 1 320 24 is_stmt 0 view .LVU67
 211 00e6 0496     		str	r6, [sp, #16]
 321:Core/Src/main.c ****   GPIO_InitStruct.Pull = GPIO_NOPULL;
 212              		.loc 1 321 3 is_stmt 1 view .LVU68
 213              		.loc 1 321 24 is_stmt 0 view .LVU69
 214 00e8 0594     		str	r4, [sp, #20]
 322:Core/Src/main.c ****   GPIO_InitStruct.Speed = GPIO_SPEED_FREQ_LOW;
 215              		.loc 1 322 3 is_stmt 1 view .LVU70
 216              		.loc 1 322 25 is_stmt 0 view .LVU71
 217 00ea 0694     		str	r4, [sp, #24]
 323:Core/Src/main.c ****   HAL_GPIO_Init(GPIOC, &GPIO_InitStruct);
 218              		.loc 1 323 3 is_stmt 1 view .LVU72
 219 00ec 03A9     		add	r1, sp, #12
 220 00ee 2846     		mov	r0, r5
 221 00f0 FFF7FEFF 		bl	HAL_GPIO_Init
 222              	.LVL9:
 324:Core/Src/main.c **** 
 325:Core/Src/main.c ****   /* EXTI interrupt init*/
 326:Core/Src/main.c ****   HAL_NVIC_SetPriority(EXTI9_5_IRQn, 5, 0);
 223              		.loc 1 326 3 view .LVU73
 224 00f4 2246     		mov	r2, r4
 225 00f6 0521     		movs	r1, #5
 226 00f8 1720     		movs	r0, #23
 227 00fa FFF7FEFF 		bl	HAL_NVIC_SetPriority
 228              	.LVL10:
 327:Core/Src/main.c ****   HAL_NVIC_EnableIRQ(EXTI9_5_IRQn);
 229              		.loc 1 327 3 view .LVU74
 230 00fe 1720     		movs	r0, #23
 231 0100 FFF7FEFF 		bl	HAL_NVIC_EnableIRQ
 232              	.LVL11:
 328:Core/Src/main.c **** 
 329:Core/Src/main.c **** }
 233              		.loc 1 329 1 is_stmt 0 view .LVU75
 234 0104 08B0     		add	sp, sp, #32
 235              	.LCFI2:
 236              		.cfi_def_cfa_offset 24
 237              		@ sp needed
 238 0106 BDE8F081 		pop	{r4, r5, r6, r7, r8, pc}
 239              	.L4:
 240 010a 00BF     		.align	2
 241              	.L3:
 242 010c 00380240 		.word	1073887232
ARM GAS  C:\Users\marce\AppData\Local\Temp\ccMPbXay.s 			page 11


 243 0110 00000240 		.word	1073872896
 244 0114 00040240 		.word	1073873920
 245 0118 00080240 		.word	1073874944
 246              		.cfi_endproc
 247              	.LFE79:
 249              		.section	.text.StartDefaultTask,"ax",%progbits
 250              		.align	1
 251              		.global	StartDefaultTask
 252              		.syntax unified
 253              		.thumb
 254              		.thumb_func
 256              	StartDefaultTask:
 257              	.LFB81:
 330:Core/Src/main.c **** 
 331:Core/Src/main.c **** /* USER CODE BEGIN 4 */
 332:Core/Src/main.c **** 
 333:Core/Src/main.c **** void HAL_GPIO_EXTI_Callback(uint16_t GPIO_Pin)
 334:Core/Src/main.c **** {
 335:Core/Src/main.c **** 	osMessageQueuePut(CANInterruptQueue, &GPIO_Pin, 0, TASK_QUEUE_TIMEOUT);
 336:Core/Src/main.c **** }
 337:Core/Src/main.c **** /* USER CODE END 4 */
 338:Core/Src/main.c **** 
 339:Core/Src/main.c **** /* USER CODE BEGIN Header_StartDefaultTask */
 340:Core/Src/main.c **** /**
 341:Core/Src/main.c ****   * @brief  Function implementing the defaultTask thread.
 342:Core/Src/main.c ****   * @param  argument: Not used
 343:Core/Src/main.c ****   * @retval None
 344:Core/Src/main.c ****   */
 345:Core/Src/main.c **** /* USER CODE END Header_StartDefaultTask */
 346:Core/Src/main.c **** void StartDefaultTask(void *argument)
 347:Core/Src/main.c **** {
 258              		.loc 1 347 1 is_stmt 1 view -0
 259              		.cfi_startproc
 260              		@ Volatile: function does not return.
 261              		@ args = 0, pretend = 0, frame = 0
 262              		@ frame_needed = 0, uses_anonymous_args = 0
 263              	.LVL12:
 264              		.loc 1 347 1 is_stmt 0 view .LVU77
 265 0000 08B5     		push	{r3, lr}
 266              	.LCFI3:
 267              		.cfi_def_cfa_offset 8
 268              		.cfi_offset 3, -8
 269              		.cfi_offset 14, -4
 270              	.LVL13:
 271              	.L6:
 348:Core/Src/main.c ****   /* USER CODE BEGIN 5 */
 349:Core/Src/main.c **** 	/*uint64_t ID = 0x1;
 350:Core/Src/main.c **** 	uint8_t DLC = 1;
 351:Core/Src/main.c **** 	uint8_t interrupt = 1;
 352:Core/Src/main.c **** 	uint8_t buffer[8] = {0};
 353:Core/Src/main.c **** 	uint8_t data[1] = {0x0}; */
 354:Core/Src/main.c ****   /* Infinite loop */
 355:Core/Src/main.c ****   for(;;)
 272              		.loc 1 355 3 is_stmt 1 discriminator 1 view .LVU78
 356:Core/Src/main.c ****   {
 357:Core/Src/main.c **** 	  osDelay(10);
 273              		.loc 1 357 4 discriminator 1 view .LVU79
ARM GAS  C:\Users\marce\AppData\Local\Temp\ccMPbXay.s 			page 12


 274 0002 0A20     		movs	r0, #10
 275 0004 FFF7FEFF 		bl	osDelay
 276              	.LVL14:
 358:Core/Src/main.c **** 	  CAN_IC_WRITE_REGISTER(0x2c, 0x00); //clear interrupts
 277              		.loc 1 358 4 discriminator 1 view .LVU80
 278 0008 0021     		movs	r1, #0
 279 000a 2C20     		movs	r0, #44
 280 000c FFF7FEFF 		bl	CAN_IC_WRITE_REGISTER
 281              	.LVL15:
 355:Core/Src/main.c ****   {
 282              		.loc 1 355 8 discriminator 1 view .LVU81
 283 0010 F7E7     		b	.L6
 284              		.cfi_endproc
 285              	.LFE81:
 287              		.section	.text.HAL_GPIO_EXTI_Callback,"ax",%progbits
 288              		.align	1
 289              		.global	HAL_GPIO_EXTI_Callback
 290              		.syntax unified
 291              		.thumb
 292              		.thumb_func
 294              	HAL_GPIO_EXTI_Callback:
 295              	.LVL16:
 296              	.LFB80:
 334:Core/Src/main.c **** 	osMessageQueuePut(CANInterruptQueue, &GPIO_Pin, 0, TASK_QUEUE_TIMEOUT);
 297              		.loc 1 334 1 view -0
 298              		.cfi_startproc
 299              		@ args = 0, pretend = 0, frame = 8
 300              		@ frame_needed = 0, uses_anonymous_args = 0
 334:Core/Src/main.c **** 	osMessageQueuePut(CANInterruptQueue, &GPIO_Pin, 0, TASK_QUEUE_TIMEOUT);
 301              		.loc 1 334 1 is_stmt 0 view .LVU83
 302 0000 00B5     		push	{lr}
 303              	.LCFI4:
 304              		.cfi_def_cfa_offset 4
 305              		.cfi_offset 14, -4
 306 0002 83B0     		sub	sp, sp, #12
 307              	.LCFI5:
 308              		.cfi_def_cfa_offset 16
 309 0004 ADF80600 		strh	r0, [sp, #6]	@ movhi
 335:Core/Src/main.c **** }
 310              		.loc 1 335 2 is_stmt 1 view .LVU84
 311 0008 0023     		movs	r3, #0
 312 000a 1A46     		mov	r2, r3
 313 000c 0DF10601 		add	r1, sp, #6
 314 0010 0348     		ldr	r0, .L10
 315              	.LVL17:
 335:Core/Src/main.c **** }
 316              		.loc 1 335 2 is_stmt 0 view .LVU85
 317 0012 0068     		ldr	r0, [r0]
 318 0014 FFF7FEFF 		bl	osMessageQueuePut
 319              	.LVL18:
 336:Core/Src/main.c **** /* USER CODE END 4 */
 320              		.loc 1 336 1 view .LVU86
 321 0018 03B0     		add	sp, sp, #12
 322              	.LCFI6:
 323              		.cfi_def_cfa_offset 4
 324              		@ sp needed
 325 001a 5DF804FB 		ldr	pc, [sp], #4
ARM GAS  C:\Users\marce\AppData\Local\Temp\ccMPbXay.s 			page 13


 326              	.L11:
 327 001e 00BF     		.align	2
 328              	.L10:
 329 0020 00000000 		.word	.LANCHOR0
 330              		.cfi_endproc
 331              	.LFE80:
 333              		.section	.text.HAL_TIM_PeriodElapsedCallback,"ax",%progbits
 334              		.align	1
 335              		.global	HAL_TIM_PeriodElapsedCallback
 336              		.syntax unified
 337              		.thumb
 338              		.thumb_func
 340              	HAL_TIM_PeriodElapsedCallback:
 341              	.LVL19:
 342              	.LFB82:
 359:Core/Src/main.c ****   }
 360:Core/Src/main.c ****   /* USER CODE END 5 */
 361:Core/Src/main.c **** }
 362:Core/Src/main.c **** 
 363:Core/Src/main.c **** /**
 364:Core/Src/main.c ****   * @brief  Period elapsed callback in non blocking mode
 365:Core/Src/main.c ****   * @note   This function is called  when TIM2 interrupt took place, inside
 366:Core/Src/main.c ****   * HAL_TIM_IRQHandler(). It makes a direct call to HAL_IncTick() to increment
 367:Core/Src/main.c ****   * a global variable "uwTick" used as application time base.
 368:Core/Src/main.c ****   * @param  htim : TIM handle
 369:Core/Src/main.c ****   * @retval None
 370:Core/Src/main.c ****   */
 371:Core/Src/main.c **** void HAL_TIM_PeriodElapsedCallback(TIM_HandleTypeDef *htim)
 372:Core/Src/main.c **** {
 343              		.loc 1 372 1 is_stmt 1 view -0
 344              		.cfi_startproc
 345              		@ args = 0, pretend = 0, frame = 0
 346              		@ frame_needed = 0, uses_anonymous_args = 0
 347              		.loc 1 372 1 is_stmt 0 view .LVU88
 348 0000 08B5     		push	{r3, lr}
 349              	.LCFI7:
 350              		.cfi_def_cfa_offset 8
 351              		.cfi_offset 3, -8
 352              		.cfi_offset 14, -4
 373:Core/Src/main.c ****   /* USER CODE BEGIN Callback 0 */
 374:Core/Src/main.c **** 
 375:Core/Src/main.c ****   /* USER CODE END Callback 0 */
 376:Core/Src/main.c ****   if (htim->Instance == TIM2) {
 353              		.loc 1 376 3 is_stmt 1 view .LVU89
 354              		.loc 1 376 11 is_stmt 0 view .LVU90
 355 0002 0368     		ldr	r3, [r0]
 356              		.loc 1 376 6 view .LVU91
 357 0004 B3F1804F 		cmp	r3, #1073741824
 358 0008 00D0     		beq	.L15
 359              	.LVL20:
 360              	.L12:
 377:Core/Src/main.c ****     HAL_IncTick();
 378:Core/Src/main.c ****   }
 379:Core/Src/main.c ****   /* USER CODE BEGIN Callback 1 */
 380:Core/Src/main.c **** 
 381:Core/Src/main.c ****   /* USER CODE END Callback 1 */
 382:Core/Src/main.c **** }
ARM GAS  C:\Users\marce\AppData\Local\Temp\ccMPbXay.s 			page 14


 361              		.loc 1 382 1 view .LVU92
 362 000a 08BD     		pop	{r3, pc}
 363              	.LVL21:
 364              	.L15:
 377:Core/Src/main.c ****     HAL_IncTick();
 365              		.loc 1 377 5 is_stmt 1 view .LVU93
 366 000c FFF7FEFF 		bl	HAL_IncTick
 367              	.LVL22:
 368              		.loc 1 382 1 is_stmt 0 view .LVU94
 369 0010 FBE7     		b	.L12
 370              		.cfi_endproc
 371              	.LFE82:
 373              		.section	.text.Error_Handler,"ax",%progbits
 374              		.align	1
 375              		.global	Error_Handler
 376              		.syntax unified
 377              		.thumb
 378              		.thumb_func
 380              	Error_Handler:
 381              	.LFB83:
 383:Core/Src/main.c **** 
 384:Core/Src/main.c **** /**
 385:Core/Src/main.c ****   * @brief  This function is executed in case of error occurrence.
 386:Core/Src/main.c ****   * @retval None
 387:Core/Src/main.c ****   */
 388:Core/Src/main.c **** void Error_Handler(void)
 389:Core/Src/main.c **** {
 382              		.loc 1 389 1 is_stmt 1 view -0
 383              		.cfi_startproc
 384              		@ Volatile: function does not return.
 385              		@ args = 0, pretend = 0, frame = 0
 386              		@ frame_needed = 0, uses_anonymous_args = 0
 387              		@ link register save eliminated.
 390:Core/Src/main.c ****   /* USER CODE BEGIN Error_Handler_Debug */
 391:Core/Src/main.c ****   /* User can add his own implementation to report the HAL error return state */
 392:Core/Src/main.c ****   __disable_irq();
 388              		.loc 1 392 3 view .LVU96
 389              	.LBB7:
 390              	.LBI7:
 391              		.file 2 "Drivers/CMSIS/Include/cmsis_gcc.h"
   1:Drivers/CMSIS/Include/cmsis_gcc.h **** /**************************************************************************//**
   2:Drivers/CMSIS/Include/cmsis_gcc.h ****  * @file     cmsis_gcc.h
   3:Drivers/CMSIS/Include/cmsis_gcc.h ****  * @brief    CMSIS compiler GCC header file
   4:Drivers/CMSIS/Include/cmsis_gcc.h ****  * @version  V5.0.4
   5:Drivers/CMSIS/Include/cmsis_gcc.h ****  * @date     09. April 2018
   6:Drivers/CMSIS/Include/cmsis_gcc.h ****  ******************************************************************************/
   7:Drivers/CMSIS/Include/cmsis_gcc.h **** /*
   8:Drivers/CMSIS/Include/cmsis_gcc.h ****  * Copyright (c) 2009-2018 Arm Limited. All rights reserved.
   9:Drivers/CMSIS/Include/cmsis_gcc.h ****  *
  10:Drivers/CMSIS/Include/cmsis_gcc.h ****  * SPDX-License-Identifier: Apache-2.0
  11:Drivers/CMSIS/Include/cmsis_gcc.h ****  *
  12:Drivers/CMSIS/Include/cmsis_gcc.h ****  * Licensed under the Apache License, Version 2.0 (the License); you may
  13:Drivers/CMSIS/Include/cmsis_gcc.h ****  * not use this file except in compliance with the License.
  14:Drivers/CMSIS/Include/cmsis_gcc.h ****  * You may obtain a copy of the License at
  15:Drivers/CMSIS/Include/cmsis_gcc.h ****  *
  16:Drivers/CMSIS/Include/cmsis_gcc.h ****  * www.apache.org/licenses/LICENSE-2.0
  17:Drivers/CMSIS/Include/cmsis_gcc.h ****  *
ARM GAS  C:\Users\marce\AppData\Local\Temp\ccMPbXay.s 			page 15


  18:Drivers/CMSIS/Include/cmsis_gcc.h ****  * Unless required by applicable law or agreed to in writing, software
  19:Drivers/CMSIS/Include/cmsis_gcc.h ****  * distributed under the License is distributed on an AS IS BASIS, WITHOUT
  20:Drivers/CMSIS/Include/cmsis_gcc.h ****  * WARRANTIES OR CONDITIONS OF ANY KIND, either express or implied.
  21:Drivers/CMSIS/Include/cmsis_gcc.h ****  * See the License for the specific language governing permissions and
  22:Drivers/CMSIS/Include/cmsis_gcc.h ****  * limitations under the License.
  23:Drivers/CMSIS/Include/cmsis_gcc.h ****  */
  24:Drivers/CMSIS/Include/cmsis_gcc.h **** 
  25:Drivers/CMSIS/Include/cmsis_gcc.h **** #ifndef __CMSIS_GCC_H
  26:Drivers/CMSIS/Include/cmsis_gcc.h **** #define __CMSIS_GCC_H
  27:Drivers/CMSIS/Include/cmsis_gcc.h **** 
  28:Drivers/CMSIS/Include/cmsis_gcc.h **** /* ignore some GCC warnings */
  29:Drivers/CMSIS/Include/cmsis_gcc.h **** #pragma GCC diagnostic push
  30:Drivers/CMSIS/Include/cmsis_gcc.h **** #pragma GCC diagnostic ignored "-Wsign-conversion"
  31:Drivers/CMSIS/Include/cmsis_gcc.h **** #pragma GCC diagnostic ignored "-Wconversion"
  32:Drivers/CMSIS/Include/cmsis_gcc.h **** #pragma GCC diagnostic ignored "-Wunused-parameter"
  33:Drivers/CMSIS/Include/cmsis_gcc.h **** 
  34:Drivers/CMSIS/Include/cmsis_gcc.h **** /* Fallback for __has_builtin */
  35:Drivers/CMSIS/Include/cmsis_gcc.h **** #ifndef __has_builtin
  36:Drivers/CMSIS/Include/cmsis_gcc.h ****   #define __has_builtin(x) (0)
  37:Drivers/CMSIS/Include/cmsis_gcc.h **** #endif
  38:Drivers/CMSIS/Include/cmsis_gcc.h **** 
  39:Drivers/CMSIS/Include/cmsis_gcc.h **** /* CMSIS compiler specific defines */
  40:Drivers/CMSIS/Include/cmsis_gcc.h **** #ifndef   __ASM
  41:Drivers/CMSIS/Include/cmsis_gcc.h ****   #define __ASM                                  __asm
  42:Drivers/CMSIS/Include/cmsis_gcc.h **** #endif
  43:Drivers/CMSIS/Include/cmsis_gcc.h **** #ifndef   __INLINE
  44:Drivers/CMSIS/Include/cmsis_gcc.h ****   #define __INLINE                               inline
  45:Drivers/CMSIS/Include/cmsis_gcc.h **** #endif
  46:Drivers/CMSIS/Include/cmsis_gcc.h **** #ifndef   __STATIC_INLINE
  47:Drivers/CMSIS/Include/cmsis_gcc.h ****   #define __STATIC_INLINE                        static inline
  48:Drivers/CMSIS/Include/cmsis_gcc.h **** #endif
  49:Drivers/CMSIS/Include/cmsis_gcc.h **** #ifndef   __STATIC_FORCEINLINE                 
  50:Drivers/CMSIS/Include/cmsis_gcc.h ****   #define __STATIC_FORCEINLINE                   __attribute__((always_inline)) static inline
  51:Drivers/CMSIS/Include/cmsis_gcc.h **** #endif                                           
  52:Drivers/CMSIS/Include/cmsis_gcc.h **** #ifndef   __NO_RETURN
  53:Drivers/CMSIS/Include/cmsis_gcc.h ****   #define __NO_RETURN                            __attribute__((__noreturn__))
  54:Drivers/CMSIS/Include/cmsis_gcc.h **** #endif
  55:Drivers/CMSIS/Include/cmsis_gcc.h **** #ifndef   __USED
  56:Drivers/CMSIS/Include/cmsis_gcc.h ****   #define __USED                                 __attribute__((used))
  57:Drivers/CMSIS/Include/cmsis_gcc.h **** #endif
  58:Drivers/CMSIS/Include/cmsis_gcc.h **** #ifndef   __WEAK
  59:Drivers/CMSIS/Include/cmsis_gcc.h ****   #define __WEAK                                 __attribute__((weak))
  60:Drivers/CMSIS/Include/cmsis_gcc.h **** #endif
  61:Drivers/CMSIS/Include/cmsis_gcc.h **** #ifndef   __PACKED
  62:Drivers/CMSIS/Include/cmsis_gcc.h ****   #define __PACKED                               __attribute__((packed, aligned(1)))
  63:Drivers/CMSIS/Include/cmsis_gcc.h **** #endif
  64:Drivers/CMSIS/Include/cmsis_gcc.h **** #ifndef   __PACKED_STRUCT
  65:Drivers/CMSIS/Include/cmsis_gcc.h ****   #define __PACKED_STRUCT                        struct __attribute__((packed, aligned(1)))
  66:Drivers/CMSIS/Include/cmsis_gcc.h **** #endif
  67:Drivers/CMSIS/Include/cmsis_gcc.h **** #ifndef   __PACKED_UNION
  68:Drivers/CMSIS/Include/cmsis_gcc.h ****   #define __PACKED_UNION                         union __attribute__((packed, aligned(1)))
  69:Drivers/CMSIS/Include/cmsis_gcc.h **** #endif
  70:Drivers/CMSIS/Include/cmsis_gcc.h **** #ifndef   __UNALIGNED_UINT32        /* deprecated */
  71:Drivers/CMSIS/Include/cmsis_gcc.h ****   #pragma GCC diagnostic push
  72:Drivers/CMSIS/Include/cmsis_gcc.h ****   #pragma GCC diagnostic ignored "-Wpacked"
  73:Drivers/CMSIS/Include/cmsis_gcc.h ****   #pragma GCC diagnostic ignored "-Wattributes"
  74:Drivers/CMSIS/Include/cmsis_gcc.h ****   struct __attribute__((packed)) T_UINT32 { uint32_t v; };
ARM GAS  C:\Users\marce\AppData\Local\Temp\ccMPbXay.s 			page 16


  75:Drivers/CMSIS/Include/cmsis_gcc.h ****   #pragma GCC diagnostic pop
  76:Drivers/CMSIS/Include/cmsis_gcc.h ****   #define __UNALIGNED_UINT32(x)                  (((struct T_UINT32 *)(x))->v)
  77:Drivers/CMSIS/Include/cmsis_gcc.h **** #endif
  78:Drivers/CMSIS/Include/cmsis_gcc.h **** #ifndef   __UNALIGNED_UINT16_WRITE
  79:Drivers/CMSIS/Include/cmsis_gcc.h ****   #pragma GCC diagnostic push
  80:Drivers/CMSIS/Include/cmsis_gcc.h ****   #pragma GCC diagnostic ignored "-Wpacked"
  81:Drivers/CMSIS/Include/cmsis_gcc.h ****   #pragma GCC diagnostic ignored "-Wattributes"
  82:Drivers/CMSIS/Include/cmsis_gcc.h ****   __PACKED_STRUCT T_UINT16_WRITE { uint16_t v; };
  83:Drivers/CMSIS/Include/cmsis_gcc.h ****   #pragma GCC diagnostic pop
  84:Drivers/CMSIS/Include/cmsis_gcc.h ****   #define __UNALIGNED_UINT16_WRITE(addr, val)    (void)((((struct T_UINT16_WRITE *)(void *)(addr))-
  85:Drivers/CMSIS/Include/cmsis_gcc.h **** #endif
  86:Drivers/CMSIS/Include/cmsis_gcc.h **** #ifndef   __UNALIGNED_UINT16_READ
  87:Drivers/CMSIS/Include/cmsis_gcc.h ****   #pragma GCC diagnostic push
  88:Drivers/CMSIS/Include/cmsis_gcc.h ****   #pragma GCC diagnostic ignored "-Wpacked"
  89:Drivers/CMSIS/Include/cmsis_gcc.h ****   #pragma GCC diagnostic ignored "-Wattributes"
  90:Drivers/CMSIS/Include/cmsis_gcc.h ****   __PACKED_STRUCT T_UINT16_READ { uint16_t v; };
  91:Drivers/CMSIS/Include/cmsis_gcc.h ****   #pragma GCC diagnostic pop
  92:Drivers/CMSIS/Include/cmsis_gcc.h ****   #define __UNALIGNED_UINT16_READ(addr)          (((const struct T_UINT16_READ *)(const void *)(add
  93:Drivers/CMSIS/Include/cmsis_gcc.h **** #endif
  94:Drivers/CMSIS/Include/cmsis_gcc.h **** #ifndef   __UNALIGNED_UINT32_WRITE
  95:Drivers/CMSIS/Include/cmsis_gcc.h ****   #pragma GCC diagnostic push
  96:Drivers/CMSIS/Include/cmsis_gcc.h ****   #pragma GCC diagnostic ignored "-Wpacked"
  97:Drivers/CMSIS/Include/cmsis_gcc.h ****   #pragma GCC diagnostic ignored "-Wattributes"
  98:Drivers/CMSIS/Include/cmsis_gcc.h ****   __PACKED_STRUCT T_UINT32_WRITE { uint32_t v; };
  99:Drivers/CMSIS/Include/cmsis_gcc.h ****   #pragma GCC diagnostic pop
 100:Drivers/CMSIS/Include/cmsis_gcc.h ****   #define __UNALIGNED_UINT32_WRITE(addr, val)    (void)((((struct T_UINT32_WRITE *)(void *)(addr))-
 101:Drivers/CMSIS/Include/cmsis_gcc.h **** #endif
 102:Drivers/CMSIS/Include/cmsis_gcc.h **** #ifndef   __UNALIGNED_UINT32_READ
 103:Drivers/CMSIS/Include/cmsis_gcc.h ****   #pragma GCC diagnostic push
 104:Drivers/CMSIS/Include/cmsis_gcc.h ****   #pragma GCC diagnostic ignored "-Wpacked"
 105:Drivers/CMSIS/Include/cmsis_gcc.h ****   #pragma GCC diagnostic ignored "-Wattributes"
 106:Drivers/CMSIS/Include/cmsis_gcc.h ****   __PACKED_STRUCT T_UINT32_READ { uint32_t v; };
 107:Drivers/CMSIS/Include/cmsis_gcc.h ****   #pragma GCC diagnostic pop
 108:Drivers/CMSIS/Include/cmsis_gcc.h ****   #define __UNALIGNED_UINT32_READ(addr)          (((const struct T_UINT32_READ *)(const void *)(add
 109:Drivers/CMSIS/Include/cmsis_gcc.h **** #endif
 110:Drivers/CMSIS/Include/cmsis_gcc.h **** #ifndef   __ALIGNED
 111:Drivers/CMSIS/Include/cmsis_gcc.h ****   #define __ALIGNED(x)                           __attribute__((aligned(x)))
 112:Drivers/CMSIS/Include/cmsis_gcc.h **** #endif
 113:Drivers/CMSIS/Include/cmsis_gcc.h **** #ifndef   __RESTRICT
 114:Drivers/CMSIS/Include/cmsis_gcc.h ****   #define __RESTRICT                             __restrict
 115:Drivers/CMSIS/Include/cmsis_gcc.h **** #endif
 116:Drivers/CMSIS/Include/cmsis_gcc.h **** 
 117:Drivers/CMSIS/Include/cmsis_gcc.h **** 
 118:Drivers/CMSIS/Include/cmsis_gcc.h **** /* ###########################  Core Function Access  ########################### */
 119:Drivers/CMSIS/Include/cmsis_gcc.h **** /** \ingroup  CMSIS_Core_FunctionInterface
 120:Drivers/CMSIS/Include/cmsis_gcc.h ****     \defgroup CMSIS_Core_RegAccFunctions CMSIS Core Register Access Functions
 121:Drivers/CMSIS/Include/cmsis_gcc.h ****   @{
 122:Drivers/CMSIS/Include/cmsis_gcc.h ****  */
 123:Drivers/CMSIS/Include/cmsis_gcc.h **** 
 124:Drivers/CMSIS/Include/cmsis_gcc.h **** /**
 125:Drivers/CMSIS/Include/cmsis_gcc.h ****   \brief   Enable IRQ Interrupts
 126:Drivers/CMSIS/Include/cmsis_gcc.h ****   \details Enables IRQ interrupts by clearing the I-bit in the CPSR.
 127:Drivers/CMSIS/Include/cmsis_gcc.h ****            Can only be executed in Privileged modes.
 128:Drivers/CMSIS/Include/cmsis_gcc.h ****  */
 129:Drivers/CMSIS/Include/cmsis_gcc.h **** __STATIC_FORCEINLINE void __enable_irq(void)
 130:Drivers/CMSIS/Include/cmsis_gcc.h **** {
 131:Drivers/CMSIS/Include/cmsis_gcc.h ****   __ASM volatile ("cpsie i" : : : "memory");
ARM GAS  C:\Users\marce\AppData\Local\Temp\ccMPbXay.s 			page 17


 132:Drivers/CMSIS/Include/cmsis_gcc.h **** }
 133:Drivers/CMSIS/Include/cmsis_gcc.h **** 
 134:Drivers/CMSIS/Include/cmsis_gcc.h **** 
 135:Drivers/CMSIS/Include/cmsis_gcc.h **** /**
 136:Drivers/CMSIS/Include/cmsis_gcc.h ****   \brief   Disable IRQ Interrupts
 137:Drivers/CMSIS/Include/cmsis_gcc.h ****   \details Disables IRQ interrupts by setting the I-bit in the CPSR.
 138:Drivers/CMSIS/Include/cmsis_gcc.h ****            Can only be executed in Privileged modes.
 139:Drivers/CMSIS/Include/cmsis_gcc.h ****  */
 140:Drivers/CMSIS/Include/cmsis_gcc.h **** __STATIC_FORCEINLINE void __disable_irq(void)
 392              		.loc 2 140 27 view .LVU97
 393              	.LBB8:
 141:Drivers/CMSIS/Include/cmsis_gcc.h **** {
 142:Drivers/CMSIS/Include/cmsis_gcc.h ****   __ASM volatile ("cpsid i" : : : "memory");
 394              		.loc 2 142 3 view .LVU98
 395              		.syntax unified
 396              	@ 142 "Drivers/CMSIS/Include/cmsis_gcc.h" 1
 397 0000 72B6     		cpsid i
 398              	@ 0 "" 2
 399              		.thumb
 400              		.syntax unified
 401              	.L17:
 402              	.LBE8:
 403              	.LBE7:
 393:Core/Src/main.c ****   while (1)
 404              		.loc 1 393 3 discriminator 1 view .LVU99
 394:Core/Src/main.c ****   {
 395:Core/Src/main.c ****   }
 405              		.loc 1 395 3 discriminator 1 view .LVU100
 393:Core/Src/main.c ****   while (1)
 406              		.loc 1 393 9 discriminator 1 view .LVU101
 407 0002 FEE7     		b	.L17
 408              		.cfi_endproc
 409              	.LFE83:
 411              		.section	.text.MX_SPI1_Init,"ax",%progbits
 412              		.align	1
 413              		.syntax unified
 414              		.thumb
 415              		.thumb_func
 417              	MX_SPI1_Init:
 418              	.LFB78:
 228:Core/Src/main.c **** 
 419              		.loc 1 228 1 view -0
 420              		.cfi_startproc
 421              		@ args = 0, pretend = 0, frame = 0
 422              		@ frame_needed = 0, uses_anonymous_args = 0
 423 0000 08B5     		push	{r3, lr}
 424              	.LCFI8:
 425              		.cfi_def_cfa_offset 8
 426              		.cfi_offset 3, -8
 427              		.cfi_offset 14, -4
 238:Core/Src/main.c ****   hspi1.Init.Mode = SPI_MODE_MASTER;
 428              		.loc 1 238 3 view .LVU103
 238:Core/Src/main.c ****   hspi1.Init.Mode = SPI_MODE_MASTER;
 429              		.loc 1 238 18 is_stmt 0 view .LVU104
 430 0002 0E48     		ldr	r0, .L22
 431 0004 0E4B     		ldr	r3, .L22+4
 432 0006 0360     		str	r3, [r0]
ARM GAS  C:\Users\marce\AppData\Local\Temp\ccMPbXay.s 			page 18


 239:Core/Src/main.c ****   hspi1.Init.Direction = SPI_DIRECTION_2LINES;
 433              		.loc 1 239 3 is_stmt 1 view .LVU105
 239:Core/Src/main.c ****   hspi1.Init.Direction = SPI_DIRECTION_2LINES;
 434              		.loc 1 239 19 is_stmt 0 view .LVU106
 435 0008 4FF48273 		mov	r3, #260
 436 000c 4360     		str	r3, [r0, #4]
 240:Core/Src/main.c ****   hspi1.Init.DataSize = SPI_DATASIZE_8BIT;
 437              		.loc 1 240 3 is_stmt 1 view .LVU107
 240:Core/Src/main.c ****   hspi1.Init.DataSize = SPI_DATASIZE_8BIT;
 438              		.loc 1 240 24 is_stmt 0 view .LVU108
 439 000e 0023     		movs	r3, #0
 440 0010 8360     		str	r3, [r0, #8]
 241:Core/Src/main.c ****   hspi1.Init.CLKPolarity = SPI_POLARITY_HIGH;
 441              		.loc 1 241 3 is_stmt 1 view .LVU109
 241:Core/Src/main.c ****   hspi1.Init.CLKPolarity = SPI_POLARITY_HIGH;
 442              		.loc 1 241 23 is_stmt 0 view .LVU110
 443 0012 C360     		str	r3, [r0, #12]
 242:Core/Src/main.c ****   hspi1.Init.CLKPhase = SPI_PHASE_2EDGE;
 444              		.loc 1 242 3 is_stmt 1 view .LVU111
 242:Core/Src/main.c ****   hspi1.Init.CLKPhase = SPI_PHASE_2EDGE;
 445              		.loc 1 242 26 is_stmt 0 view .LVU112
 446 0014 0222     		movs	r2, #2
 447 0016 0261     		str	r2, [r0, #16]
 243:Core/Src/main.c ****   hspi1.Init.NSS = SPI_NSS_SOFT;
 448              		.loc 1 243 3 is_stmt 1 view .LVU113
 243:Core/Src/main.c ****   hspi1.Init.NSS = SPI_NSS_SOFT;
 449              		.loc 1 243 23 is_stmt 0 view .LVU114
 450 0018 0122     		movs	r2, #1
 451 001a 4261     		str	r2, [r0, #20]
 244:Core/Src/main.c ****   hspi1.Init.BaudRatePrescaler = SPI_BAUDRATEPRESCALER_16;
 452              		.loc 1 244 3 is_stmt 1 view .LVU115
 244:Core/Src/main.c ****   hspi1.Init.BaudRatePrescaler = SPI_BAUDRATEPRESCALER_16;
 453              		.loc 1 244 18 is_stmt 0 view .LVU116
 454 001c 4FF40072 		mov	r2, #512
 455 0020 8261     		str	r2, [r0, #24]
 245:Core/Src/main.c ****   hspi1.Init.FirstBit = SPI_FIRSTBIT_MSB;
 456              		.loc 1 245 3 is_stmt 1 view .LVU117
 245:Core/Src/main.c ****   hspi1.Init.FirstBit = SPI_FIRSTBIT_MSB;
 457              		.loc 1 245 32 is_stmt 0 view .LVU118
 458 0022 1822     		movs	r2, #24
 459 0024 C261     		str	r2, [r0, #28]
 246:Core/Src/main.c ****   hspi1.Init.TIMode = SPI_TIMODE_DISABLE;
 460              		.loc 1 246 3 is_stmt 1 view .LVU119
 246:Core/Src/main.c ****   hspi1.Init.TIMode = SPI_TIMODE_DISABLE;
 461              		.loc 1 246 23 is_stmt 0 view .LVU120
 462 0026 0362     		str	r3, [r0, #32]
 247:Core/Src/main.c ****   hspi1.Init.CRCCalculation = SPI_CRCCALCULATION_DISABLE;
 463              		.loc 1 247 3 is_stmt 1 view .LVU121
 247:Core/Src/main.c ****   hspi1.Init.CRCCalculation = SPI_CRCCALCULATION_DISABLE;
 464              		.loc 1 247 21 is_stmt 0 view .LVU122
 465 0028 4362     		str	r3, [r0, #36]
 248:Core/Src/main.c ****   hspi1.Init.CRCPolynomial = 10;
 466              		.loc 1 248 3 is_stmt 1 view .LVU123
 248:Core/Src/main.c ****   hspi1.Init.CRCPolynomial = 10;
 467              		.loc 1 248 29 is_stmt 0 view .LVU124
 468 002a 8362     		str	r3, [r0, #40]
 249:Core/Src/main.c ****   if (HAL_SPI_Init(&hspi1) != HAL_OK)
ARM GAS  C:\Users\marce\AppData\Local\Temp\ccMPbXay.s 			page 19


 469              		.loc 1 249 3 is_stmt 1 view .LVU125
 249:Core/Src/main.c ****   if (HAL_SPI_Init(&hspi1) != HAL_OK)
 470              		.loc 1 249 28 is_stmt 0 view .LVU126
 471 002c 0A23     		movs	r3, #10
 472 002e C362     		str	r3, [r0, #44]
 250:Core/Src/main.c ****   {
 473              		.loc 1 250 3 is_stmt 1 view .LVU127
 250:Core/Src/main.c ****   {
 474              		.loc 1 250 7 is_stmt 0 view .LVU128
 475 0030 FFF7FEFF 		bl	HAL_SPI_Init
 476              	.LVL23:
 250:Core/Src/main.c ****   {
 477              		.loc 1 250 6 view .LVU129
 478 0034 00B9     		cbnz	r0, .L21
 258:Core/Src/main.c **** 
 479              		.loc 1 258 1 view .LVU130
 480 0036 08BD     		pop	{r3, pc}
 481              	.L21:
 252:Core/Src/main.c ****   }
 482              		.loc 1 252 5 is_stmt 1 view .LVU131
 483 0038 FFF7FEFF 		bl	Error_Handler
 484              	.LVL24:
 485              	.L23:
 486              		.align	2
 487              	.L22:
 488 003c 00000000 		.word	.LANCHOR1
 489 0040 00300140 		.word	1073819648
 490              		.cfi_endproc
 491              	.LFE78:
 493              		.section	.text.SystemClock_Config,"ax",%progbits
 494              		.align	1
 495              		.global	SystemClock_Config
 496              		.syntax unified
 497              		.thumb
 498              		.thumb_func
 500              	SystemClock_Config:
 501              	.LFB77:
 184:Core/Src/main.c ****   RCC_OscInitTypeDef RCC_OscInitStruct = {0};
 502              		.loc 1 184 1 view -0
 503              		.cfi_startproc
 504              		@ args = 0, pretend = 0, frame = 72
 505              		@ frame_needed = 0, uses_anonymous_args = 0
 506 0000 00B5     		push	{lr}
 507              	.LCFI9:
 508              		.cfi_def_cfa_offset 4
 509              		.cfi_offset 14, -4
 510 0002 93B0     		sub	sp, sp, #76
 511              	.LCFI10:
 512              		.cfi_def_cfa_offset 80
 185:Core/Src/main.c ****   RCC_ClkInitTypeDef RCC_ClkInitStruct = {0};
 513              		.loc 1 185 3 view .LVU133
 185:Core/Src/main.c ****   RCC_ClkInitTypeDef RCC_ClkInitStruct = {0};
 514              		.loc 1 185 22 is_stmt 0 view .LVU134
 515 0004 3422     		movs	r2, #52
 516 0006 0021     		movs	r1, #0
 517 0008 05A8     		add	r0, sp, #20
 518 000a FFF7FEFF 		bl	memset
ARM GAS  C:\Users\marce\AppData\Local\Temp\ccMPbXay.s 			page 20


 519              	.LVL25:
 186:Core/Src/main.c **** 
 520              		.loc 1 186 3 is_stmt 1 view .LVU135
 186:Core/Src/main.c **** 
 521              		.loc 1 186 22 is_stmt 0 view .LVU136
 522 000e 0023     		movs	r3, #0
 523 0010 0093     		str	r3, [sp]
 524 0012 0193     		str	r3, [sp, #4]
 525 0014 0293     		str	r3, [sp, #8]
 526 0016 0393     		str	r3, [sp, #12]
 527 0018 0493     		str	r3, [sp, #16]
 190:Core/Src/main.c **** 
 528              		.loc 1 190 3 is_stmt 1 view .LVU137
 529 001a 1649     		ldr	r1, .L30
 530 001c 0A68     		ldr	r2, [r1]
 531 001e 22F4C052 		bic	r2, r2, #6144
 532 0022 42F40062 		orr	r2, r2, #2048
 533 0026 0A60     		str	r2, [r1]
 195:Core/Src/main.c ****   RCC_OscInitStruct.HSIState = RCC_HSI_ON;
 534              		.loc 1 195 3 view .LVU138
 195:Core/Src/main.c ****   RCC_OscInitStruct.HSIState = RCC_HSI_ON;
 535              		.loc 1 195 36 is_stmt 0 view .LVU139
 536 0028 0222     		movs	r2, #2
 537 002a 0592     		str	r2, [sp, #20]
 196:Core/Src/main.c ****   RCC_OscInitStruct.HSICalibrationValue = RCC_HSICALIBRATION_DEFAULT;
 538              		.loc 1 196 3 is_stmt 1 view .LVU140
 196:Core/Src/main.c ****   RCC_OscInitStruct.HSICalibrationValue = RCC_HSICALIBRATION_DEFAULT;
 539              		.loc 1 196 30 is_stmt 0 view .LVU141
 540 002c 0121     		movs	r1, #1
 541 002e 0891     		str	r1, [sp, #32]
 197:Core/Src/main.c ****   RCC_OscInitStruct.PLL.PLLState = RCC_PLL_ON;
 542              		.loc 1 197 3 is_stmt 1 view .LVU142
 197:Core/Src/main.c ****   RCC_OscInitStruct.PLL.PLLState = RCC_PLL_ON;
 543              		.loc 1 197 41 is_stmt 0 view .LVU143
 544 0030 1021     		movs	r1, #16
 545 0032 0991     		str	r1, [sp, #36]
 198:Core/Src/main.c ****   RCC_OscInitStruct.PLL.PLLSource = RCC_PLLSOURCE_HSI;
 546              		.loc 1 198 3 is_stmt 1 view .LVU144
 198:Core/Src/main.c ****   RCC_OscInitStruct.PLL.PLLSource = RCC_PLLSOURCE_HSI;
 547              		.loc 1 198 34 is_stmt 0 view .LVU145
 548 0034 0E92     		str	r2, [sp, #56]
 199:Core/Src/main.c ****   RCC_OscInitStruct.PLL.PLLMUL = RCC_PLL_MUL4;
 549              		.loc 1 199 3 is_stmt 1 view .LVU146
 199:Core/Src/main.c ****   RCC_OscInitStruct.PLL.PLLMUL = RCC_PLL_MUL4;
 550              		.loc 1 199 35 is_stmt 0 view .LVU147
 551 0036 0F93     		str	r3, [sp, #60]
 200:Core/Src/main.c ****   RCC_OscInitStruct.PLL.PLLDIV = RCC_PLL_DIV2;
 552              		.loc 1 200 3 is_stmt 1 view .LVU148
 200:Core/Src/main.c ****   RCC_OscInitStruct.PLL.PLLDIV = RCC_PLL_DIV2;
 553              		.loc 1 200 32 is_stmt 0 view .LVU149
 554 0038 4FF48023 		mov	r3, #262144
 555 003c 1093     		str	r3, [sp, #64]
 201:Core/Src/main.c ****   if (HAL_RCC_OscConfig(&RCC_OscInitStruct) != HAL_OK)
 556              		.loc 1 201 3 is_stmt 1 view .LVU150
 201:Core/Src/main.c ****   if (HAL_RCC_OscConfig(&RCC_OscInitStruct) != HAL_OK)
 557              		.loc 1 201 32 is_stmt 0 view .LVU151
 558 003e 4FF48003 		mov	r3, #4194304
ARM GAS  C:\Users\marce\AppData\Local\Temp\ccMPbXay.s 			page 21


 559 0042 1193     		str	r3, [sp, #68]
 202:Core/Src/main.c ****   {
 560              		.loc 1 202 3 is_stmt 1 view .LVU152
 202:Core/Src/main.c ****   {
 561              		.loc 1 202 7 is_stmt 0 view .LVU153
 562 0044 05A8     		add	r0, sp, #20
 563 0046 FFF7FEFF 		bl	HAL_RCC_OscConfig
 564              	.LVL26:
 202:Core/Src/main.c ****   {
 565              		.loc 1 202 6 view .LVU154
 566 004a 78B9     		cbnz	r0, .L28
 209:Core/Src/main.c ****                               |RCC_CLOCKTYPE_PCLK1|RCC_CLOCKTYPE_PCLK2;
 567              		.loc 1 209 3 is_stmt 1 view .LVU155
 209:Core/Src/main.c ****                               |RCC_CLOCKTYPE_PCLK1|RCC_CLOCKTYPE_PCLK2;
 568              		.loc 1 209 31 is_stmt 0 view .LVU156
 569 004c 0F23     		movs	r3, #15
 570 004e 0093     		str	r3, [sp]
 211:Core/Src/main.c ****   RCC_ClkInitStruct.AHBCLKDivider = RCC_SYSCLK_DIV1;
 571              		.loc 1 211 3 is_stmt 1 view .LVU157
 211:Core/Src/main.c ****   RCC_ClkInitStruct.AHBCLKDivider = RCC_SYSCLK_DIV1;
 572              		.loc 1 211 34 is_stmt 0 view .LVU158
 573 0050 0323     		movs	r3, #3
 574 0052 0193     		str	r3, [sp, #4]
 212:Core/Src/main.c ****   RCC_ClkInitStruct.APB1CLKDivider = RCC_HCLK_DIV1;
 575              		.loc 1 212 3 is_stmt 1 view .LVU159
 212:Core/Src/main.c ****   RCC_ClkInitStruct.APB1CLKDivider = RCC_HCLK_DIV1;
 576              		.loc 1 212 35 is_stmt 0 view .LVU160
 577 0054 0023     		movs	r3, #0
 578 0056 0293     		str	r3, [sp, #8]
 213:Core/Src/main.c ****   RCC_ClkInitStruct.APB2CLKDivider = RCC_HCLK_DIV1;
 579              		.loc 1 213 3 is_stmt 1 view .LVU161
 213:Core/Src/main.c ****   RCC_ClkInitStruct.APB2CLKDivider = RCC_HCLK_DIV1;
 580              		.loc 1 213 36 is_stmt 0 view .LVU162
 581 0058 0393     		str	r3, [sp, #12]
 214:Core/Src/main.c **** 
 582              		.loc 1 214 3 is_stmt 1 view .LVU163
 214:Core/Src/main.c **** 
 583              		.loc 1 214 36 is_stmt 0 view .LVU164
 584 005a 0493     		str	r3, [sp, #16]
 216:Core/Src/main.c ****   {
 585              		.loc 1 216 3 is_stmt 1 view .LVU165
 216:Core/Src/main.c ****   {
 586              		.loc 1 216 7 is_stmt 0 view .LVU166
 587 005c 0121     		movs	r1, #1
 588 005e 6846     		mov	r0, sp
 589 0060 FFF7FEFF 		bl	HAL_RCC_ClockConfig
 590              	.LVL27:
 216:Core/Src/main.c ****   {
 591              		.loc 1 216 6 view .LVU167
 592 0064 20B9     		cbnz	r0, .L29
 220:Core/Src/main.c **** 
 593              		.loc 1 220 1 view .LVU168
 594 0066 13B0     		add	sp, sp, #76
 595              	.LCFI11:
 596              		.cfi_remember_state
 597              		.cfi_def_cfa_offset 4
 598              		@ sp needed
ARM GAS  C:\Users\marce\AppData\Local\Temp\ccMPbXay.s 			page 22


 599 0068 5DF804FB 		ldr	pc, [sp], #4
 600              	.L28:
 601              	.LCFI12:
 602              		.cfi_restore_state
 204:Core/Src/main.c ****   }
 603              		.loc 1 204 5 is_stmt 1 view .LVU169
 604 006c FFF7FEFF 		bl	Error_Handler
 605              	.LVL28:
 606              	.L29:
 218:Core/Src/main.c ****   }
 607              		.loc 1 218 5 view .LVU170
 608 0070 FFF7FEFF 		bl	Error_Handler
 609              	.LVL29:
 610              	.L31:
 611              		.align	2
 612              	.L30:
 613 0074 00700040 		.word	1073770496
 614              		.cfi_endproc
 615              	.LFE77:
 617              		.section	.text.main,"ax",%progbits
 618              		.align	1
 619              		.global	main
 620              		.syntax unified
 621              		.thumb
 622              		.thumb_func
 624              	main:
 625              	.LFB76:
 100:Core/Src/main.c ****   /* USER CODE BEGIN 1 */
 626              		.loc 1 100 1 view -0
 627              		.cfi_startproc
 628              		@ Volatile: function does not return.
 629              		@ args = 0, pretend = 0, frame = 0
 630              		@ frame_needed = 0, uses_anonymous_args = 0
 631 0000 08B5     		push	{r3, lr}
 632              	.LCFI13:
 633              		.cfi_def_cfa_offset 8
 634              		.cfi_offset 3, -8
 635              		.cfi_offset 14, -4
 108:Core/Src/main.c **** 
 636              		.loc 1 108 3 view .LVU172
 637 0002 FFF7FEFF 		bl	HAL_Init
 638              	.LVL30:
 115:Core/Src/main.c **** 
 639              		.loc 1 115 3 view .LVU173
 640 0006 FFF7FEFF 		bl	SystemClock_Config
 641              	.LVL31:
 122:Core/Src/main.c ****   MX_SPI1_Init();
 642              		.loc 1 122 3 view .LVU174
 643 000a FFF7FEFF 		bl	MX_GPIO_Init
 644              	.LVL32:
 123:Core/Src/main.c ****   /* USER CODE BEGIN 2 */
 645              		.loc 1 123 3 view .LVU175
 646 000e FFF7FEFF 		bl	MX_SPI1_Init
 647              	.LVL33:
 125:Core/Src/main.c ****   //HAL_SPI_Receive_IT(&hspi2, buffer, 1);
 648              		.loc 1 125 3 view .LVU176
 649 0012 FFF7FEFF 		bl	ConfigureCANSPI
ARM GAS  C:\Users\marce\AppData\Local\Temp\ccMPbXay.s 			page 23


 650              	.LVL34:
 130:Core/Src/main.c ****   /* Create the mutex(es) */
 651              		.loc 1 130 3 view .LVU177
 652 0016 FFF7FEFF 		bl	osKernelInitialize
 653              	.LVL35:
 133:Core/Src/main.c **** 
 654              		.loc 1 133 3 view .LVU178
 133:Core/Src/main.c **** 
 655              		.loc 1 133 20 is_stmt 0 view .LVU179
 656 001a 1248     		ldr	r0, .L35
 657 001c FFF7FEFF 		bl	osMutexNew
 658              	.LVL36:
 133:Core/Src/main.c **** 
 659              		.loc 1 133 18 view .LVU180
 660 0020 114B     		ldr	r3, .L35+4
 661 0022 1860     		str	r0, [r3]
 148:Core/Src/main.c ****   /* USER CODE END RTOS_QUEUES */
 662              		.loc 1 148 3 is_stmt 1 view .LVU181
 148:Core/Src/main.c ****   /* USER CODE END RTOS_QUEUES */
 663              		.loc 1 148 23 is_stmt 0 view .LVU182
 664 0024 0022     		movs	r2, #0
 665 0026 0221     		movs	r1, #2
 666 0028 0320     		movs	r0, #3
 667 002a FFF7FEFF 		bl	osMessageQueueNew
 668              	.LVL37:
 148:Core/Src/main.c ****   /* USER CODE END RTOS_QUEUES */
 669              		.loc 1 148 21 view .LVU183
 670 002e 0F4B     		ldr	r3, .L35+8
 671 0030 1860     		str	r0, [r3]
 153:Core/Src/main.c **** 
 672              		.loc 1 153 3 is_stmt 1 view .LVU184
 153:Core/Src/main.c **** 
 673              		.loc 1 153 23 is_stmt 0 view .LVU185
 674 0032 0F4A     		ldr	r2, .L35+12
 675 0034 0021     		movs	r1, #0
 676 0036 0F48     		ldr	r0, .L35+16
 677 0038 FFF7FEFF 		bl	osThreadNew
 678              	.LVL38:
 153:Core/Src/main.c **** 
 679              		.loc 1 153 21 view .LVU186
 680 003c 0E4B     		ldr	r3, .L35+20
 681 003e 1860     		str	r0, [r3]
 156:Core/Src/main.c ****   blueSwitchTaskHandle = osThreadNew((osThreadFunc_t)blueSwitchTask, NULL, &greenSwitchTask_attribu
 682              		.loc 1 156 3 is_stmt 1 view .LVU187
 156:Core/Src/main.c ****   blueSwitchTaskHandle = osThreadNew((osThreadFunc_t)blueSwitchTask, NULL, &greenSwitchTask_attribu
 683              		.loc 1 156 27 is_stmt 0 view .LVU188
 684 0040 0E4C     		ldr	r4, .L35+24
 685 0042 2246     		mov	r2, r4
 686 0044 0021     		movs	r1, #0
 687 0046 0E48     		ldr	r0, .L35+28
 688 0048 FFF7FEFF 		bl	osThreadNew
 689              	.LVL39:
 156:Core/Src/main.c ****   blueSwitchTaskHandle = osThreadNew((osThreadFunc_t)blueSwitchTask, NULL, &greenSwitchTask_attribu
 690              		.loc 1 156 25 view .LVU189
 691 004c 0D4B     		ldr	r3, .L35+32
 692 004e 1860     		str	r0, [r3]
 157:Core/Src/main.c ****   /* USER CODE END RTOS_THREADS */
ARM GAS  C:\Users\marce\AppData\Local\Temp\ccMPbXay.s 			page 24


 693              		.loc 1 157 3 is_stmt 1 view .LVU190
 157:Core/Src/main.c ****   /* USER CODE END RTOS_THREADS */
 694              		.loc 1 157 26 is_stmt 0 view .LVU191
 695 0050 2246     		mov	r2, r4
 696 0052 0021     		movs	r1, #0
 697 0054 0C48     		ldr	r0, .L35+36
 698 0056 FFF7FEFF 		bl	osThreadNew
 699              	.LVL40:
 157:Core/Src/main.c ****   /* USER CODE END RTOS_THREADS */
 700              		.loc 1 157 24 view .LVU192
 701 005a 0C4B     		ldr	r3, .L35+40
 702 005c 1860     		str	r0, [r3]
 165:Core/Src/main.c **** 
 703              		.loc 1 165 3 is_stmt 1 view .LVU193
 704 005e FFF7FEFF 		bl	osKernelStart
 705              	.LVL41:
 706              	.L33:
 170:Core/Src/main.c ****   {
 707              		.loc 1 170 3 discriminator 1 view .LVU194
 175:Core/Src/main.c ****   /* USER CODE END 3 */
 708              		.loc 1 175 3 discriminator 1 view .LVU195
 170:Core/Src/main.c ****   {
 709              		.loc 1 170 9 discriminator 1 view .LVU196
 710 0062 FEE7     		b	.L33
 711              	.L36:
 712              		.align	2
 713              	.L35:
 714 0064 00000000 		.word	.LANCHOR2
 715 0068 00000000 		.word	.LANCHOR3
 716 006c 00000000 		.word	.LANCHOR0
 717 0070 00000000 		.word	.LANCHOR4
 718 0074 00000000 		.word	StartDefaultTask
 719 0078 00000000 		.word	.LANCHOR5
 720 007c 00000000 		.word	.LANCHOR6
 721 0080 00000000 		.word	greenSwitchTask
 722 0084 00000000 		.word	.LANCHOR7
 723 0088 00000000 		.word	blueSwitchTask
 724 008c 00000000 		.word	.LANCHOR8
 725              		.cfi_endproc
 726              	.LFE76:
 728              		.global	greenStatus
 729              		.global	blueStatus
 730              		.global	CANInterruptQueue
 731              		.global	blueSwitchTask_attributes
 732              		.section	.rodata.str1.4,"aMS",%progbits,1
 733              		.align	2
 734              	.LC0:
 735 0000 626C7565 		.ascii	"blueSwitchTask\000"
 735      53776974 
 735      63685461 
 735      736B00
 736              		.global	blueSwitchTaskHandle
 737              		.global	greenSwitchTask_attributes
 738 000f 00       		.align	2
 739              	.LC1:
 740 0010 67726565 		.ascii	"greenSwitchTask\000"
 740      6E537769 
ARM GAS  C:\Users\marce\AppData\Local\Temp\ccMPbXay.s 			page 25


 740      74636854 
 740      61736B00 
 741              		.global	greenSwitchTaskHandle
 742              		.global	SPIMutex_attributes
 743              		.align	2
 744              	.LC2:
 745 0020 5350494D 		.ascii	"SPIMutex\000"
 745      75746578 
 745      00
 746              		.global	SPIMutexHandle
 747              		.global	defaultTask_attributes
 748 0029 000000   		.align	2
 749              	.LC3:
 750 002c 64656661 		.ascii	"defaultTask\000"
 750      756C7454 
 750      61736B00 
 751              		.global	defaultTaskHandle
 752              		.global	hspi1
 753              		.section	.bss.CANInterruptQueue,"aw",%nobits
 754              		.align	2
 755              		.set	.LANCHOR0,. + 0
 758              	CANInterruptQueue:
 759 0000 00000000 		.space	4
 760              		.section	.bss.SPIMutexHandle,"aw",%nobits
 761              		.align	2
 762              		.set	.LANCHOR3,. + 0
 765              	SPIMutexHandle:
 766 0000 00000000 		.space	4
 767              		.section	.bss.blueStatus,"aw",%nobits
 770              	blueStatus:
 771 0000 00       		.space	1
 772              		.section	.bss.blueSwitchTaskHandle,"aw",%nobits
 773              		.align	2
 774              		.set	.LANCHOR8,. + 0
 777              	blueSwitchTaskHandle:
 778 0000 00000000 		.space	4
 779              		.section	.bss.defaultTaskHandle,"aw",%nobits
 780              		.align	2
 781              		.set	.LANCHOR5,. + 0
 784              	defaultTaskHandle:
 785 0000 00000000 		.space	4
 786              		.section	.bss.greenStatus,"aw",%nobits
 789              	greenStatus:
 790 0000 00       		.space	1
 791              		.section	.bss.greenSwitchTaskHandle,"aw",%nobits
 792              		.align	2
 793              		.set	.LANCHOR7,. + 0
 796              	greenSwitchTaskHandle:
 797 0000 00000000 		.space	4
 798              		.section	.bss.hspi1,"aw",%nobits
 799              		.align	2
 800              		.set	.LANCHOR1,. + 0
 803              	hspi1:
 804 0000 00000000 		.space	88
 804      00000000 
 804      00000000 
 804      00000000 
ARM GAS  C:\Users\marce\AppData\Local\Temp\ccMPbXay.s 			page 26


 804      00000000 
 805              		.section	.rodata.SPIMutex_attributes,"a"
 806              		.align	2
 807              		.set	.LANCHOR2,. + 0
 810              	SPIMutex_attributes:
 811 0000 20000000 		.word	.LC2
 812 0004 00000000 		.space	12
 812      00000000 
 812      00000000 
 813              		.section	.rodata.blueSwitchTask_attributes,"a"
 814              		.align	2
 817              	blueSwitchTask_attributes:
 818 0000 00000000 		.word	.LC0
 819 0004 00000000 		.space	16
 819      00000000 
 819      00000000 
 819      00000000 
 820 0014 00020000 		.word	512
 821 0018 18000000 		.word	24
 822 001c 00000000 		.space	8
 822      00000000 
 823              		.section	.rodata.defaultTask_attributes,"a"
 824              		.align	2
 825              		.set	.LANCHOR4,. + 0
 828              	defaultTask_attributes:
 829 0000 2C000000 		.word	.LC3
 830 0004 00000000 		.space	16
 830      00000000 
 830      00000000 
 830      00000000 
 831 0014 00020000 		.word	512
 832 0018 18000000 		.word	24
 833 001c 00000000 		.space	8
 833      00000000 
 834              		.section	.rodata.greenSwitchTask_attributes,"a"
 835              		.align	2
 836              		.set	.LANCHOR6,. + 0
 839              	greenSwitchTask_attributes:
 840 0000 10000000 		.word	.LC1
 841 0004 00000000 		.space	16
 841      00000000 
 841      00000000 
 841      00000000 
 842 0014 00020000 		.word	512
 843 0018 18000000 		.word	24
 844 001c 00000000 		.space	8
 844      00000000 
 845              		.text
 846              	.Letext0:
 847              		.file 3 "Drivers/CMSIS/Device/ST/STM32L1xx/Include/stm32l152xe.h"
 848              		.file 4 "c:\\st\\stm32cubeide_1.10.1\\stm32cubeide\\plugins\\com.st.stm32cube.ide.mcu.externaltool
 849              		.file 5 "c:\\st\\stm32cubeide_1.10.1\\stm32cubeide\\plugins\\com.st.stm32cube.ide.mcu.externaltool
 850              		.file 6 "Drivers/STM32L1xx_HAL_Driver/Inc/stm32l1xx_hal_def.h"
 851              		.file 7 "Drivers/STM32L1xx_HAL_Driver/Inc/stm32l1xx_hal_rcc.h"
 852              		.file 8 "Drivers/STM32L1xx_HAL_Driver/Inc/stm32l1xx_hal_gpio.h"
 853              		.file 9 "Drivers/STM32L1xx_HAL_Driver/Inc/stm32l1xx_hal_dma.h"
 854              		.file 10 "Drivers/STM32L1xx_HAL_Driver/Inc/stm32l1xx_hal_spi.h"
ARM GAS  C:\Users\marce\AppData\Local\Temp\ccMPbXay.s 			page 27


 855              		.file 11 "Drivers/STM32L1xx_HAL_Driver/Inc/stm32l1xx_hal_tim.h"
 856              		.file 12 "Middlewares/Third_Party/FreeRTOS/Source/CMSIS_RTOS_V2/cmsis_os2.h"
 857              		.file 13 "Core/Inc/CAN.h"
 858              		.file 14 "Drivers/STM32L1xx_HAL_Driver/Inc/stm32l1xx_hal_cortex.h"
 859              		.file 15 "Core/Inc/BlueSwitchTask.h"
 860              		.file 16 "Core/Inc/GreenSwitchTask.h"
 861              		.file 17 "Drivers/STM32L1xx_HAL_Driver/Inc/stm32l1xx_hal.h"
 862              		.file 18 "Core/Inc/main.h"
 863              		.file 19 "<built-in>"
ARM GAS  C:\Users\marce\AppData\Local\Temp\ccMPbXay.s 			page 28


DEFINED SYMBOLS
                            *ABS*:0000000000000000 main.c
C:\Users\marce\AppData\Local\Temp\ccMPbXay.s:18     .text.MX_GPIO_Init:0000000000000000 $t
C:\Users\marce\AppData\Local\Temp\ccMPbXay.s:23     .text.MX_GPIO_Init:0000000000000000 MX_GPIO_Init
C:\Users\marce\AppData\Local\Temp\ccMPbXay.s:242    .text.MX_GPIO_Init:000000000000010c $d
C:\Users\marce\AppData\Local\Temp\ccMPbXay.s:250    .text.StartDefaultTask:0000000000000000 $t
C:\Users\marce\AppData\Local\Temp\ccMPbXay.s:256    .text.StartDefaultTask:0000000000000000 StartDefaultTask
C:\Users\marce\AppData\Local\Temp\ccMPbXay.s:288    .text.HAL_GPIO_EXTI_Callback:0000000000000000 $t
C:\Users\marce\AppData\Local\Temp\ccMPbXay.s:294    .text.HAL_GPIO_EXTI_Callback:0000000000000000 HAL_GPIO_EXTI_Callback
C:\Users\marce\AppData\Local\Temp\ccMPbXay.s:329    .text.HAL_GPIO_EXTI_Callback:0000000000000020 $d
C:\Users\marce\AppData\Local\Temp\ccMPbXay.s:334    .text.HAL_TIM_PeriodElapsedCallback:0000000000000000 $t
C:\Users\marce\AppData\Local\Temp\ccMPbXay.s:340    .text.HAL_TIM_PeriodElapsedCallback:0000000000000000 HAL_TIM_PeriodElapsedCallback
C:\Users\marce\AppData\Local\Temp\ccMPbXay.s:374    .text.Error_Handler:0000000000000000 $t
C:\Users\marce\AppData\Local\Temp\ccMPbXay.s:380    .text.Error_Handler:0000000000000000 Error_Handler
C:\Users\marce\AppData\Local\Temp\ccMPbXay.s:412    .text.MX_SPI1_Init:0000000000000000 $t
C:\Users\marce\AppData\Local\Temp\ccMPbXay.s:417    .text.MX_SPI1_Init:0000000000000000 MX_SPI1_Init
C:\Users\marce\AppData\Local\Temp\ccMPbXay.s:488    .text.MX_SPI1_Init:000000000000003c $d
C:\Users\marce\AppData\Local\Temp\ccMPbXay.s:494    .text.SystemClock_Config:0000000000000000 $t
C:\Users\marce\AppData\Local\Temp\ccMPbXay.s:500    .text.SystemClock_Config:0000000000000000 SystemClock_Config
C:\Users\marce\AppData\Local\Temp\ccMPbXay.s:613    .text.SystemClock_Config:0000000000000074 $d
C:\Users\marce\AppData\Local\Temp\ccMPbXay.s:618    .text.main:0000000000000000 $t
C:\Users\marce\AppData\Local\Temp\ccMPbXay.s:624    .text.main:0000000000000000 main
C:\Users\marce\AppData\Local\Temp\ccMPbXay.s:714    .text.main:0000000000000064 $d
C:\Users\marce\AppData\Local\Temp\ccMPbXay.s:789    .bss.greenStatus:0000000000000000 greenStatus
C:\Users\marce\AppData\Local\Temp\ccMPbXay.s:770    .bss.blueStatus:0000000000000000 blueStatus
C:\Users\marce\AppData\Local\Temp\ccMPbXay.s:758    .bss.CANInterruptQueue:0000000000000000 CANInterruptQueue
C:\Users\marce\AppData\Local\Temp\ccMPbXay.s:817    .rodata.blueSwitchTask_attributes:0000000000000000 blueSwitchTask_attributes
C:\Users\marce\AppData\Local\Temp\ccMPbXay.s:733    .rodata.str1.4:0000000000000000 $d
C:\Users\marce\AppData\Local\Temp\ccMPbXay.s:777    .bss.blueSwitchTaskHandle:0000000000000000 blueSwitchTaskHandle
C:\Users\marce\AppData\Local\Temp\ccMPbXay.s:839    .rodata.greenSwitchTask_attributes:0000000000000000 greenSwitchTask_attributes
C:\Users\marce\AppData\Local\Temp\ccMPbXay.s:796    .bss.greenSwitchTaskHandle:0000000000000000 greenSwitchTaskHandle
C:\Users\marce\AppData\Local\Temp\ccMPbXay.s:810    .rodata.SPIMutex_attributes:0000000000000000 SPIMutex_attributes
C:\Users\marce\AppData\Local\Temp\ccMPbXay.s:765    .bss.SPIMutexHandle:0000000000000000 SPIMutexHandle
C:\Users\marce\AppData\Local\Temp\ccMPbXay.s:828    .rodata.defaultTask_attributes:0000000000000000 defaultTask_attributes
C:\Users\marce\AppData\Local\Temp\ccMPbXay.s:784    .bss.defaultTaskHandle:0000000000000000 defaultTaskHandle
C:\Users\marce\AppData\Local\Temp\ccMPbXay.s:803    .bss.hspi1:0000000000000000 hspi1
C:\Users\marce\AppData\Local\Temp\ccMPbXay.s:754    .bss.CANInterruptQueue:0000000000000000 $d
C:\Users\marce\AppData\Local\Temp\ccMPbXay.s:761    .bss.SPIMutexHandle:0000000000000000 $d
C:\Users\marce\AppData\Local\Temp\ccMPbXay.s:771    .bss.blueStatus:0000000000000000 $d
C:\Users\marce\AppData\Local\Temp\ccMPbXay.s:773    .bss.blueSwitchTaskHandle:0000000000000000 $d
C:\Users\marce\AppData\Local\Temp\ccMPbXay.s:780    .bss.defaultTaskHandle:0000000000000000 $d
C:\Users\marce\AppData\Local\Temp\ccMPbXay.s:790    .bss.greenStatus:0000000000000000 $d
C:\Users\marce\AppData\Local\Temp\ccMPbXay.s:792    .bss.greenSwitchTaskHandle:0000000000000000 $d
C:\Users\marce\AppData\Local\Temp\ccMPbXay.s:799    .bss.hspi1:0000000000000000 $d
C:\Users\marce\AppData\Local\Temp\ccMPbXay.s:806    .rodata.SPIMutex_attributes:0000000000000000 $d
C:\Users\marce\AppData\Local\Temp\ccMPbXay.s:814    .rodata.blueSwitchTask_attributes:0000000000000000 $d
C:\Users\marce\AppData\Local\Temp\ccMPbXay.s:824    .rodata.defaultTask_attributes:0000000000000000 $d
C:\Users\marce\AppData\Local\Temp\ccMPbXay.s:835    .rodata.greenSwitchTask_attributes:0000000000000000 $d

UNDEFINED SYMBOLS
HAL_GPIO_WritePin
HAL_GPIO_Init
HAL_NVIC_SetPriority
HAL_NVIC_EnableIRQ
osDelay
CAN_IC_WRITE_REGISTER
osMessageQueuePut
ARM GAS  C:\Users\marce\AppData\Local\Temp\ccMPbXay.s 			page 29


HAL_IncTick
HAL_SPI_Init
memset
HAL_RCC_OscConfig
HAL_RCC_ClockConfig
HAL_Init
ConfigureCANSPI
osKernelInitialize
osMutexNew
osMessageQueueNew
osThreadNew
osKernelStart
greenSwitchTask
blueSwitchTask
