ARM GAS  C:\Users\marce\AppData\Local\Temp\cc8FDhzU.s 			page 1


   1              		.cpu cortex-m3
   2              		.arch armv7-m
   3              		.fpu softvfp
   4              		.eabi_attribute 20, 1
   5              		.eabi_attribute 21, 1
   6              		.eabi_attribute 23, 3
   7              		.eabi_attribute 24, 1
   8              		.eabi_attribute 25, 1
   9              		.eabi_attribute 26, 1
  10              		.eabi_attribute 30, 1
  11              		.eabi_attribute 34, 1
  12              		.eabi_attribute 18, 4
  13              		.file	"BlueSwitchTask.c"
  14              		.text
  15              	.Ltext0:
  16              		.cfi_sections	.debug_frame
  17              		.section	.text.blueSwitchTask,"ax",%progbits
  18              		.align	1
  19              		.global	blueSwitchTask
  20              		.syntax unified
  21              		.thumb
  22              		.thumb_func
  24              	blueSwitchTask:
  25              	.LVL0:
  26              	.LFB76:
  27              		.file 1 "Core/Src/BlueSwitchTask.c"
   1:Core/Src/BlueSwitchTask.c **** /*
   2:Core/Src/BlueSwitchTask.c ****  * BlueSwitchTask.c
   3:Core/Src/BlueSwitchTask.c ****  *
   4:Core/Src/BlueSwitchTask.c ****  *  Created on: Nov. 23, 2022
   5:Core/Src/BlueSwitchTask.c ****  *      Author: marce
   6:Core/Src/BlueSwitchTask.c ****  */
   7:Core/Src/BlueSwitchTask.c **** 
   8:Core/Src/BlueSwitchTask.c **** #include "BlueSwitchTask.h"
   9:Core/Src/BlueSwitchTask.c **** 
  10:Core/Src/BlueSwitchTask.c **** static const uint32_t BLUE_LED_EXID = 0xAAAAAAA;
  11:Core/Src/BlueSwitchTask.c **** 
  12:Core/Src/BlueSwitchTask.c **** void blueSwitchTask(void const* arg)
  13:Core/Src/BlueSwitchTask.c **** {
  28              		.loc 1 13 1 view -0
  29              		.cfi_startproc
  30              		@ args = 0, pretend = 0, frame = 8
  31              		@ frame_needed = 0, uses_anonymous_args = 0
  32              		.loc 1 13 1 is_stmt 0 view .LVU1
  33 0000 00B5     		push	{lr}
  34              	.LCFI0:
  35              		.cfi_def_cfa_offset 4
  36              		.cfi_offset 14, -4
  37 0002 85B0     		sub	sp, sp, #20
  38              	.LCFI1:
  39              		.cfi_def_cfa_offset 24
  14:Core/Src/BlueSwitchTask.c ****     //One time osDelayUntil initialization
  15:Core/Src/BlueSwitchTask.c ****     uint32_t prevWakeTime = osKernelSysTick();
  40              		.loc 1 15 5 is_stmt 1 view .LVU2
  41              		.loc 1 15 29 is_stmt 0 view .LVU3
  42 0004 FFF7FEFF 		bl	osKernelGetSysTimerCount
  43              	.LVL1:
ARM GAS  C:\Users\marce\AppData\Local\Temp\cc8FDhzU.s 			page 2


  16:Core/Src/BlueSwitchTask.c **** 
  17:Core/Src/BlueSwitchTask.c ****     uint8_t data[1] = {0x89};
  44              		.loc 1 17 5 is_stmt 1 view .LVU4
  45              		.loc 1 17 13 is_stmt 0 view .LVU5
  46 0008 8923     		movs	r3, #137
  47 000a 8DF80C30 		strb	r3, [sp, #12]
  48 000e 18E0     		b	.L5
  49              	.L2:
  18:Core/Src/BlueSwitchTask.c **** 
  19:Core/Src/BlueSwitchTask.c ****     for (;;)
  20:Core/Src/BlueSwitchTask.c ****     {
  21:Core/Src/BlueSwitchTask.c ****     	osDelay(10);
  22:Core/Src/BlueSwitchTask.c ****     	if (HAL_GPIO_ReadPin(BLUE_SWITCH_GPIO_Port, BLUE_SWITCH_Pin)) {
  23:Core/Src/BlueSwitchTask.c ****     		data[0] = 0x89;
  24:Core/Src/BlueSwitchTask.c ****     	} else {
  25:Core/Src/BlueSwitchTask.c ****     		data[0] = 0x0;
  50              		.loc 1 25 7 is_stmt 1 view .LVU6
  51              		.loc 1 25 15 is_stmt 0 view .LVU7
  52 0010 0023     		movs	r3, #0
  53 0012 8DF80C30 		strb	r3, [sp, #12]
  54              	.L3:
  26:Core/Src/BlueSwitchTask.c ****     	}
  27:Core/Src/BlueSwitchTask.c **** 
  28:Core/Src/BlueSwitchTask.c ****     	if (osMutexWait(SPIMutexHandle, 0) == osOK) {
  55              		.loc 1 28 6 is_stmt 1 view .LVU8
  56              		.loc 1 28 10 is_stmt 0 view .LVU9
  57 0016 0021     		movs	r1, #0
  58 0018 114B     		ldr	r3, .L7
  59 001a 1868     		ldr	r0, [r3]
  60 001c FFF7FEFF 		bl	osMutexAcquire
  61              	.LVL2:
  62              		.loc 1 28 9 view .LVU10
  63 0020 38B9     		cbnz	r0, .L4
  29:Core/Src/BlueSwitchTask.c ****     		sendExtendedCANMessage(0, BLUE_LED_EXID, 1, data);
  64              		.loc 1 29 7 is_stmt 1 view .LVU11
  65 0022 03AB     		add	r3, sp, #12
  66 0024 0193     		str	r3, [sp, #4]
  67 0026 0123     		movs	r3, #1
  68 0028 0093     		str	r3, [sp]
  69 002a 0E4A     		ldr	r2, .L7+4
  70 002c 0023     		movs	r3, #0
  71 002e FFF7FEFF 		bl	sendExtendedCANMessage
  72              	.LVL3:
  73              	.L4:
  30:Core/Src/BlueSwitchTask.c ****     	}
  31:Core/Src/BlueSwitchTask.c **** 
  32:Core/Src/BlueSwitchTask.c ****     	osMutexRelease(SPIMutexHandle);
  74              		.loc 1 32 6 view .LVU12
  75 0032 0B4B     		ldr	r3, .L7
  76 0034 1868     		ldr	r0, [r3]
  77 0036 FFF7FEFF 		bl	osMutexRelease
  78              	.LVL4:
  33:Core/Src/BlueSwitchTask.c **** 
  34:Core/Src/BlueSwitchTask.c ****     	CAN_IC_READ_REGISTER(0x29, data);
  79              		.loc 1 34 6 view .LVU13
  80 003a 03A9     		add	r1, sp, #12
  81 003c 2920     		movs	r0, #41
ARM GAS  C:\Users\marce\AppData\Local\Temp\cc8FDhzU.s 			page 3


  82 003e FFF7FEFF 		bl	CAN_IC_READ_REGISTER
  83              	.LVL5:
  19:Core/Src/BlueSwitchTask.c ****     {
  84              		.loc 1 19 11 view .LVU14
  85              	.L5:
  19:Core/Src/BlueSwitchTask.c ****     {
  86              		.loc 1 19 5 view .LVU15
  21:Core/Src/BlueSwitchTask.c ****     	if (HAL_GPIO_ReadPin(BLUE_SWITCH_GPIO_Port, BLUE_SWITCH_Pin)) {
  87              		.loc 1 21 6 view .LVU16
  88 0042 0A20     		movs	r0, #10
  89 0044 FFF7FEFF 		bl	osDelay
  90              	.LVL6:
  22:Core/Src/BlueSwitchTask.c ****     		data[0] = 0x89;
  91              		.loc 1 22 6 view .LVU17
  22:Core/Src/BlueSwitchTask.c ****     		data[0] = 0x89;
  92              		.loc 1 22 10 is_stmt 0 view .LVU18
  93 0048 4FF48071 		mov	r1, #256
  94 004c 0648     		ldr	r0, .L7+8
  95 004e FFF7FEFF 		bl	HAL_GPIO_ReadPin
  96              	.LVL7:
  22:Core/Src/BlueSwitchTask.c ****     		data[0] = 0x89;
  97              		.loc 1 22 9 view .LVU19
  98 0052 0028     		cmp	r0, #0
  99 0054 DCD0     		beq	.L2
  23:Core/Src/BlueSwitchTask.c ****     	} else {
 100              		.loc 1 23 7 is_stmt 1 view .LVU20
  23:Core/Src/BlueSwitchTask.c ****     	} else {
 101              		.loc 1 23 15 is_stmt 0 view .LVU21
 102 0056 8923     		movs	r3, #137
 103 0058 8DF80C30 		strb	r3, [sp, #12]
 104 005c DBE7     		b	.L3
 105              	.L8:
 106 005e 00BF     		.align	2
 107              	.L7:
 108 0060 00000000 		.word	SPIMutexHandle
 109 0064 AAAAAA0A 		.word	178956970
 110 0068 00080240 		.word	1073874944
 111              		.cfi_endproc
 112              	.LFE76:
 114              		.text
 115              	.Letext0:
 116              		.file 2 "c:\\st\\stm32cubeide_1.10.1\\stm32cubeide\\plugins\\com.st.stm32cube.ide.mcu.externaltool
 117              		.file 3 "c:\\st\\stm32cubeide_1.10.1\\stm32cubeide\\plugins\\com.st.stm32cube.ide.mcu.externaltool
 118              		.file 4 "Drivers/CMSIS/Device/ST/STM32L1xx/Include/stm32l152xe.h"
 119              		.file 5 "Drivers/STM32L1xx_HAL_Driver/Inc/stm32l1xx_hal_gpio.h"
 120              		.file 6 "Middlewares/Third_Party/FreeRTOS/Source/CMSIS_RTOS_V2/cmsis_os2.h"
 121              		.file 7 "Core/Inc/main.h"
 122              		.file 8 "Core/Inc/CAN.h"
ARM GAS  C:\Users\marce\AppData\Local\Temp\cc8FDhzU.s 			page 4


DEFINED SYMBOLS
                            *ABS*:0000000000000000 BlueSwitchTask.c
C:\Users\marce\AppData\Local\Temp\cc8FDhzU.s:18     .text.blueSwitchTask:0000000000000000 $t
C:\Users\marce\AppData\Local\Temp\cc8FDhzU.s:24     .text.blueSwitchTask:0000000000000000 blueSwitchTask
C:\Users\marce\AppData\Local\Temp\cc8FDhzU.s:108    .text.blueSwitchTask:0000000000000060 $d

UNDEFINED SYMBOLS
osKernelGetSysTimerCount
osMutexAcquire
sendExtendedCANMessage
osMutexRelease
CAN_IC_READ_REGISTER
osDelay
HAL_GPIO_ReadPin
SPIMutexHandle
