ARM GAS  /tmp/cc1jn2B0.s 			page 1


   1              		.cpu cortex-m3
   2              		.eabi_attribute 20, 1
   3              		.eabi_attribute 21, 1
   4              		.eabi_attribute 23, 3
   5              		.eabi_attribute 24, 1
   6              		.eabi_attribute 25, 1
   7              		.eabi_attribute 26, 1
   8              		.eabi_attribute 30, 1
   9              		.eabi_attribute 34, 1
  10              		.eabi_attribute 18, 4
  11              		.file	"freertos.c"
  12              		.text
  13              	.Ltext0:
  14              		.cfi_sections	.debug_frame
  15              	.Letext0:
  16              		.file 1 "/opt/gcc4mbed/gcc-arm-none-eabi/arm-none-eabi/include/machine/_default_types.h"
  17              		.file 2 "/opt/gcc4mbed/gcc-arm-none-eabi/arm-none-eabi/include/sys/_stdint.h"
  18              		.file 3 "Core/Inc/FreeRTOSConfig.h"
  19              		.file 4 "Drivers/CMSIS/Include/core_cm3.h"
  20              		.file 5 "Drivers/CMSIS/Device/ST/STM32L1xx/Include/system_stm32l1xx.h"
  21              		.file 6 "Drivers/STM32L1xx_HAL_Driver/Inc/stm32l1xx_hal.h"
ARM GAS  /tmp/cc1jn2B0.s 			page 2


DEFINED SYMBOLS
                            *ABS*:0000000000000000 freertos.c

NO UNDEFINED SYMBOLS
