ARM GAS  /tmp/ccW0Wfxc.s 			page 1


   1              		.cpu cortex-m3
   2              		.eabi_attribute 20, 1
   3              		.eabi_attribute 21, 1
   4              		.eabi_attribute 23, 3
   5              		.eabi_attribute 24, 1
   6              		.eabi_attribute 25, 1
   7              		.eabi_attribute 26, 1
   8              		.eabi_attribute 30, 1
   9              		.eabi_attribute 34, 1
  10              		.eabi_attribute 18, 4
  11              		.file	"stm32l1xx_hal_pcd_ex.c"
  12              		.text
  13              	.Ltext0:
  14              		.cfi_sections	.debug_frame
  15              		.section	.text.HAL_PCDEx_PMAConfig,"ax",%progbits
  16              		.align	1
  17              		.global	HAL_PCDEx_PMAConfig
  18              		.syntax unified
  19              		.thumb
  20              		.thumb_func
  21              		.fpu softvfp
  23              	HAL_PCDEx_PMAConfig:
  24              	.LFB72:
  25              		.file 1 "Drivers/STM32L1xx_HAL_Driver/Src/stm32l1xx_hal_pcd_ex.c"
   1:Drivers/STM32L1xx_HAL_Driver/Src/stm32l1xx_hal_pcd_ex.c **** /**
   2:Drivers/STM32L1xx_HAL_Driver/Src/stm32l1xx_hal_pcd_ex.c ****   ******************************************************************************
   3:Drivers/STM32L1xx_HAL_Driver/Src/stm32l1xx_hal_pcd_ex.c ****   * @file    stm32l1xx_hal_pcd_ex.c
   4:Drivers/STM32L1xx_HAL_Driver/Src/stm32l1xx_hal_pcd_ex.c ****   * @author  MCD Application Team
   5:Drivers/STM32L1xx_HAL_Driver/Src/stm32l1xx_hal_pcd_ex.c ****   * @brief   PCD Extended HAL module driver.
   6:Drivers/STM32L1xx_HAL_Driver/Src/stm32l1xx_hal_pcd_ex.c ****   *          This file provides firmware functions to manage the following
   7:Drivers/STM32L1xx_HAL_Driver/Src/stm32l1xx_hal_pcd_ex.c ****   *          functionalities of the USB Peripheral Controller:
   8:Drivers/STM32L1xx_HAL_Driver/Src/stm32l1xx_hal_pcd_ex.c ****   *           + Extended features functions
   9:Drivers/STM32L1xx_HAL_Driver/Src/stm32l1xx_hal_pcd_ex.c ****   *
  10:Drivers/STM32L1xx_HAL_Driver/Src/stm32l1xx_hal_pcd_ex.c ****   ******************************************************************************
  11:Drivers/STM32L1xx_HAL_Driver/Src/stm32l1xx_hal_pcd_ex.c ****   * @attention
  12:Drivers/STM32L1xx_HAL_Driver/Src/stm32l1xx_hal_pcd_ex.c ****   *
  13:Drivers/STM32L1xx_HAL_Driver/Src/stm32l1xx_hal_pcd_ex.c ****   * <h2><center>&copy; Copyright (c) 2016 STMicroelectronics.
  14:Drivers/STM32L1xx_HAL_Driver/Src/stm32l1xx_hal_pcd_ex.c ****   * All rights reserved.</center></h2>
  15:Drivers/STM32L1xx_HAL_Driver/Src/stm32l1xx_hal_pcd_ex.c ****   *
  16:Drivers/STM32L1xx_HAL_Driver/Src/stm32l1xx_hal_pcd_ex.c ****   * This software component is licensed by ST under BSD 3-Clause license,
  17:Drivers/STM32L1xx_HAL_Driver/Src/stm32l1xx_hal_pcd_ex.c ****   * the "License"; You may not use this file except in compliance with the
  18:Drivers/STM32L1xx_HAL_Driver/Src/stm32l1xx_hal_pcd_ex.c ****   * License. You may obtain a copy of the License at:
  19:Drivers/STM32L1xx_HAL_Driver/Src/stm32l1xx_hal_pcd_ex.c ****   *                        opensource.org/licenses/BSD-3-Clause
  20:Drivers/STM32L1xx_HAL_Driver/Src/stm32l1xx_hal_pcd_ex.c ****   *
  21:Drivers/STM32L1xx_HAL_Driver/Src/stm32l1xx_hal_pcd_ex.c ****   ******************************************************************************
  22:Drivers/STM32L1xx_HAL_Driver/Src/stm32l1xx_hal_pcd_ex.c ****   */
  23:Drivers/STM32L1xx_HAL_Driver/Src/stm32l1xx_hal_pcd_ex.c **** 
  24:Drivers/STM32L1xx_HAL_Driver/Src/stm32l1xx_hal_pcd_ex.c **** /* Includes ------------------------------------------------------------------*/
  25:Drivers/STM32L1xx_HAL_Driver/Src/stm32l1xx_hal_pcd_ex.c **** #include "stm32l1xx_hal.h"
  26:Drivers/STM32L1xx_HAL_Driver/Src/stm32l1xx_hal_pcd_ex.c **** 
  27:Drivers/STM32L1xx_HAL_Driver/Src/stm32l1xx_hal_pcd_ex.c **** /** @addtogroup STM32L1xx_HAL_Driver
  28:Drivers/STM32L1xx_HAL_Driver/Src/stm32l1xx_hal_pcd_ex.c ****   * @{
  29:Drivers/STM32L1xx_HAL_Driver/Src/stm32l1xx_hal_pcd_ex.c ****   */
  30:Drivers/STM32L1xx_HAL_Driver/Src/stm32l1xx_hal_pcd_ex.c **** 
  31:Drivers/STM32L1xx_HAL_Driver/Src/stm32l1xx_hal_pcd_ex.c **** /** @defgroup PCDEx PCDEx
  32:Drivers/STM32L1xx_HAL_Driver/Src/stm32l1xx_hal_pcd_ex.c ****   * @brief PCD Extended HAL module driver
  33:Drivers/STM32L1xx_HAL_Driver/Src/stm32l1xx_hal_pcd_ex.c ****   * @{
ARM GAS  /tmp/ccW0Wfxc.s 			page 2


  34:Drivers/STM32L1xx_HAL_Driver/Src/stm32l1xx_hal_pcd_ex.c ****   */
  35:Drivers/STM32L1xx_HAL_Driver/Src/stm32l1xx_hal_pcd_ex.c **** 
  36:Drivers/STM32L1xx_HAL_Driver/Src/stm32l1xx_hal_pcd_ex.c **** #ifdef HAL_PCD_MODULE_ENABLED
  37:Drivers/STM32L1xx_HAL_Driver/Src/stm32l1xx_hal_pcd_ex.c **** 
  38:Drivers/STM32L1xx_HAL_Driver/Src/stm32l1xx_hal_pcd_ex.c **** #if defined (USB)
  39:Drivers/STM32L1xx_HAL_Driver/Src/stm32l1xx_hal_pcd_ex.c **** /* Private types -------------------------------------------------------------*/
  40:Drivers/STM32L1xx_HAL_Driver/Src/stm32l1xx_hal_pcd_ex.c **** /* Private variables ---------------------------------------------------------*/
  41:Drivers/STM32L1xx_HAL_Driver/Src/stm32l1xx_hal_pcd_ex.c **** /* Private constants ---------------------------------------------------------*/
  42:Drivers/STM32L1xx_HAL_Driver/Src/stm32l1xx_hal_pcd_ex.c **** /* Private macros ------------------------------------------------------------*/
  43:Drivers/STM32L1xx_HAL_Driver/Src/stm32l1xx_hal_pcd_ex.c **** /* Private functions ---------------------------------------------------------*/
  44:Drivers/STM32L1xx_HAL_Driver/Src/stm32l1xx_hal_pcd_ex.c **** /* Exported functions --------------------------------------------------------*/
  45:Drivers/STM32L1xx_HAL_Driver/Src/stm32l1xx_hal_pcd_ex.c **** 
  46:Drivers/STM32L1xx_HAL_Driver/Src/stm32l1xx_hal_pcd_ex.c **** /** @defgroup PCDEx_Exported_Functions PCDEx Exported Functions
  47:Drivers/STM32L1xx_HAL_Driver/Src/stm32l1xx_hal_pcd_ex.c ****   * @{
  48:Drivers/STM32L1xx_HAL_Driver/Src/stm32l1xx_hal_pcd_ex.c ****   */
  49:Drivers/STM32L1xx_HAL_Driver/Src/stm32l1xx_hal_pcd_ex.c **** 
  50:Drivers/STM32L1xx_HAL_Driver/Src/stm32l1xx_hal_pcd_ex.c **** /** @defgroup PCDEx_Exported_Functions_Group1 Peripheral Control functions
  51:Drivers/STM32L1xx_HAL_Driver/Src/stm32l1xx_hal_pcd_ex.c ****   * @brief    PCDEx control functions
  52:Drivers/STM32L1xx_HAL_Driver/Src/stm32l1xx_hal_pcd_ex.c ****   *
  53:Drivers/STM32L1xx_HAL_Driver/Src/stm32l1xx_hal_pcd_ex.c **** @verbatim
  54:Drivers/STM32L1xx_HAL_Driver/Src/stm32l1xx_hal_pcd_ex.c ****  ===============================================================================
  55:Drivers/STM32L1xx_HAL_Driver/Src/stm32l1xx_hal_pcd_ex.c ****                  ##### Extended features functions #####
  56:Drivers/STM32L1xx_HAL_Driver/Src/stm32l1xx_hal_pcd_ex.c ****  ===============================================================================
  57:Drivers/STM32L1xx_HAL_Driver/Src/stm32l1xx_hal_pcd_ex.c ****     [..]  This section provides functions allowing to:
  58:Drivers/STM32L1xx_HAL_Driver/Src/stm32l1xx_hal_pcd_ex.c ****       (+) Update FIFO configuration
  59:Drivers/STM32L1xx_HAL_Driver/Src/stm32l1xx_hal_pcd_ex.c **** 
  60:Drivers/STM32L1xx_HAL_Driver/Src/stm32l1xx_hal_pcd_ex.c **** @endverbatim
  61:Drivers/STM32L1xx_HAL_Driver/Src/stm32l1xx_hal_pcd_ex.c ****   * @{
  62:Drivers/STM32L1xx_HAL_Driver/Src/stm32l1xx_hal_pcd_ex.c ****   */
  63:Drivers/STM32L1xx_HAL_Driver/Src/stm32l1xx_hal_pcd_ex.c **** 
  64:Drivers/STM32L1xx_HAL_Driver/Src/stm32l1xx_hal_pcd_ex.c **** /**
  65:Drivers/STM32L1xx_HAL_Driver/Src/stm32l1xx_hal_pcd_ex.c ****   * @brief  Configure PMA for EP
  66:Drivers/STM32L1xx_HAL_Driver/Src/stm32l1xx_hal_pcd_ex.c ****   * @param  hpcd  Device instance
  67:Drivers/STM32L1xx_HAL_Driver/Src/stm32l1xx_hal_pcd_ex.c ****   * @param  ep_addr endpoint address
  68:Drivers/STM32L1xx_HAL_Driver/Src/stm32l1xx_hal_pcd_ex.c ****   * @param  ep_kind endpoint Kind
  69:Drivers/STM32L1xx_HAL_Driver/Src/stm32l1xx_hal_pcd_ex.c ****   *                  USB_SNG_BUF: Single Buffer used
  70:Drivers/STM32L1xx_HAL_Driver/Src/stm32l1xx_hal_pcd_ex.c ****   *                  USB_DBL_BUF: Double Buffer used
  71:Drivers/STM32L1xx_HAL_Driver/Src/stm32l1xx_hal_pcd_ex.c ****   * @param  pmaadress: EP address in The PMA: In case of single buffer endpoint
  72:Drivers/STM32L1xx_HAL_Driver/Src/stm32l1xx_hal_pcd_ex.c ****   *                   this parameter is 16-bit value providing the address
  73:Drivers/STM32L1xx_HAL_Driver/Src/stm32l1xx_hal_pcd_ex.c ****   *                   in PMA allocated to endpoint.
  74:Drivers/STM32L1xx_HAL_Driver/Src/stm32l1xx_hal_pcd_ex.c ****   *                   In case of double buffer endpoint this parameter
  75:Drivers/STM32L1xx_HAL_Driver/Src/stm32l1xx_hal_pcd_ex.c ****   *                   is a 32-bit value providing the endpoint buffer 0 address
  76:Drivers/STM32L1xx_HAL_Driver/Src/stm32l1xx_hal_pcd_ex.c ****   *                   in the LSB part of 32-bit value and endpoint buffer 1 address
  77:Drivers/STM32L1xx_HAL_Driver/Src/stm32l1xx_hal_pcd_ex.c ****   *                   in the MSB part of 32-bit value.
  78:Drivers/STM32L1xx_HAL_Driver/Src/stm32l1xx_hal_pcd_ex.c ****   * @retval HAL status
  79:Drivers/STM32L1xx_HAL_Driver/Src/stm32l1xx_hal_pcd_ex.c ****   */
  80:Drivers/STM32L1xx_HAL_Driver/Src/stm32l1xx_hal_pcd_ex.c **** 
  81:Drivers/STM32L1xx_HAL_Driver/Src/stm32l1xx_hal_pcd_ex.c **** HAL_StatusTypeDef  HAL_PCDEx_PMAConfig(PCD_HandleTypeDef *hpcd, uint16_t ep_addr,
  82:Drivers/STM32L1xx_HAL_Driver/Src/stm32l1xx_hal_pcd_ex.c ****                                        uint16_t ep_kind, uint32_t pmaadress)
  83:Drivers/STM32L1xx_HAL_Driver/Src/stm32l1xx_hal_pcd_ex.c **** {
  26              		.loc 1 83 0
  27              		.cfi_startproc
  28              		@ args = 0, pretend = 0, frame = 0
  29              		@ frame_needed = 0, uses_anonymous_args = 0
  30              		@ link register save eliminated.
  31              	.LVL0:
  32 0000 10B4     		push	{r4}
ARM GAS  /tmp/ccW0Wfxc.s 			page 3


  33              	.LCFI0:
  34              		.cfi_def_cfa_offset 4
  35              		.cfi_offset 4, -4
  84:Drivers/STM32L1xx_HAL_Driver/Src/stm32l1xx_hal_pcd_ex.c ****   PCD_EPTypeDef *ep;
  85:Drivers/STM32L1xx_HAL_Driver/Src/stm32l1xx_hal_pcd_ex.c **** 
  86:Drivers/STM32L1xx_HAL_Driver/Src/stm32l1xx_hal_pcd_ex.c ****   /* initialize ep structure*/
  87:Drivers/STM32L1xx_HAL_Driver/Src/stm32l1xx_hal_pcd_ex.c ****   if ((0x80U & ep_addr) == 0x80U)
  36              		.loc 1 87 0
  37 0002 11F0800F 		tst	r1, #128
  38 0006 0FD0     		beq	.L2
  88:Drivers/STM32L1xx_HAL_Driver/Src/stm32l1xx_hal_pcd_ex.c ****   {
  89:Drivers/STM32L1xx_HAL_Driver/Src/stm32l1xx_hal_pcd_ex.c ****     ep = &hpcd->IN_ep[ep_addr & EP_ADDR_MSK];
  39              		.loc 1 89 0
  40 0008 01F00701 		and	r1, r1, #7
  41              	.LVL1:
  42 000c 0131     		adds	r1, r1, #1
  43 000e 01EB8101 		add	r1, r1, r1, lsl #2
  44 0012 CC00     		lsls	r4, r1, #3
  45 0014 2044     		add	r0, r0, r4
  46              	.LVL2:
  47              	.L3:
  90:Drivers/STM32L1xx_HAL_Driver/Src/stm32l1xx_hal_pcd_ex.c ****   }
  91:Drivers/STM32L1xx_HAL_Driver/Src/stm32l1xx_hal_pcd_ex.c ****   else
  92:Drivers/STM32L1xx_HAL_Driver/Src/stm32l1xx_hal_pcd_ex.c ****   {
  93:Drivers/STM32L1xx_HAL_Driver/Src/stm32l1xx_hal_pcd_ex.c ****     ep = &hpcd->OUT_ep[ep_addr];
  94:Drivers/STM32L1xx_HAL_Driver/Src/stm32l1xx_hal_pcd_ex.c ****   }
  95:Drivers/STM32L1xx_HAL_Driver/Src/stm32l1xx_hal_pcd_ex.c **** 
  96:Drivers/STM32L1xx_HAL_Driver/Src/stm32l1xx_hal_pcd_ex.c ****   /* Here we check if the endpoint is single or double Buffer*/
  97:Drivers/STM32L1xx_HAL_Driver/Src/stm32l1xx_hal_pcd_ex.c ****   if (ep_kind == PCD_SNG_BUF)
  48              		.loc 1 97 0
  49 0016 72B1     		cbz	r2, .L7
  98:Drivers/STM32L1xx_HAL_Driver/Src/stm32l1xx_hal_pcd_ex.c ****   {
  99:Drivers/STM32L1xx_HAL_Driver/Src/stm32l1xx_hal_pcd_ex.c ****     /* Single Buffer */
 100:Drivers/STM32L1xx_HAL_Driver/Src/stm32l1xx_hal_pcd_ex.c ****     ep->doublebuffer = 0U;
 101:Drivers/STM32L1xx_HAL_Driver/Src/stm32l1xx_hal_pcd_ex.c ****     /* Configure the PMA */
 102:Drivers/STM32L1xx_HAL_Driver/Src/stm32l1xx_hal_pcd_ex.c ****     ep->pmaadress = (uint16_t)pmaadress;
 103:Drivers/STM32L1xx_HAL_Driver/Src/stm32l1xx_hal_pcd_ex.c ****   }
 104:Drivers/STM32L1xx_HAL_Driver/Src/stm32l1xx_hal_pcd_ex.c ****   else /* USB_DBL_BUF */
 105:Drivers/STM32L1xx_HAL_Driver/Src/stm32l1xx_hal_pcd_ex.c ****   {
 106:Drivers/STM32L1xx_HAL_Driver/Src/stm32l1xx_hal_pcd_ex.c ****     /* Double Buffer Endpoint */
 107:Drivers/STM32L1xx_HAL_Driver/Src/stm32l1xx_hal_pcd_ex.c ****     ep->doublebuffer = 1U;
  50              		.loc 1 107 0
  51 0018 0122     		movs	r2, #1
  52              	.LVL3:
  53 001a 0273     		strb	r2, [r0, #12]
 108:Drivers/STM32L1xx_HAL_Driver/Src/stm32l1xx_hal_pcd_ex.c ****     /* Configure the PMA */
 109:Drivers/STM32L1xx_HAL_Driver/Src/stm32l1xx_hal_pcd_ex.c ****     ep->pmaaddr0 = (uint16_t)(pmaadress & 0xFFFFU);
  54              		.loc 1 109 0
  55 001c 0381     		strh	r3, [r0, #8]	@ movhi
 110:Drivers/STM32L1xx_HAL_Driver/Src/stm32l1xx_hal_pcd_ex.c ****     ep->pmaaddr1 = (uint16_t)((pmaadress & 0xFFFF0000U) >> 16);
  56              		.loc 1 110 0
  57 001e 1B0C     		lsrs	r3, r3, #16
  58              	.LVL4:
  59 0020 4381     		strh	r3, [r0, #10]	@ movhi
  60              	.L5:
 111:Drivers/STM32L1xx_HAL_Driver/Src/stm32l1xx_hal_pcd_ex.c ****   }
 112:Drivers/STM32L1xx_HAL_Driver/Src/stm32l1xx_hal_pcd_ex.c **** 
ARM GAS  /tmp/ccW0Wfxc.s 			page 4


 113:Drivers/STM32L1xx_HAL_Driver/Src/stm32l1xx_hal_pcd_ex.c ****   return HAL_OK;
 114:Drivers/STM32L1xx_HAL_Driver/Src/stm32l1xx_hal_pcd_ex.c **** }
  61              		.loc 1 114 0
  62 0022 0020     		movs	r0, #0
  63              	.LVL5:
  64 0024 10BC     		pop	{r4}
  65              	.LCFI1:
  66              		.cfi_remember_state
  67              		.cfi_restore 4
  68              		.cfi_def_cfa_offset 0
  69 0026 7047     		bx	lr
  70              	.LVL6:
  71              	.L2:
  72              	.LCFI2:
  73              		.cfi_restore_state
  93:Drivers/STM32L1xx_HAL_Driver/Src/stm32l1xx_hal_pcd_ex.c ****   }
  74              		.loc 1 93 0
  75 0028 01EB8101 		add	r1, r1, r1, lsl #2
  76              	.LVL7:
  77 002c CC00     		lsls	r4, r1, #3
  78 002e 04F5B474 		add	r4, r4, #360
  79 0032 2044     		add	r0, r0, r4
  80              	.LVL8:
  81 0034 EFE7     		b	.L3
  82              	.L7:
 100:Drivers/STM32L1xx_HAL_Driver/Src/stm32l1xx_hal_pcd_ex.c ****     /* Configure the PMA */
  83              		.loc 1 100 0
  84 0036 0273     		strb	r2, [r0, #12]
 102:Drivers/STM32L1xx_HAL_Driver/Src/stm32l1xx_hal_pcd_ex.c ****   }
  85              		.loc 1 102 0
  86 0038 C380     		strh	r3, [r0, #6]	@ movhi
  87 003a F2E7     		b	.L5
  88              		.cfi_endproc
  89              	.LFE72:
  91              		.section	.text.HAL_PCDEx_SetConnectionState,"ax",%progbits
  92              		.align	1
  93              		.weak	HAL_PCDEx_SetConnectionState
  94              		.syntax unified
  95              		.thumb
  96              		.thumb_func
  97              		.fpu softvfp
  99              	HAL_PCDEx_SetConnectionState:
 100              	.LFB73:
 115:Drivers/STM32L1xx_HAL_Driver/Src/stm32l1xx_hal_pcd_ex.c **** 
 116:Drivers/STM32L1xx_HAL_Driver/Src/stm32l1xx_hal_pcd_ex.c **** /**
 117:Drivers/STM32L1xx_HAL_Driver/Src/stm32l1xx_hal_pcd_ex.c ****   * @brief  Software Device Connection,
 118:Drivers/STM32L1xx_HAL_Driver/Src/stm32l1xx_hal_pcd_ex.c ****   *         this function is not required by USB OTG FS peripheral, it is used
 119:Drivers/STM32L1xx_HAL_Driver/Src/stm32l1xx_hal_pcd_ex.c ****   *         only by USB Device FS peripheral.
 120:Drivers/STM32L1xx_HAL_Driver/Src/stm32l1xx_hal_pcd_ex.c ****   * @param  hpcd PCD handle
 121:Drivers/STM32L1xx_HAL_Driver/Src/stm32l1xx_hal_pcd_ex.c ****   * @param  state connection state (0 : disconnected / 1: connected)
 122:Drivers/STM32L1xx_HAL_Driver/Src/stm32l1xx_hal_pcd_ex.c ****   * @retval None
 123:Drivers/STM32L1xx_HAL_Driver/Src/stm32l1xx_hal_pcd_ex.c ****   */
 124:Drivers/STM32L1xx_HAL_Driver/Src/stm32l1xx_hal_pcd_ex.c **** __weak void HAL_PCDEx_SetConnectionState(PCD_HandleTypeDef *hpcd, uint8_t state)
 125:Drivers/STM32L1xx_HAL_Driver/Src/stm32l1xx_hal_pcd_ex.c **** {
 101              		.loc 1 125 0
 102              		.cfi_startproc
 103              		@ args = 0, pretend = 0, frame = 0
ARM GAS  /tmp/ccW0Wfxc.s 			page 5


 104              		@ frame_needed = 0, uses_anonymous_args = 0
 105              		@ link register save eliminated.
 106              	.LVL9:
 107 0000 7047     		bx	lr
 108              		.cfi_endproc
 109              	.LFE73:
 111              		.section	.text.HAL_PCDEx_LPM_Callback,"ax",%progbits
 112              		.align	1
 113              		.weak	HAL_PCDEx_LPM_Callback
 114              		.syntax unified
 115              		.thumb
 116              		.thumb_func
 117              		.fpu softvfp
 119              	HAL_PCDEx_LPM_Callback:
 120              	.LFB74:
 126:Drivers/STM32L1xx_HAL_Driver/Src/stm32l1xx_hal_pcd_ex.c ****   /* Prevent unused argument(s) compilation warning */
 127:Drivers/STM32L1xx_HAL_Driver/Src/stm32l1xx_hal_pcd_ex.c ****   UNUSED(hpcd);
 128:Drivers/STM32L1xx_HAL_Driver/Src/stm32l1xx_hal_pcd_ex.c ****   UNUSED(state);
 129:Drivers/STM32L1xx_HAL_Driver/Src/stm32l1xx_hal_pcd_ex.c ****   /* NOTE : This function Should not be modified, when the callback is needed,
 130:Drivers/STM32L1xx_HAL_Driver/Src/stm32l1xx_hal_pcd_ex.c ****             the HAL_PCDEx_SetConnectionState could be implemented in the user file
 131:Drivers/STM32L1xx_HAL_Driver/Src/stm32l1xx_hal_pcd_ex.c ****    */
 132:Drivers/STM32L1xx_HAL_Driver/Src/stm32l1xx_hal_pcd_ex.c **** }
 133:Drivers/STM32L1xx_HAL_Driver/Src/stm32l1xx_hal_pcd_ex.c **** 
 134:Drivers/STM32L1xx_HAL_Driver/Src/stm32l1xx_hal_pcd_ex.c **** 
 135:Drivers/STM32L1xx_HAL_Driver/Src/stm32l1xx_hal_pcd_ex.c **** /**
 136:Drivers/STM32L1xx_HAL_Driver/Src/stm32l1xx_hal_pcd_ex.c ****   * @brief  Send LPM message to user layer callback.
 137:Drivers/STM32L1xx_HAL_Driver/Src/stm32l1xx_hal_pcd_ex.c ****   * @param  hpcd PCD handle
 138:Drivers/STM32L1xx_HAL_Driver/Src/stm32l1xx_hal_pcd_ex.c ****   * @param  msg LPM message
 139:Drivers/STM32L1xx_HAL_Driver/Src/stm32l1xx_hal_pcd_ex.c ****   * @retval HAL status
 140:Drivers/STM32L1xx_HAL_Driver/Src/stm32l1xx_hal_pcd_ex.c ****   */
 141:Drivers/STM32L1xx_HAL_Driver/Src/stm32l1xx_hal_pcd_ex.c **** __weak void HAL_PCDEx_LPM_Callback(PCD_HandleTypeDef *hpcd, PCD_LPM_MsgTypeDef msg)
 142:Drivers/STM32L1xx_HAL_Driver/Src/stm32l1xx_hal_pcd_ex.c **** {
 121              		.loc 1 142 0
 122              		.cfi_startproc
 123              		@ args = 0, pretend = 0, frame = 0
 124              		@ frame_needed = 0, uses_anonymous_args = 0
 125              		@ link register save eliminated.
 126              	.LVL10:
 127 0000 7047     		bx	lr
 128              		.cfi_endproc
 129              	.LFE74:
 131              		.section	.text.HAL_PCDEx_BCD_Callback,"ax",%progbits
 132              		.align	1
 133              		.weak	HAL_PCDEx_BCD_Callback
 134              		.syntax unified
 135              		.thumb
 136              		.thumb_func
 137              		.fpu softvfp
 139              	HAL_PCDEx_BCD_Callback:
 140              	.LFB75:
 143:Drivers/STM32L1xx_HAL_Driver/Src/stm32l1xx_hal_pcd_ex.c ****   /* Prevent unused argument(s) compilation warning */
 144:Drivers/STM32L1xx_HAL_Driver/Src/stm32l1xx_hal_pcd_ex.c ****   UNUSED(hpcd);
 145:Drivers/STM32L1xx_HAL_Driver/Src/stm32l1xx_hal_pcd_ex.c ****   UNUSED(msg);
 146:Drivers/STM32L1xx_HAL_Driver/Src/stm32l1xx_hal_pcd_ex.c **** 
 147:Drivers/STM32L1xx_HAL_Driver/Src/stm32l1xx_hal_pcd_ex.c ****   /* NOTE : This function should not be modified, when the callback is needed,
 148:Drivers/STM32L1xx_HAL_Driver/Src/stm32l1xx_hal_pcd_ex.c ****             the HAL_PCDEx_LPM_Callback could be implemented in the user file
 149:Drivers/STM32L1xx_HAL_Driver/Src/stm32l1xx_hal_pcd_ex.c ****    */
ARM GAS  /tmp/ccW0Wfxc.s 			page 6


 150:Drivers/STM32L1xx_HAL_Driver/Src/stm32l1xx_hal_pcd_ex.c **** }
 151:Drivers/STM32L1xx_HAL_Driver/Src/stm32l1xx_hal_pcd_ex.c **** 
 152:Drivers/STM32L1xx_HAL_Driver/Src/stm32l1xx_hal_pcd_ex.c **** /**
 153:Drivers/STM32L1xx_HAL_Driver/Src/stm32l1xx_hal_pcd_ex.c ****   * @brief  Send BatteryCharging message to user layer callback.
 154:Drivers/STM32L1xx_HAL_Driver/Src/stm32l1xx_hal_pcd_ex.c ****   * @param  hpcd PCD handle
 155:Drivers/STM32L1xx_HAL_Driver/Src/stm32l1xx_hal_pcd_ex.c ****   * @param  msg LPM message
 156:Drivers/STM32L1xx_HAL_Driver/Src/stm32l1xx_hal_pcd_ex.c ****   * @retval HAL status
 157:Drivers/STM32L1xx_HAL_Driver/Src/stm32l1xx_hal_pcd_ex.c ****   */
 158:Drivers/STM32L1xx_HAL_Driver/Src/stm32l1xx_hal_pcd_ex.c **** __weak void HAL_PCDEx_BCD_Callback(PCD_HandleTypeDef *hpcd, PCD_BCD_MsgTypeDef msg)
 159:Drivers/STM32L1xx_HAL_Driver/Src/stm32l1xx_hal_pcd_ex.c **** {
 141              		.loc 1 159 0
 142              		.cfi_startproc
 143              		@ args = 0, pretend = 0, frame = 0
 144              		@ frame_needed = 0, uses_anonymous_args = 0
 145              		@ link register save eliminated.
 146              	.LVL11:
 147 0000 7047     		bx	lr
 148              		.cfi_endproc
 149              	.LFE75:
 151              		.text
 152              	.Letext0:
 153              		.file 2 "/opt/gcc4mbed/gcc-arm-none-eabi/arm-none-eabi/include/machine/_default_types.h"
 154              		.file 3 "/opt/gcc4mbed/gcc-arm-none-eabi/arm-none-eabi/include/sys/_stdint.h"
 155              		.file 4 "Drivers/CMSIS/Include/core_cm3.h"
 156              		.file 5 "Drivers/CMSIS/Device/ST/STM32L1xx/Include/system_stm32l1xx.h"
 157              		.file 6 "Drivers/CMSIS/Device/ST/STM32L1xx/Include/stm32l152xe.h"
 158              		.file 7 "Drivers/STM32L1xx_HAL_Driver/Inc/stm32l1xx_hal_def.h"
 159              		.file 8 "Drivers/STM32L1xx_HAL_Driver/Inc/stm32l1xx_ll_usb.h"
 160              		.file 9 "Drivers/STM32L1xx_HAL_Driver/Inc/stm32l1xx_hal_pcd.h"
 161              		.file 10 "Drivers/STM32L1xx_HAL_Driver/Inc/stm32l1xx_hal.h"
ARM GAS  /tmp/ccW0Wfxc.s 			page 7


DEFINED SYMBOLS
                            *ABS*:0000000000000000 stm32l1xx_hal_pcd_ex.c
     /tmp/ccW0Wfxc.s:16     .text.HAL_PCDEx_PMAConfig:0000000000000000 $t
     /tmp/ccW0Wfxc.s:23     .text.HAL_PCDEx_PMAConfig:0000000000000000 HAL_PCDEx_PMAConfig
     /tmp/ccW0Wfxc.s:92     .text.HAL_PCDEx_SetConnectionState:0000000000000000 $t
     /tmp/ccW0Wfxc.s:99     .text.HAL_PCDEx_SetConnectionState:0000000000000000 HAL_PCDEx_SetConnectionState
     /tmp/ccW0Wfxc.s:112    .text.HAL_PCDEx_LPM_Callback:0000000000000000 $t
     /tmp/ccW0Wfxc.s:119    .text.HAL_PCDEx_LPM_Callback:0000000000000000 HAL_PCDEx_LPM_Callback
     /tmp/ccW0Wfxc.s:132    .text.HAL_PCDEx_BCD_Callback:0000000000000000 $t
     /tmp/ccW0Wfxc.s:139    .text.HAL_PCDEx_BCD_Callback:0000000000000000 HAL_PCDEx_BCD_Callback
                     .debug_frame:0000000000000010 $d

NO UNDEFINED SYMBOLS
