ARM GAS  /tmp/cc0FovDa.s 			page 1


   1              		.cpu cortex-m3
   2              		.eabi_attribute 20, 1
   3              		.eabi_attribute 21, 1
   4              		.eabi_attribute 23, 3
   5              		.eabi_attribute 24, 1
   6              		.eabi_attribute 25, 1
   7              		.eabi_attribute 26, 1
   8              		.eabi_attribute 30, 1
   9              		.eabi_attribute 34, 1
  10              		.eabi_attribute 18, 4
  11              		.file	"stm32l1xx_hal_timebase_tim.c"
  12              		.text
  13              	.Ltext0:
  14              		.cfi_sections	.debug_frame
  15              		.section	.text.HAL_InitTick,"ax",%progbits
  16              		.align	1
  17              		.global	HAL_InitTick
  18              		.syntax unified
  19              		.thumb
  20              		.thumb_func
  21              		.fpu softvfp
  23              	HAL_InitTick:
  24              	.LFB72:
  25              		.file 1 "Core/Src/stm32l1xx_hal_timebase_tim.c"
   1:Core/Src/stm32l1xx_hal_timebase_tim.c **** /* USER CODE BEGIN Header */
   2:Core/Src/stm32l1xx_hal_timebase_tim.c **** /**
   3:Core/Src/stm32l1xx_hal_timebase_tim.c ****   ******************************************************************************
   4:Core/Src/stm32l1xx_hal_timebase_tim.c ****   * @file    stm32l1xx_hal_timebase_TIM.c
   5:Core/Src/stm32l1xx_hal_timebase_tim.c ****   * @brief   HAL time base based on the hardware TIM.
   6:Core/Src/stm32l1xx_hal_timebase_tim.c ****   ******************************************************************************
   7:Core/Src/stm32l1xx_hal_timebase_tim.c ****   * @attention
   8:Core/Src/stm32l1xx_hal_timebase_tim.c ****   *
   9:Core/Src/stm32l1xx_hal_timebase_tim.c ****   * Copyright (c) 2022 STMicroelectronics.
  10:Core/Src/stm32l1xx_hal_timebase_tim.c ****   * All rights reserved.
  11:Core/Src/stm32l1xx_hal_timebase_tim.c ****   *
  12:Core/Src/stm32l1xx_hal_timebase_tim.c ****   * This software is licensed under terms that can be found in the LICENSE file
  13:Core/Src/stm32l1xx_hal_timebase_tim.c ****   * in the root directory of this software component.
  14:Core/Src/stm32l1xx_hal_timebase_tim.c ****   * If no LICENSE file comes with this software, it is provided AS-IS.
  15:Core/Src/stm32l1xx_hal_timebase_tim.c ****   *
  16:Core/Src/stm32l1xx_hal_timebase_tim.c ****   ******************************************************************************
  17:Core/Src/stm32l1xx_hal_timebase_tim.c ****   */
  18:Core/Src/stm32l1xx_hal_timebase_tim.c **** /* USER CODE END Header */
  19:Core/Src/stm32l1xx_hal_timebase_tim.c **** 
  20:Core/Src/stm32l1xx_hal_timebase_tim.c **** /* Includes ------------------------------------------------------------------*/
  21:Core/Src/stm32l1xx_hal_timebase_tim.c **** #include "stm32l1xx_hal.h"
  22:Core/Src/stm32l1xx_hal_timebase_tim.c **** #include "stm32l1xx_hal_tim.h"
  23:Core/Src/stm32l1xx_hal_timebase_tim.c **** 
  24:Core/Src/stm32l1xx_hal_timebase_tim.c **** /* Private typedef -----------------------------------------------------------*/
  25:Core/Src/stm32l1xx_hal_timebase_tim.c **** /* Private define ------------------------------------------------------------*/
  26:Core/Src/stm32l1xx_hal_timebase_tim.c **** /* Private macro -------------------------------------------------------------*/
  27:Core/Src/stm32l1xx_hal_timebase_tim.c **** /* Private variables ---------------------------------------------------------*/
  28:Core/Src/stm32l1xx_hal_timebase_tim.c **** TIM_HandleTypeDef        htim2;
  29:Core/Src/stm32l1xx_hal_timebase_tim.c **** /* Private function prototypes -----------------------------------------------*/
  30:Core/Src/stm32l1xx_hal_timebase_tim.c **** /* Private functions ---------------------------------------------------------*/
  31:Core/Src/stm32l1xx_hal_timebase_tim.c **** 
  32:Core/Src/stm32l1xx_hal_timebase_tim.c **** /**
  33:Core/Src/stm32l1xx_hal_timebase_tim.c ****   * @brief  This function configures the TIM2 as a time base source.
ARM GAS  /tmp/cc0FovDa.s 			page 2


  34:Core/Src/stm32l1xx_hal_timebase_tim.c ****   *         The time source is configured  to have 1ms time base with a dedicated
  35:Core/Src/stm32l1xx_hal_timebase_tim.c ****   *         Tick interrupt priority.
  36:Core/Src/stm32l1xx_hal_timebase_tim.c ****   * @note   This function is called  automatically at the beginning of program after
  37:Core/Src/stm32l1xx_hal_timebase_tim.c ****   *         reset by HAL_Init() or at any time when clock is configured, by HAL_RCC_ClockConfig().
  38:Core/Src/stm32l1xx_hal_timebase_tim.c ****   * @param  TickPriority: Tick interrupt priority.
  39:Core/Src/stm32l1xx_hal_timebase_tim.c ****   * @retval HAL status
  40:Core/Src/stm32l1xx_hal_timebase_tim.c ****   */
  41:Core/Src/stm32l1xx_hal_timebase_tim.c **** HAL_StatusTypeDef HAL_InitTick(uint32_t TickPriority)
  42:Core/Src/stm32l1xx_hal_timebase_tim.c **** {
  26              		.loc 1 42 0
  27              		.cfi_startproc
  28              		@ args = 0, pretend = 0, frame = 32
  29              		@ frame_needed = 0, uses_anonymous_args = 0
  30              	.LVL0:
  31 0000 00B5     		push	{lr}
  32              	.LCFI0:
  33              		.cfi_def_cfa_offset 4
  34              		.cfi_offset 14, -4
  35 0002 89B0     		sub	sp, sp, #36
  36              	.LCFI1:
  37              		.cfi_def_cfa_offset 40
  38              	.LVL1:
  43:Core/Src/stm32l1xx_hal_timebase_tim.c ****   RCC_ClkInitTypeDef    clkconfig;
  44:Core/Src/stm32l1xx_hal_timebase_tim.c ****   uint32_t              uwTimclock = 0;
  45:Core/Src/stm32l1xx_hal_timebase_tim.c ****   uint32_t              uwPrescalerValue = 0;
  46:Core/Src/stm32l1xx_hal_timebase_tim.c ****   uint32_t              pFLatency;
  47:Core/Src/stm32l1xx_hal_timebase_tim.c ****   /*Configure the TIM2 IRQ priority */
  48:Core/Src/stm32l1xx_hal_timebase_tim.c ****   HAL_NVIC_SetPriority(TIM2_IRQn, TickPriority ,0);
  39              		.loc 1 48 0
  40 0004 0022     		movs	r2, #0
  41 0006 0146     		mov	r1, r0
  42 0008 1C20     		movs	r0, #28
  43              	.LVL2:
  44 000a FFF7FEFF 		bl	HAL_NVIC_SetPriority
  45              	.LVL3:
  49:Core/Src/stm32l1xx_hal_timebase_tim.c **** 
  50:Core/Src/stm32l1xx_hal_timebase_tim.c ****   /* Enable the TIM2 global Interrupt */
  51:Core/Src/stm32l1xx_hal_timebase_tim.c ****   HAL_NVIC_EnableIRQ(TIM2_IRQn);
  46              		.loc 1 51 0
  47 000e 1C20     		movs	r0, #28
  48 0010 FFF7FEFF 		bl	HAL_NVIC_EnableIRQ
  49              	.LVL4:
  50              	.LBB2:
  52:Core/Src/stm32l1xx_hal_timebase_tim.c **** 
  53:Core/Src/stm32l1xx_hal_timebase_tim.c ****   /* Enable TIM2 clock */
  54:Core/Src/stm32l1xx_hal_timebase_tim.c ****   __HAL_RCC_TIM2_CLK_ENABLE();
  51              		.loc 1 54 0
  52 0014 154B     		ldr	r3, .L6
  53 0016 5A6A     		ldr	r2, [r3, #36]
  54 0018 42F00102 		orr	r2, r2, #1
  55 001c 5A62     		str	r2, [r3, #36]
  56 001e 5B6A     		ldr	r3, [r3, #36]
  57 0020 03F00103 		and	r3, r3, #1
  58 0024 0193     		str	r3, [sp, #4]
  59 0026 019B     		ldr	r3, [sp, #4]
  60              	.LBE2:
  55:Core/Src/stm32l1xx_hal_timebase_tim.c **** 
ARM GAS  /tmp/cc0FovDa.s 			page 3


  56:Core/Src/stm32l1xx_hal_timebase_tim.c ****   /* Get clock configuration */
  57:Core/Src/stm32l1xx_hal_timebase_tim.c ****   HAL_RCC_GetClockConfig(&clkconfig, &pFLatency);
  61              		.loc 1 57 0
  62 0028 02A9     		add	r1, sp, #8
  63 002a 03A8     		add	r0, sp, #12
  64 002c FFF7FEFF 		bl	HAL_RCC_GetClockConfig
  65              	.LVL5:
  58:Core/Src/stm32l1xx_hal_timebase_tim.c **** 
  59:Core/Src/stm32l1xx_hal_timebase_tim.c ****   /* Compute TIM2 clock */
  60:Core/Src/stm32l1xx_hal_timebase_tim.c ****   uwTimclock = HAL_RCC_GetPCLK1Freq();
  66              		.loc 1 60 0
  67 0030 FFF7FEFF 		bl	HAL_RCC_GetPCLK1Freq
  68              	.LVL6:
  61:Core/Src/stm32l1xx_hal_timebase_tim.c ****   /* Compute the prescaler value to have TIM2 counter clock equal to 1MHz */
  62:Core/Src/stm32l1xx_hal_timebase_tim.c ****   uwPrescalerValue = (uint32_t) ((uwTimclock / 1000000U) - 1U);
  69              		.loc 1 62 0
  70 0034 0E4B     		ldr	r3, .L6+4
  71 0036 A3FB0023 		umull	r2, r3, r3, r0
  72 003a 9B0C     		lsrs	r3, r3, #18
  73 003c 013B     		subs	r3, r3, #1
  74              	.LVL7:
  63:Core/Src/stm32l1xx_hal_timebase_tim.c **** 
  64:Core/Src/stm32l1xx_hal_timebase_tim.c ****   /* Initialize TIM2 */
  65:Core/Src/stm32l1xx_hal_timebase_tim.c ****   htim2.Instance = TIM2;
  75              		.loc 1 65 0
  76 003e 0D48     		ldr	r0, .L6+8
  77              	.LVL8:
  78 0040 4FF08042 		mov	r2, #1073741824
  79 0044 0260     		str	r2, [r0]
  66:Core/Src/stm32l1xx_hal_timebase_tim.c **** 
  67:Core/Src/stm32l1xx_hal_timebase_tim.c ****   /* Initialize TIMx peripheral as follow:
  68:Core/Src/stm32l1xx_hal_timebase_tim.c ****   + Period = [(TIM2CLK/1000) - 1]. to have a (1/1000) s time base.
  69:Core/Src/stm32l1xx_hal_timebase_tim.c ****   + Prescaler = (uwTimclock/1000000 - 1) to have a 1MHz counter clock.
  70:Core/Src/stm32l1xx_hal_timebase_tim.c ****   + ClockDivision = 0
  71:Core/Src/stm32l1xx_hal_timebase_tim.c ****   + Counter direction = Up
  72:Core/Src/stm32l1xx_hal_timebase_tim.c ****   */
  73:Core/Src/stm32l1xx_hal_timebase_tim.c ****   htim2.Init.Period = (1000000U / 1000U) - 1U;
  80              		.loc 1 73 0
  81 0046 40F2E732 		movw	r2, #999
  82 004a C260     		str	r2, [r0, #12]
  74:Core/Src/stm32l1xx_hal_timebase_tim.c ****   htim2.Init.Prescaler = uwPrescalerValue;
  83              		.loc 1 74 0
  84 004c 4360     		str	r3, [r0, #4]
  75:Core/Src/stm32l1xx_hal_timebase_tim.c ****   htim2.Init.ClockDivision = 0;
  85              		.loc 1 75 0
  86 004e 0023     		movs	r3, #0
  87              	.LVL9:
  88 0050 0361     		str	r3, [r0, #16]
  76:Core/Src/stm32l1xx_hal_timebase_tim.c ****   htim2.Init.CounterMode = TIM_COUNTERMODE_UP;
  89              		.loc 1 76 0
  90 0052 8360     		str	r3, [r0, #8]
  77:Core/Src/stm32l1xx_hal_timebase_tim.c **** 
  78:Core/Src/stm32l1xx_hal_timebase_tim.c ****   if(HAL_TIM_Base_Init(&htim2) == HAL_OK)
  91              		.loc 1 78 0
  92 0054 FFF7FEFF 		bl	HAL_TIM_Base_Init
  93              	.LVL10:
  94 0058 18B1     		cbz	r0, .L5
ARM GAS  /tmp/cc0FovDa.s 			page 4


  79:Core/Src/stm32l1xx_hal_timebase_tim.c ****   {
  80:Core/Src/stm32l1xx_hal_timebase_tim.c ****     /* Start the TIM time Base generation in interrupt mode */
  81:Core/Src/stm32l1xx_hal_timebase_tim.c ****     return HAL_TIM_Base_Start_IT(&htim2);
  82:Core/Src/stm32l1xx_hal_timebase_tim.c ****   }
  83:Core/Src/stm32l1xx_hal_timebase_tim.c **** 
  84:Core/Src/stm32l1xx_hal_timebase_tim.c ****   /* Return function status */
  85:Core/Src/stm32l1xx_hal_timebase_tim.c ****   return HAL_ERROR;
  95              		.loc 1 85 0
  96 005a 0120     		movs	r0, #1
  97              	.L2:
  86:Core/Src/stm32l1xx_hal_timebase_tim.c **** }
  98              		.loc 1 86 0
  99 005c 09B0     		add	sp, sp, #36
 100              	.LCFI2:
 101              		.cfi_remember_state
 102              		.cfi_def_cfa_offset 4
 103              		@ sp needed
 104 005e 5DF804FB 		ldr	pc, [sp], #4
 105              	.L5:
 106              	.LCFI3:
 107              		.cfi_restore_state
  81:Core/Src/stm32l1xx_hal_timebase_tim.c ****   }
 108              		.loc 1 81 0
 109 0062 0448     		ldr	r0, .L6+8
 110 0064 FFF7FEFF 		bl	HAL_TIM_Base_Start_IT
 111              	.LVL11:
 112 0068 F8E7     		b	.L2
 113              	.L7:
 114 006a 00BF     		.align	2
 115              	.L6:
 116 006c 00380240 		.word	1073887232
 117 0070 83DE1B43 		.word	1125899907
 118 0074 00000000 		.word	htim2
 119              		.cfi_endproc
 120              	.LFE72:
 122              		.section	.text.HAL_SuspendTick,"ax",%progbits
 123              		.align	1
 124              		.global	HAL_SuspendTick
 125              		.syntax unified
 126              		.thumb
 127              		.thumb_func
 128              		.fpu softvfp
 130              	HAL_SuspendTick:
 131              	.LFB73:
  87:Core/Src/stm32l1xx_hal_timebase_tim.c **** 
  88:Core/Src/stm32l1xx_hal_timebase_tim.c **** /**
  89:Core/Src/stm32l1xx_hal_timebase_tim.c ****   * @brief  Suspend Tick increment.
  90:Core/Src/stm32l1xx_hal_timebase_tim.c ****   * @note   Disable the tick increment by disabling TIM2 update interrupt.
  91:Core/Src/stm32l1xx_hal_timebase_tim.c ****   * @param  None
  92:Core/Src/stm32l1xx_hal_timebase_tim.c ****   * @retval None
  93:Core/Src/stm32l1xx_hal_timebase_tim.c ****   */
  94:Core/Src/stm32l1xx_hal_timebase_tim.c **** void HAL_SuspendTick(void)
  95:Core/Src/stm32l1xx_hal_timebase_tim.c **** {
 132              		.loc 1 95 0
 133              		.cfi_startproc
 134              		@ args = 0, pretend = 0, frame = 0
 135              		@ frame_needed = 0, uses_anonymous_args = 0
ARM GAS  /tmp/cc0FovDa.s 			page 5


 136              		@ link register save eliminated.
  96:Core/Src/stm32l1xx_hal_timebase_tim.c ****   /* Disable TIM2 update Interrupt */
  97:Core/Src/stm32l1xx_hal_timebase_tim.c ****   __HAL_TIM_DISABLE_IT(&htim2, TIM_IT_UPDATE);
 137              		.loc 1 97 0
 138 0000 034B     		ldr	r3, .L9
 139 0002 1A68     		ldr	r2, [r3]
 140 0004 D368     		ldr	r3, [r2, #12]
 141 0006 23F00103 		bic	r3, r3, #1
 142 000a D360     		str	r3, [r2, #12]
 143 000c 7047     		bx	lr
 144              	.L10:
 145 000e 00BF     		.align	2
 146              	.L9:
 147 0010 00000000 		.word	htim2
 148              		.cfi_endproc
 149              	.LFE73:
 151              		.section	.text.HAL_ResumeTick,"ax",%progbits
 152              		.align	1
 153              		.global	HAL_ResumeTick
 154              		.syntax unified
 155              		.thumb
 156              		.thumb_func
 157              		.fpu softvfp
 159              	HAL_ResumeTick:
 160              	.LFB74:
  98:Core/Src/stm32l1xx_hal_timebase_tim.c **** }
  99:Core/Src/stm32l1xx_hal_timebase_tim.c **** 
 100:Core/Src/stm32l1xx_hal_timebase_tim.c **** /**
 101:Core/Src/stm32l1xx_hal_timebase_tim.c ****   * @brief  Resume Tick increment.
 102:Core/Src/stm32l1xx_hal_timebase_tim.c ****   * @note   Enable the tick increment by Enabling TIM2 update interrupt.
 103:Core/Src/stm32l1xx_hal_timebase_tim.c ****   * @param  None
 104:Core/Src/stm32l1xx_hal_timebase_tim.c ****   * @retval None
 105:Core/Src/stm32l1xx_hal_timebase_tim.c ****   */
 106:Core/Src/stm32l1xx_hal_timebase_tim.c **** void HAL_ResumeTick(void)
 107:Core/Src/stm32l1xx_hal_timebase_tim.c **** {
 161              		.loc 1 107 0
 162              		.cfi_startproc
 163              		@ args = 0, pretend = 0, frame = 0
 164              		@ frame_needed = 0, uses_anonymous_args = 0
 165              		@ link register save eliminated.
 108:Core/Src/stm32l1xx_hal_timebase_tim.c ****   /* Enable TIM2 Update interrupt */
 109:Core/Src/stm32l1xx_hal_timebase_tim.c ****   __HAL_TIM_ENABLE_IT(&htim2, TIM_IT_UPDATE);
 166              		.loc 1 109 0
 167 0000 034B     		ldr	r3, .L12
 168 0002 1A68     		ldr	r2, [r3]
 169 0004 D368     		ldr	r3, [r2, #12]
 170 0006 43F00103 		orr	r3, r3, #1
 171 000a D360     		str	r3, [r2, #12]
 172 000c 7047     		bx	lr
 173              	.L13:
 174 000e 00BF     		.align	2
 175              	.L12:
 176 0010 00000000 		.word	htim2
 177              		.cfi_endproc
 178              	.LFE74:
 180              		.comm	htim2,64,4
 181              		.text
ARM GAS  /tmp/cc0FovDa.s 			page 6


 182              	.Letext0:
 183              		.file 2 "/opt/gcc4mbed/gcc-arm-none-eabi/arm-none-eabi/include/machine/_default_types.h"
 184              		.file 3 "/opt/gcc4mbed/gcc-arm-none-eabi/arm-none-eabi/include/sys/_stdint.h"
 185              		.file 4 "Drivers/CMSIS/Include/core_cm3.h"
 186              		.file 5 "Drivers/CMSIS/Device/ST/STM32L1xx/Include/system_stm32l1xx.h"
 187              		.file 6 "Drivers/CMSIS/Device/ST/STM32L1xx/Include/stm32l152xe.h"
 188              		.file 7 "Drivers/STM32L1xx_HAL_Driver/Inc/stm32l1xx_hal_def.h"
 189              		.file 8 "Drivers/STM32L1xx_HAL_Driver/Inc/stm32l1xx_hal_rcc.h"
 190              		.file 9 "Drivers/STM32L1xx_HAL_Driver/Inc/stm32l1xx_hal_dma.h"
 191              		.file 10 "Drivers/STM32L1xx_HAL_Driver/Inc/stm32l1xx_hal_tim.h"
 192              		.file 11 "Drivers/STM32L1xx_HAL_Driver/Inc/stm32l1xx_hal.h"
 193              		.file 12 "Drivers/STM32L1xx_HAL_Driver/Inc/stm32l1xx_hal_cortex.h"
ARM GAS  /tmp/cc0FovDa.s 			page 7


DEFINED SYMBOLS
                            *ABS*:0000000000000000 stm32l1xx_hal_timebase_tim.c
     /tmp/cc0FovDa.s:16     .text.HAL_InitTick:0000000000000000 $t
     /tmp/cc0FovDa.s:23     .text.HAL_InitTick:0000000000000000 HAL_InitTick
     /tmp/cc0FovDa.s:116    .text.HAL_InitTick:000000000000006c $d
                            *COM*:0000000000000040 htim2
     /tmp/cc0FovDa.s:123    .text.HAL_SuspendTick:0000000000000000 $t
     /tmp/cc0FovDa.s:130    .text.HAL_SuspendTick:0000000000000000 HAL_SuspendTick
     /tmp/cc0FovDa.s:147    .text.HAL_SuspendTick:0000000000000010 $d
     /tmp/cc0FovDa.s:152    .text.HAL_ResumeTick:0000000000000000 $t
     /tmp/cc0FovDa.s:159    .text.HAL_ResumeTick:0000000000000000 HAL_ResumeTick
     /tmp/cc0FovDa.s:176    .text.HAL_ResumeTick:0000000000000010 $d
                     .debug_frame:0000000000000010 $d

UNDEFINED SYMBOLS
HAL_NVIC_SetPriority
HAL_NVIC_EnableIRQ
HAL_RCC_GetClockConfig
HAL_RCC_GetPCLK1Freq
HAL_TIM_Base_Init
HAL_TIM_Base_Start_IT
