ARM GAS  /tmp/cc4IOjKQ.s 			page 1


   1              		.cpu cortex-m3
   2              		.eabi_attribute 20, 1
   3              		.eabi_attribute 21, 1
   4              		.eabi_attribute 23, 3
   5              		.eabi_attribute 24, 1
   6              		.eabi_attribute 25, 1
   7              		.eabi_attribute 26, 1
   8              		.eabi_attribute 30, 1
   9              		.eabi_attribute 34, 1
  10              		.eabi_attribute 18, 4
  11              		.file	"usbd_desc.c"
  12              		.text
  13              	.Ltext0:
  14              		.cfi_sections	.debug_frame
  15              		.section	.text.USBD_FS_DeviceDescriptor,"ax",%progbits
  16              		.align	1
  17              		.global	USBD_FS_DeviceDescriptor
  18              		.syntax unified
  19              		.thumb
  20              		.thumb_func
  21              		.fpu softvfp
  23              	USBD_FS_DeviceDescriptor:
  24              	.LFB73:
  25              		.file 1 "USB_DEVICE/App/usbd_desc.c"
   1:USB_DEVICE/App/usbd_desc.c **** /* USER CODE BEGIN Header */
   2:USB_DEVICE/App/usbd_desc.c **** /**
   3:USB_DEVICE/App/usbd_desc.c ****   ******************************************************************************
   4:USB_DEVICE/App/usbd_desc.c ****   * @file           : App/usbd_desc.c
   5:USB_DEVICE/App/usbd_desc.c ****   * @version        : v2.0_Cube
   6:USB_DEVICE/App/usbd_desc.c ****   * @brief          : This file implements the USB device descriptors.
   7:USB_DEVICE/App/usbd_desc.c ****   ******************************************************************************
   8:USB_DEVICE/App/usbd_desc.c ****   * @attention
   9:USB_DEVICE/App/usbd_desc.c ****   *
  10:USB_DEVICE/App/usbd_desc.c ****   * Copyright (c) 2022 STMicroelectronics.
  11:USB_DEVICE/App/usbd_desc.c ****   * All rights reserved.
  12:USB_DEVICE/App/usbd_desc.c ****   *
  13:USB_DEVICE/App/usbd_desc.c ****   * This software is licensed under terms that can be found in the LICENSE file
  14:USB_DEVICE/App/usbd_desc.c ****   * in the root directory of this software component.
  15:USB_DEVICE/App/usbd_desc.c ****   * If no LICENSE file comes with this software, it is provided AS-IS.
  16:USB_DEVICE/App/usbd_desc.c ****   *
  17:USB_DEVICE/App/usbd_desc.c ****   ******************************************************************************
  18:USB_DEVICE/App/usbd_desc.c ****   */
  19:USB_DEVICE/App/usbd_desc.c **** /* USER CODE END Header */
  20:USB_DEVICE/App/usbd_desc.c **** 
  21:USB_DEVICE/App/usbd_desc.c **** /* Includes ------------------------------------------------------------------*/
  22:USB_DEVICE/App/usbd_desc.c **** #include "usbd_core.h"
  23:USB_DEVICE/App/usbd_desc.c **** #include "usbd_desc.h"
  24:USB_DEVICE/App/usbd_desc.c **** #include "usbd_conf.h"
  25:USB_DEVICE/App/usbd_desc.c **** 
  26:USB_DEVICE/App/usbd_desc.c **** /* USER CODE BEGIN INCLUDE */
  27:USB_DEVICE/App/usbd_desc.c **** 
  28:USB_DEVICE/App/usbd_desc.c **** /* USER CODE END INCLUDE */
  29:USB_DEVICE/App/usbd_desc.c **** 
  30:USB_DEVICE/App/usbd_desc.c **** /* Private typedef -----------------------------------------------------------*/
  31:USB_DEVICE/App/usbd_desc.c **** /* Private define ------------------------------------------------------------*/
  32:USB_DEVICE/App/usbd_desc.c **** /* Private macro -------------------------------------------------------------*/
  33:USB_DEVICE/App/usbd_desc.c **** 
ARM GAS  /tmp/cc4IOjKQ.s 			page 2


  34:USB_DEVICE/App/usbd_desc.c **** /* USER CODE BEGIN PV */
  35:USB_DEVICE/App/usbd_desc.c **** /* Private variables ---------------------------------------------------------*/
  36:USB_DEVICE/App/usbd_desc.c **** 
  37:USB_DEVICE/App/usbd_desc.c **** /* USER CODE END PV */
  38:USB_DEVICE/App/usbd_desc.c **** 
  39:USB_DEVICE/App/usbd_desc.c **** /** @addtogroup STM32_USB_OTG_DEVICE_LIBRARY
  40:USB_DEVICE/App/usbd_desc.c ****   * @{
  41:USB_DEVICE/App/usbd_desc.c ****   */
  42:USB_DEVICE/App/usbd_desc.c **** 
  43:USB_DEVICE/App/usbd_desc.c **** /** @addtogroup USBD_DESC
  44:USB_DEVICE/App/usbd_desc.c ****   * @{
  45:USB_DEVICE/App/usbd_desc.c ****   */
  46:USB_DEVICE/App/usbd_desc.c **** 
  47:USB_DEVICE/App/usbd_desc.c **** /** @defgroup USBD_DESC_Private_TypesDefinitions USBD_DESC_Private_TypesDefinitions
  48:USB_DEVICE/App/usbd_desc.c ****   * @brief Private types.
  49:USB_DEVICE/App/usbd_desc.c ****   * @{
  50:USB_DEVICE/App/usbd_desc.c ****   */
  51:USB_DEVICE/App/usbd_desc.c **** 
  52:USB_DEVICE/App/usbd_desc.c **** /* USER CODE BEGIN PRIVATE_TYPES */
  53:USB_DEVICE/App/usbd_desc.c **** 
  54:USB_DEVICE/App/usbd_desc.c **** /* USER CODE END PRIVATE_TYPES */
  55:USB_DEVICE/App/usbd_desc.c **** 
  56:USB_DEVICE/App/usbd_desc.c **** /**
  57:USB_DEVICE/App/usbd_desc.c ****   * @}
  58:USB_DEVICE/App/usbd_desc.c ****   */
  59:USB_DEVICE/App/usbd_desc.c **** 
  60:USB_DEVICE/App/usbd_desc.c **** /** @defgroup USBD_DESC_Private_Defines USBD_DESC_Private_Defines
  61:USB_DEVICE/App/usbd_desc.c ****   * @brief Private defines.
  62:USB_DEVICE/App/usbd_desc.c ****   * @{
  63:USB_DEVICE/App/usbd_desc.c ****   */
  64:USB_DEVICE/App/usbd_desc.c **** 
  65:USB_DEVICE/App/usbd_desc.c **** #define USBD_VID     1155
  66:USB_DEVICE/App/usbd_desc.c **** #define USBD_LANGID_STRING     1033
  67:USB_DEVICE/App/usbd_desc.c **** #define USBD_MANUFACTURER_STRING     "STMicroelectronics"
  68:USB_DEVICE/App/usbd_desc.c **** #define USBD_PID_FS     57105
  69:USB_DEVICE/App/usbd_desc.c **** #define USBD_PRODUCT_STRING_FS     "STM32 DownLoad Firmware Update"
  70:USB_DEVICE/App/usbd_desc.c **** #define USBD_CONFIGURATION_STRING_FS     "DFU Config"
  71:USB_DEVICE/App/usbd_desc.c **** #define USBD_INTERFACE_STRING_FS     "DFU Interface"
  72:USB_DEVICE/App/usbd_desc.c **** 
  73:USB_DEVICE/App/usbd_desc.c **** /* USER CODE BEGIN PRIVATE_DEFINES */
  74:USB_DEVICE/App/usbd_desc.c **** 
  75:USB_DEVICE/App/usbd_desc.c **** /* USER CODE END PRIVATE_DEFINES */
  76:USB_DEVICE/App/usbd_desc.c **** 
  77:USB_DEVICE/App/usbd_desc.c **** /**
  78:USB_DEVICE/App/usbd_desc.c ****   * @}
  79:USB_DEVICE/App/usbd_desc.c ****   */
  80:USB_DEVICE/App/usbd_desc.c **** 
  81:USB_DEVICE/App/usbd_desc.c **** /* USER CODE BEGIN 0 */
  82:USB_DEVICE/App/usbd_desc.c **** 
  83:USB_DEVICE/App/usbd_desc.c **** /* USER CODE END 0 */
  84:USB_DEVICE/App/usbd_desc.c **** 
  85:USB_DEVICE/App/usbd_desc.c **** /** @defgroup USBD_DESC_Private_Macros USBD_DESC_Private_Macros
  86:USB_DEVICE/App/usbd_desc.c ****   * @brief Private macros.
  87:USB_DEVICE/App/usbd_desc.c ****   * @{
  88:USB_DEVICE/App/usbd_desc.c ****   */
  89:USB_DEVICE/App/usbd_desc.c **** 
  90:USB_DEVICE/App/usbd_desc.c **** /* USER CODE BEGIN PRIVATE_MACRO */
ARM GAS  /tmp/cc4IOjKQ.s 			page 3


  91:USB_DEVICE/App/usbd_desc.c **** 
  92:USB_DEVICE/App/usbd_desc.c **** /* USER CODE END PRIVATE_MACRO */
  93:USB_DEVICE/App/usbd_desc.c **** 
  94:USB_DEVICE/App/usbd_desc.c **** /**
  95:USB_DEVICE/App/usbd_desc.c ****   * @}
  96:USB_DEVICE/App/usbd_desc.c ****   */
  97:USB_DEVICE/App/usbd_desc.c **** 
  98:USB_DEVICE/App/usbd_desc.c **** /** @defgroup USBD_DESC_Private_FunctionPrototypes USBD_DESC_Private_FunctionPrototypes
  99:USB_DEVICE/App/usbd_desc.c ****   * @brief Private functions declaration.
 100:USB_DEVICE/App/usbd_desc.c ****   * @{
 101:USB_DEVICE/App/usbd_desc.c ****   */
 102:USB_DEVICE/App/usbd_desc.c **** 
 103:USB_DEVICE/App/usbd_desc.c **** static void Get_SerialNum(void);
 104:USB_DEVICE/App/usbd_desc.c **** static void IntToUnicode(uint32_t value, uint8_t * pbuf, uint8_t len);
 105:USB_DEVICE/App/usbd_desc.c **** 
 106:USB_DEVICE/App/usbd_desc.c **** /**
 107:USB_DEVICE/App/usbd_desc.c ****   * @}
 108:USB_DEVICE/App/usbd_desc.c ****   */
 109:USB_DEVICE/App/usbd_desc.c **** 
 110:USB_DEVICE/App/usbd_desc.c **** /** @defgroup USBD_DESC_Private_FunctionPrototypes USBD_DESC_Private_FunctionPrototypes
 111:USB_DEVICE/App/usbd_desc.c ****   * @brief Private functions declaration for FS.
 112:USB_DEVICE/App/usbd_desc.c ****   * @{
 113:USB_DEVICE/App/usbd_desc.c ****   */
 114:USB_DEVICE/App/usbd_desc.c **** 
 115:USB_DEVICE/App/usbd_desc.c **** uint8_t * USBD_FS_DeviceDescriptor(USBD_SpeedTypeDef speed, uint16_t *length);
 116:USB_DEVICE/App/usbd_desc.c **** uint8_t * USBD_FS_LangIDStrDescriptor(USBD_SpeedTypeDef speed, uint16_t *length);
 117:USB_DEVICE/App/usbd_desc.c **** uint8_t * USBD_FS_ManufacturerStrDescriptor(USBD_SpeedTypeDef speed, uint16_t *length);
 118:USB_DEVICE/App/usbd_desc.c **** uint8_t * USBD_FS_ProductStrDescriptor(USBD_SpeedTypeDef speed, uint16_t *length);
 119:USB_DEVICE/App/usbd_desc.c **** uint8_t * USBD_FS_SerialStrDescriptor(USBD_SpeedTypeDef speed, uint16_t *length);
 120:USB_DEVICE/App/usbd_desc.c **** uint8_t * USBD_FS_ConfigStrDescriptor(USBD_SpeedTypeDef speed, uint16_t *length);
 121:USB_DEVICE/App/usbd_desc.c **** uint8_t * USBD_FS_InterfaceStrDescriptor(USBD_SpeedTypeDef speed, uint16_t *length);
 122:USB_DEVICE/App/usbd_desc.c **** 
 123:USB_DEVICE/App/usbd_desc.c **** /**
 124:USB_DEVICE/App/usbd_desc.c ****   * @}
 125:USB_DEVICE/App/usbd_desc.c ****   */
 126:USB_DEVICE/App/usbd_desc.c **** 
 127:USB_DEVICE/App/usbd_desc.c **** /** @defgroup USBD_DESC_Private_Variables USBD_DESC_Private_Variables
 128:USB_DEVICE/App/usbd_desc.c ****   * @brief Private variables.
 129:USB_DEVICE/App/usbd_desc.c ****   * @{
 130:USB_DEVICE/App/usbd_desc.c ****   */
 131:USB_DEVICE/App/usbd_desc.c **** 
 132:USB_DEVICE/App/usbd_desc.c **** USBD_DescriptorsTypeDef FS_Desc =
 133:USB_DEVICE/App/usbd_desc.c **** {
 134:USB_DEVICE/App/usbd_desc.c ****   USBD_FS_DeviceDescriptor
 135:USB_DEVICE/App/usbd_desc.c **** , USBD_FS_LangIDStrDescriptor
 136:USB_DEVICE/App/usbd_desc.c **** , USBD_FS_ManufacturerStrDescriptor
 137:USB_DEVICE/App/usbd_desc.c **** , USBD_FS_ProductStrDescriptor
 138:USB_DEVICE/App/usbd_desc.c **** , USBD_FS_SerialStrDescriptor
 139:USB_DEVICE/App/usbd_desc.c **** , USBD_FS_ConfigStrDescriptor
 140:USB_DEVICE/App/usbd_desc.c **** , USBD_FS_InterfaceStrDescriptor
 141:USB_DEVICE/App/usbd_desc.c **** };
 142:USB_DEVICE/App/usbd_desc.c **** 
 143:USB_DEVICE/App/usbd_desc.c **** #if defined ( __ICCARM__ ) /* IAR Compiler */
 144:USB_DEVICE/App/usbd_desc.c ****   #pragma data_alignment=4
 145:USB_DEVICE/App/usbd_desc.c **** #endif /* defined ( __ICCARM__ ) */
 146:USB_DEVICE/App/usbd_desc.c **** /** USB standard device descriptor. */
 147:USB_DEVICE/App/usbd_desc.c **** __ALIGN_BEGIN uint8_t USBD_FS_DeviceDesc[USB_LEN_DEV_DESC] __ALIGN_END =
ARM GAS  /tmp/cc4IOjKQ.s 			page 4


 148:USB_DEVICE/App/usbd_desc.c **** {
 149:USB_DEVICE/App/usbd_desc.c ****   0x12,                       /*bLength */
 150:USB_DEVICE/App/usbd_desc.c ****   USB_DESC_TYPE_DEVICE,       /*bDescriptorType*/
 151:USB_DEVICE/App/usbd_desc.c ****   0x00,                       /*bcdUSB */
 152:USB_DEVICE/App/usbd_desc.c ****   0x02,
 153:USB_DEVICE/App/usbd_desc.c ****   0x00,                       /*bDeviceClass*/
 154:USB_DEVICE/App/usbd_desc.c ****   0x00,                       /*bDeviceSubClass*/
 155:USB_DEVICE/App/usbd_desc.c ****   0x00,                       /*bDeviceProtocol*/
 156:USB_DEVICE/App/usbd_desc.c ****   USB_MAX_EP0_SIZE,           /*bMaxPacketSize*/
 157:USB_DEVICE/App/usbd_desc.c ****   LOBYTE(USBD_VID),           /*idVendor*/
 158:USB_DEVICE/App/usbd_desc.c ****   HIBYTE(USBD_VID),           /*idVendor*/
 159:USB_DEVICE/App/usbd_desc.c ****   LOBYTE(USBD_PID_FS),        /*idProduct*/
 160:USB_DEVICE/App/usbd_desc.c ****   HIBYTE(USBD_PID_FS),        /*idProduct*/
 161:USB_DEVICE/App/usbd_desc.c ****   0x00,                       /*bcdDevice rel. 2.00*/
 162:USB_DEVICE/App/usbd_desc.c ****   0x02,
 163:USB_DEVICE/App/usbd_desc.c ****   USBD_IDX_MFC_STR,           /*Index of manufacturer  string*/
 164:USB_DEVICE/App/usbd_desc.c ****   USBD_IDX_PRODUCT_STR,       /*Index of product string*/
 165:USB_DEVICE/App/usbd_desc.c ****   USBD_IDX_SERIAL_STR,        /*Index of serial number string*/
 166:USB_DEVICE/App/usbd_desc.c ****   USBD_MAX_NUM_CONFIGURATION  /*bNumConfigurations*/
 167:USB_DEVICE/App/usbd_desc.c **** };
 168:USB_DEVICE/App/usbd_desc.c **** 
 169:USB_DEVICE/App/usbd_desc.c **** /* USB_DeviceDescriptor */
 170:USB_DEVICE/App/usbd_desc.c **** 
 171:USB_DEVICE/App/usbd_desc.c **** /**
 172:USB_DEVICE/App/usbd_desc.c ****   * @}
 173:USB_DEVICE/App/usbd_desc.c ****   */
 174:USB_DEVICE/App/usbd_desc.c **** 
 175:USB_DEVICE/App/usbd_desc.c **** /** @defgroup USBD_DESC_Private_Variables USBD_DESC_Private_Variables
 176:USB_DEVICE/App/usbd_desc.c ****   * @brief Private variables.
 177:USB_DEVICE/App/usbd_desc.c ****   * @{
 178:USB_DEVICE/App/usbd_desc.c ****   */
 179:USB_DEVICE/App/usbd_desc.c **** 
 180:USB_DEVICE/App/usbd_desc.c **** #if defined ( __ICCARM__ ) /* IAR Compiler */
 181:USB_DEVICE/App/usbd_desc.c ****   #pragma data_alignment=4
 182:USB_DEVICE/App/usbd_desc.c **** #endif /* defined ( __ICCARM__ ) */
 183:USB_DEVICE/App/usbd_desc.c **** 
 184:USB_DEVICE/App/usbd_desc.c **** /** USB lang identifier descriptor. */
 185:USB_DEVICE/App/usbd_desc.c **** __ALIGN_BEGIN uint8_t USBD_LangIDDesc[USB_LEN_LANGID_STR_DESC] __ALIGN_END =
 186:USB_DEVICE/App/usbd_desc.c **** {
 187:USB_DEVICE/App/usbd_desc.c ****      USB_LEN_LANGID_STR_DESC,
 188:USB_DEVICE/App/usbd_desc.c ****      USB_DESC_TYPE_STRING,
 189:USB_DEVICE/App/usbd_desc.c ****      LOBYTE(USBD_LANGID_STRING),
 190:USB_DEVICE/App/usbd_desc.c ****      HIBYTE(USBD_LANGID_STRING)
 191:USB_DEVICE/App/usbd_desc.c **** };
 192:USB_DEVICE/App/usbd_desc.c **** 
 193:USB_DEVICE/App/usbd_desc.c **** #if defined ( __ICCARM__ ) /* IAR Compiler */
 194:USB_DEVICE/App/usbd_desc.c ****   #pragma data_alignment=4
 195:USB_DEVICE/App/usbd_desc.c **** #endif /* defined ( __ICCARM__ ) */
 196:USB_DEVICE/App/usbd_desc.c **** /* Internal string descriptor. */
 197:USB_DEVICE/App/usbd_desc.c **** __ALIGN_BEGIN uint8_t USBD_StrDesc[USBD_MAX_STR_DESC_SIZ] __ALIGN_END;
 198:USB_DEVICE/App/usbd_desc.c **** 
 199:USB_DEVICE/App/usbd_desc.c **** #if defined ( __ICCARM__ ) /*!< IAR Compiler */
 200:USB_DEVICE/App/usbd_desc.c ****   #pragma data_alignment=4
 201:USB_DEVICE/App/usbd_desc.c **** #endif
 202:USB_DEVICE/App/usbd_desc.c **** __ALIGN_BEGIN uint8_t USBD_StringSerial[USB_SIZ_STRING_SERIAL] __ALIGN_END = {
 203:USB_DEVICE/App/usbd_desc.c ****   USB_SIZ_STRING_SERIAL,
 204:USB_DEVICE/App/usbd_desc.c ****   USB_DESC_TYPE_STRING,
ARM GAS  /tmp/cc4IOjKQ.s 			page 5


 205:USB_DEVICE/App/usbd_desc.c **** };
 206:USB_DEVICE/App/usbd_desc.c **** 
 207:USB_DEVICE/App/usbd_desc.c **** /**
 208:USB_DEVICE/App/usbd_desc.c ****   * @}
 209:USB_DEVICE/App/usbd_desc.c ****   */
 210:USB_DEVICE/App/usbd_desc.c **** 
 211:USB_DEVICE/App/usbd_desc.c **** /** @defgroup USBD_DESC_Private_Functions USBD_DESC_Private_Functions
 212:USB_DEVICE/App/usbd_desc.c ****   * @brief Private functions.
 213:USB_DEVICE/App/usbd_desc.c ****   * @{
 214:USB_DEVICE/App/usbd_desc.c ****   */
 215:USB_DEVICE/App/usbd_desc.c **** 
 216:USB_DEVICE/App/usbd_desc.c **** /**
 217:USB_DEVICE/App/usbd_desc.c ****   * @brief  Return the device descriptor
 218:USB_DEVICE/App/usbd_desc.c ****   * @param  speed : Current device speed
 219:USB_DEVICE/App/usbd_desc.c ****   * @param  length : Pointer to data length variable
 220:USB_DEVICE/App/usbd_desc.c ****   * @retval Pointer to descriptor buffer
 221:USB_DEVICE/App/usbd_desc.c ****   */
 222:USB_DEVICE/App/usbd_desc.c **** uint8_t * USBD_FS_DeviceDescriptor(USBD_SpeedTypeDef speed, uint16_t *length)
 223:USB_DEVICE/App/usbd_desc.c **** {
  26              		.loc 1 223 0
  27              		.cfi_startproc
  28              		@ args = 0, pretend = 0, frame = 0
  29              		@ frame_needed = 0, uses_anonymous_args = 0
  30              		@ link register save eliminated.
  31              	.LVL0:
 224:USB_DEVICE/App/usbd_desc.c ****   UNUSED(speed);
 225:USB_DEVICE/App/usbd_desc.c ****   *length = sizeof(USBD_FS_DeviceDesc);
  32              		.loc 1 225 0
  33 0000 1223     		movs	r3, #18
  34 0002 0B80     		strh	r3, [r1]	@ movhi
 226:USB_DEVICE/App/usbd_desc.c ****   return USBD_FS_DeviceDesc;
 227:USB_DEVICE/App/usbd_desc.c **** }
  35              		.loc 1 227 0
  36 0004 0048     		ldr	r0, .L2
  37              	.LVL1:
  38 0006 7047     		bx	lr
  39              	.L3:
  40              		.align	2
  41              	.L2:
  42 0008 00000000 		.word	.LANCHOR0
  43              		.cfi_endproc
  44              	.LFE73:
  46              		.section	.text.USBD_FS_LangIDStrDescriptor,"ax",%progbits
  47              		.align	1
  48              		.global	USBD_FS_LangIDStrDescriptor
  49              		.syntax unified
  50              		.thumb
  51              		.thumb_func
  52              		.fpu softvfp
  54              	USBD_FS_LangIDStrDescriptor:
  55              	.LFB74:
 228:USB_DEVICE/App/usbd_desc.c **** 
 229:USB_DEVICE/App/usbd_desc.c **** /**
 230:USB_DEVICE/App/usbd_desc.c ****   * @brief  Return the LangID string descriptor
 231:USB_DEVICE/App/usbd_desc.c ****   * @param  speed : Current device speed
 232:USB_DEVICE/App/usbd_desc.c ****   * @param  length : Pointer to data length variable
 233:USB_DEVICE/App/usbd_desc.c ****   * @retval Pointer to descriptor buffer
ARM GAS  /tmp/cc4IOjKQ.s 			page 6


 234:USB_DEVICE/App/usbd_desc.c ****   */
 235:USB_DEVICE/App/usbd_desc.c **** uint8_t * USBD_FS_LangIDStrDescriptor(USBD_SpeedTypeDef speed, uint16_t *length)
 236:USB_DEVICE/App/usbd_desc.c **** {
  56              		.loc 1 236 0
  57              		.cfi_startproc
  58              		@ args = 0, pretend = 0, frame = 0
  59              		@ frame_needed = 0, uses_anonymous_args = 0
  60              		@ link register save eliminated.
  61              	.LVL2:
 237:USB_DEVICE/App/usbd_desc.c ****   UNUSED(speed);
 238:USB_DEVICE/App/usbd_desc.c ****   *length = sizeof(USBD_LangIDDesc);
  62              		.loc 1 238 0
  63 0000 0423     		movs	r3, #4
  64 0002 0B80     		strh	r3, [r1]	@ movhi
 239:USB_DEVICE/App/usbd_desc.c ****   return USBD_LangIDDesc;
 240:USB_DEVICE/App/usbd_desc.c **** }
  65              		.loc 1 240 0
  66 0004 0048     		ldr	r0, .L5
  67              	.LVL3:
  68 0006 7047     		bx	lr
  69              	.L6:
  70              		.align	2
  71              	.L5:
  72 0008 00000000 		.word	.LANCHOR1
  73              		.cfi_endproc
  74              	.LFE74:
  76              		.section	.text.IntToUnicode,"ax",%progbits
  77              		.align	1
  78              		.syntax unified
  79              		.thumb
  80              		.thumb_func
  81              		.fpu softvfp
  83              	IntToUnicode:
  84              	.LFB81:
 241:USB_DEVICE/App/usbd_desc.c **** 
 242:USB_DEVICE/App/usbd_desc.c **** /**
 243:USB_DEVICE/App/usbd_desc.c ****   * @brief  Return the product string descriptor
 244:USB_DEVICE/App/usbd_desc.c ****   * @param  speed : Current device speed
 245:USB_DEVICE/App/usbd_desc.c ****   * @param  length : Pointer to data length variable
 246:USB_DEVICE/App/usbd_desc.c ****   * @retval Pointer to descriptor buffer
 247:USB_DEVICE/App/usbd_desc.c ****   */
 248:USB_DEVICE/App/usbd_desc.c **** uint8_t * USBD_FS_ProductStrDescriptor(USBD_SpeedTypeDef speed, uint16_t *length)
 249:USB_DEVICE/App/usbd_desc.c **** {
 250:USB_DEVICE/App/usbd_desc.c ****   if(speed == 0)
 251:USB_DEVICE/App/usbd_desc.c ****   {
 252:USB_DEVICE/App/usbd_desc.c ****     USBD_GetString((uint8_t *)USBD_PRODUCT_STRING_FS, USBD_StrDesc, length);
 253:USB_DEVICE/App/usbd_desc.c ****   }
 254:USB_DEVICE/App/usbd_desc.c ****   else
 255:USB_DEVICE/App/usbd_desc.c ****   {
 256:USB_DEVICE/App/usbd_desc.c ****     USBD_GetString((uint8_t *)USBD_PRODUCT_STRING_FS, USBD_StrDesc, length);
 257:USB_DEVICE/App/usbd_desc.c ****   }
 258:USB_DEVICE/App/usbd_desc.c ****   return USBD_StrDesc;
 259:USB_DEVICE/App/usbd_desc.c **** }
 260:USB_DEVICE/App/usbd_desc.c **** 
 261:USB_DEVICE/App/usbd_desc.c **** /**
 262:USB_DEVICE/App/usbd_desc.c ****   * @brief  Return the manufacturer string descriptor
 263:USB_DEVICE/App/usbd_desc.c ****   * @param  speed : Current device speed
ARM GAS  /tmp/cc4IOjKQ.s 			page 7


 264:USB_DEVICE/App/usbd_desc.c ****   * @param  length : Pointer to data length variable
 265:USB_DEVICE/App/usbd_desc.c ****   * @retval Pointer to descriptor buffer
 266:USB_DEVICE/App/usbd_desc.c ****   */
 267:USB_DEVICE/App/usbd_desc.c **** uint8_t * USBD_FS_ManufacturerStrDescriptor(USBD_SpeedTypeDef speed, uint16_t *length)
 268:USB_DEVICE/App/usbd_desc.c **** {
 269:USB_DEVICE/App/usbd_desc.c ****   UNUSED(speed);
 270:USB_DEVICE/App/usbd_desc.c ****   USBD_GetString((uint8_t *)USBD_MANUFACTURER_STRING, USBD_StrDesc, length);
 271:USB_DEVICE/App/usbd_desc.c ****   return USBD_StrDesc;
 272:USB_DEVICE/App/usbd_desc.c **** }
 273:USB_DEVICE/App/usbd_desc.c **** 
 274:USB_DEVICE/App/usbd_desc.c **** /**
 275:USB_DEVICE/App/usbd_desc.c ****   * @brief  Return the serial number string descriptor
 276:USB_DEVICE/App/usbd_desc.c ****   * @param  speed : Current device speed
 277:USB_DEVICE/App/usbd_desc.c ****   * @param  length : Pointer to data length variable
 278:USB_DEVICE/App/usbd_desc.c ****   * @retval Pointer to descriptor buffer
 279:USB_DEVICE/App/usbd_desc.c ****   */
 280:USB_DEVICE/App/usbd_desc.c **** uint8_t * USBD_FS_SerialStrDescriptor(USBD_SpeedTypeDef speed, uint16_t *length)
 281:USB_DEVICE/App/usbd_desc.c **** {
 282:USB_DEVICE/App/usbd_desc.c ****   UNUSED(speed);
 283:USB_DEVICE/App/usbd_desc.c ****   *length = USB_SIZ_STRING_SERIAL;
 284:USB_DEVICE/App/usbd_desc.c **** 
 285:USB_DEVICE/App/usbd_desc.c ****   /* Update the serial number string descriptor with the data from the unique
 286:USB_DEVICE/App/usbd_desc.c ****    * ID */
 287:USB_DEVICE/App/usbd_desc.c ****   Get_SerialNum();
 288:USB_DEVICE/App/usbd_desc.c ****   /* USER CODE BEGIN USBD_FS_SerialStrDescriptor */
 289:USB_DEVICE/App/usbd_desc.c **** 
 290:USB_DEVICE/App/usbd_desc.c ****   /* USER CODE END USBD_FS_SerialStrDescriptor */
 291:USB_DEVICE/App/usbd_desc.c ****   return (uint8_t *) USBD_StringSerial;
 292:USB_DEVICE/App/usbd_desc.c **** }
 293:USB_DEVICE/App/usbd_desc.c **** 
 294:USB_DEVICE/App/usbd_desc.c **** /**
 295:USB_DEVICE/App/usbd_desc.c ****   * @brief  Return the configuration string descriptor
 296:USB_DEVICE/App/usbd_desc.c ****   * @param  speed : Current device speed
 297:USB_DEVICE/App/usbd_desc.c ****   * @param  length : Pointer to data length variable
 298:USB_DEVICE/App/usbd_desc.c ****   * @retval Pointer to descriptor buffer
 299:USB_DEVICE/App/usbd_desc.c ****   */
 300:USB_DEVICE/App/usbd_desc.c **** uint8_t * USBD_FS_ConfigStrDescriptor(USBD_SpeedTypeDef speed, uint16_t *length)
 301:USB_DEVICE/App/usbd_desc.c **** {
 302:USB_DEVICE/App/usbd_desc.c ****   if(speed == USBD_SPEED_HIGH)
 303:USB_DEVICE/App/usbd_desc.c ****   {
 304:USB_DEVICE/App/usbd_desc.c ****     USBD_GetString((uint8_t *)USBD_CONFIGURATION_STRING_FS, USBD_StrDesc, length);
 305:USB_DEVICE/App/usbd_desc.c ****   }
 306:USB_DEVICE/App/usbd_desc.c ****   else
 307:USB_DEVICE/App/usbd_desc.c ****   {
 308:USB_DEVICE/App/usbd_desc.c ****     USBD_GetString((uint8_t *)USBD_CONFIGURATION_STRING_FS, USBD_StrDesc, length);
 309:USB_DEVICE/App/usbd_desc.c ****   }
 310:USB_DEVICE/App/usbd_desc.c ****   return USBD_StrDesc;
 311:USB_DEVICE/App/usbd_desc.c **** }
 312:USB_DEVICE/App/usbd_desc.c **** 
 313:USB_DEVICE/App/usbd_desc.c **** /**
 314:USB_DEVICE/App/usbd_desc.c ****   * @brief  Return the interface string descriptor
 315:USB_DEVICE/App/usbd_desc.c ****   * @param  speed : Current device speed
 316:USB_DEVICE/App/usbd_desc.c ****   * @param  length : Pointer to data length variable
 317:USB_DEVICE/App/usbd_desc.c ****   * @retval Pointer to descriptor buffer
 318:USB_DEVICE/App/usbd_desc.c ****   */
 319:USB_DEVICE/App/usbd_desc.c **** uint8_t * USBD_FS_InterfaceStrDescriptor(USBD_SpeedTypeDef speed, uint16_t *length)
 320:USB_DEVICE/App/usbd_desc.c **** {
ARM GAS  /tmp/cc4IOjKQ.s 			page 8


 321:USB_DEVICE/App/usbd_desc.c ****   if(speed == 0)
 322:USB_DEVICE/App/usbd_desc.c ****   {
 323:USB_DEVICE/App/usbd_desc.c ****     USBD_GetString((uint8_t *)USBD_INTERFACE_STRING_FS, USBD_StrDesc, length);
 324:USB_DEVICE/App/usbd_desc.c ****   }
 325:USB_DEVICE/App/usbd_desc.c ****   else
 326:USB_DEVICE/App/usbd_desc.c ****   {
 327:USB_DEVICE/App/usbd_desc.c ****     USBD_GetString((uint8_t *)USBD_INTERFACE_STRING_FS, USBD_StrDesc, length);
 328:USB_DEVICE/App/usbd_desc.c ****   }
 329:USB_DEVICE/App/usbd_desc.c ****   return USBD_StrDesc;
 330:USB_DEVICE/App/usbd_desc.c **** }
 331:USB_DEVICE/App/usbd_desc.c **** 
 332:USB_DEVICE/App/usbd_desc.c **** /**
 333:USB_DEVICE/App/usbd_desc.c ****   * @brief  Create the serial number string descriptor
 334:USB_DEVICE/App/usbd_desc.c ****   * @param  None
 335:USB_DEVICE/App/usbd_desc.c ****   * @retval None
 336:USB_DEVICE/App/usbd_desc.c ****   */
 337:USB_DEVICE/App/usbd_desc.c **** static void Get_SerialNum(void)
 338:USB_DEVICE/App/usbd_desc.c **** {
 339:USB_DEVICE/App/usbd_desc.c ****   uint32_t deviceserial0, deviceserial1, deviceserial2;
 340:USB_DEVICE/App/usbd_desc.c **** 
 341:USB_DEVICE/App/usbd_desc.c ****   deviceserial0 = *(uint32_t *) DEVICE_ID1;
 342:USB_DEVICE/App/usbd_desc.c ****   deviceserial1 = *(uint32_t *) DEVICE_ID2;
 343:USB_DEVICE/App/usbd_desc.c ****   deviceserial2 = *(uint32_t *) DEVICE_ID3;
 344:USB_DEVICE/App/usbd_desc.c **** 
 345:USB_DEVICE/App/usbd_desc.c ****   deviceserial0 += deviceserial2;
 346:USB_DEVICE/App/usbd_desc.c **** 
 347:USB_DEVICE/App/usbd_desc.c ****   if (deviceserial0 != 0)
 348:USB_DEVICE/App/usbd_desc.c ****   {
 349:USB_DEVICE/App/usbd_desc.c ****     IntToUnicode(deviceserial0, &USBD_StringSerial[2], 8);
 350:USB_DEVICE/App/usbd_desc.c ****     IntToUnicode(deviceserial1, &USBD_StringSerial[18], 4);
 351:USB_DEVICE/App/usbd_desc.c ****   }
 352:USB_DEVICE/App/usbd_desc.c **** }
 353:USB_DEVICE/App/usbd_desc.c **** 
 354:USB_DEVICE/App/usbd_desc.c **** /**
 355:USB_DEVICE/App/usbd_desc.c ****   * @brief  Convert Hex 32Bits value into char
 356:USB_DEVICE/App/usbd_desc.c ****   * @param  value: value to convert
 357:USB_DEVICE/App/usbd_desc.c ****   * @param  pbuf: pointer to the buffer
 358:USB_DEVICE/App/usbd_desc.c ****   * @param  len: buffer length
 359:USB_DEVICE/App/usbd_desc.c ****   * @retval None
 360:USB_DEVICE/App/usbd_desc.c ****   */
 361:USB_DEVICE/App/usbd_desc.c **** static void IntToUnicode(uint32_t value, uint8_t * pbuf, uint8_t len)
 362:USB_DEVICE/App/usbd_desc.c **** {
  85              		.loc 1 362 0
  86              		.cfi_startproc
  87              		@ args = 0, pretend = 0, frame = 0
  88              		@ frame_needed = 0, uses_anonymous_args = 0
  89              		@ link register save eliminated.
  90              	.LVL4:
 363:USB_DEVICE/App/usbd_desc.c ****   uint8_t idx = 0;
 364:USB_DEVICE/App/usbd_desc.c **** 
 365:USB_DEVICE/App/usbd_desc.c ****   for (idx = 0; idx < len; idx++)
  91              		.loc 1 365 0
  92 0000 0023     		movs	r3, #0
  93              	.LVL5:
  94 0002 9342     		cmp	r3, r2
  95 0004 16D2     		bcs	.L15
 362:USB_DEVICE/App/usbd_desc.c ****   uint8_t idx = 0;
ARM GAS  /tmp/cc4IOjKQ.s 			page 9


  96              		.loc 1 362 0
  97 0006 30B4     		push	{r4, r5}
  98              	.LCFI0:
  99              		.cfi_def_cfa_offset 8
 100              		.cfi_offset 4, -8
 101              		.cfi_offset 5, -4
 102 0008 0BE0     		b	.L11
 103              	.L9:
 366:USB_DEVICE/App/usbd_desc.c ****   {
 367:USB_DEVICE/App/usbd_desc.c ****     if (((value >> 28)) < 0xA)
 368:USB_DEVICE/App/usbd_desc.c ****     {
 369:USB_DEVICE/App/usbd_desc.c ****       pbuf[2 * idx] = (value >> 28) + '0';
 370:USB_DEVICE/App/usbd_desc.c ****     }
 371:USB_DEVICE/App/usbd_desc.c ****     else
 372:USB_DEVICE/App/usbd_desc.c ****     {
 373:USB_DEVICE/App/usbd_desc.c ****       pbuf[2 * idx] = (value >> 28) + 'A' - 10;
 104              		.loc 1 373 0
 105 000a 3734     		adds	r4, r4, #55
 106 000c 01F81340 		strb	r4, [r1, r3, lsl #1]
 107              	.L10:
 374:USB_DEVICE/App/usbd_desc.c ****     }
 375:USB_DEVICE/App/usbd_desc.c **** 
 376:USB_DEVICE/App/usbd_desc.c ****     value = value << 4;
 108              		.loc 1 376 0 discriminator 2
 109 0010 0001     		lsls	r0, r0, #4
 110              	.LVL6:
 377:USB_DEVICE/App/usbd_desc.c **** 
 378:USB_DEVICE/App/usbd_desc.c ****     pbuf[2 * idx + 1] = 0;
 111              		.loc 1 378 0 discriminator 2
 112 0012 5C00     		lsls	r4, r3, #1
 113 0014 0134     		adds	r4, r4, #1
 114 0016 0025     		movs	r5, #0
 115 0018 0D55     		strb	r5, [r1, r4]
 365:USB_DEVICE/App/usbd_desc.c ****   {
 116              		.loc 1 365 0 discriminator 2
 117 001a 0133     		adds	r3, r3, #1
 118              	.LVL7:
 119 001c DBB2     		uxtb	r3, r3
 120              	.LVL8:
 121 001e 9342     		cmp	r3, r2
 122 0020 06D2     		bcs	.L16
 123              	.L11:
 367:USB_DEVICE/App/usbd_desc.c ****     {
 124              		.loc 1 367 0
 125 0022 040F     		lsrs	r4, r0, #28
 126 0024 092C     		cmp	r4, #9
 127 0026 F0D8     		bhi	.L9
 369:USB_DEVICE/App/usbd_desc.c ****     }
 128              		.loc 1 369 0
 129 0028 3034     		adds	r4, r4, #48
 130 002a 01F81340 		strb	r4, [r1, r3, lsl #1]
 131 002e EFE7     		b	.L10
 132              	.L16:
 379:USB_DEVICE/App/usbd_desc.c ****   }
 380:USB_DEVICE/App/usbd_desc.c **** }
 133              		.loc 1 380 0
 134 0030 30BC     		pop	{r4, r5}
ARM GAS  /tmp/cc4IOjKQ.s 			page 10


 135              	.LCFI1:
 136              		.cfi_restore 5
 137              		.cfi_restore 4
 138              		.cfi_def_cfa_offset 0
 139 0032 7047     		bx	lr
 140              	.L15:
 141 0034 7047     		bx	lr
 142              		.cfi_endproc
 143              	.LFE81:
 145              		.section	.text.Get_SerialNum,"ax",%progbits
 146              		.align	1
 147              		.syntax unified
 148              		.thumb
 149              		.thumb_func
 150              		.fpu softvfp
 152              	Get_SerialNum:
 153              	.LFB80:
 338:USB_DEVICE/App/usbd_desc.c ****   uint32_t deviceserial0, deviceserial1, deviceserial2;
 154              		.loc 1 338 0
 155              		.cfi_startproc
 156              		@ args = 0, pretend = 0, frame = 0
 157              		@ frame_needed = 0, uses_anonymous_args = 0
 158 0000 38B5     		push	{r3, r4, r5, lr}
 159              	.LCFI2:
 160              		.cfi_def_cfa_offset 16
 161              		.cfi_offset 3, -16
 162              		.cfi_offset 4, -12
 163              		.cfi_offset 5, -8
 164              		.cfi_offset 14, -4
 341:USB_DEVICE/App/usbd_desc.c ****   deviceserial1 = *(uint32_t *) DEVICE_ID2;
 165              		.loc 1 341 0
 166 0002 0A4B     		ldr	r3, .L21
 167 0004 1868     		ldr	r0, [r3]
 168              	.LVL9:
 342:USB_DEVICE/App/usbd_desc.c ****   deviceserial2 = *(uint32_t *) DEVICE_ID3;
 169              		.loc 1 342 0
 170 0006 0433     		adds	r3, r3, #4
 171 0008 1C68     		ldr	r4, [r3]
 172              	.LVL10:
 343:USB_DEVICE/App/usbd_desc.c **** 
 173              		.loc 1 343 0
 174 000a 0433     		adds	r3, r3, #4
 175 000c 1B68     		ldr	r3, [r3]
 176              	.LVL11:
 347:USB_DEVICE/App/usbd_desc.c ****   {
 177              		.loc 1 347 0
 178 000e C018     		adds	r0, r0, r3
 179              	.LVL12:
 180 0010 00D1     		bne	.L20
 181              	.LVL13:
 182              	.L17:
 183 0012 38BD     		pop	{r3, r4, r5, pc}
 184              	.LVL14:
 185              	.L20:
 349:USB_DEVICE/App/usbd_desc.c ****     IntToUnicode(deviceserial1, &USBD_StringSerial[18], 4);
 186              		.loc 1 349 0
 187 0014 064D     		ldr	r5, .L21+4
ARM GAS  /tmp/cc4IOjKQ.s 			page 11


 188 0016 0822     		movs	r2, #8
 189 0018 A91C     		adds	r1, r5, #2
 190 001a FFF7FEFF 		bl	IntToUnicode
 191              	.LVL15:
 350:USB_DEVICE/App/usbd_desc.c ****   }
 192              		.loc 1 350 0
 193 001e 0422     		movs	r2, #4
 194 0020 05F11201 		add	r1, r5, #18
 195 0024 2046     		mov	r0, r4
 196 0026 FFF7FEFF 		bl	IntToUnicode
 197              	.LVL16:
 352:USB_DEVICE/App/usbd_desc.c **** 
 198              		.loc 1 352 0
 199 002a F2E7     		b	.L17
 200              	.L22:
 201              		.align	2
 202              	.L21:
 203 002c D000F81F 		.word	536346832
 204 0030 00000000 		.word	.LANCHOR2
 205              		.cfi_endproc
 206              	.LFE80:
 208              		.section	.text.USBD_FS_SerialStrDescriptor,"ax",%progbits
 209              		.align	1
 210              		.global	USBD_FS_SerialStrDescriptor
 211              		.syntax unified
 212              		.thumb
 213              		.thumb_func
 214              		.fpu softvfp
 216              	USBD_FS_SerialStrDescriptor:
 217              	.LFB77:
 281:USB_DEVICE/App/usbd_desc.c ****   UNUSED(speed);
 218              		.loc 1 281 0
 219              		.cfi_startproc
 220              		@ args = 0, pretend = 0, frame = 0
 221              		@ frame_needed = 0, uses_anonymous_args = 0
 222              	.LVL17:
 223 0000 08B5     		push	{r3, lr}
 224              	.LCFI3:
 225              		.cfi_def_cfa_offset 8
 226              		.cfi_offset 3, -8
 227              		.cfi_offset 14, -4
 283:USB_DEVICE/App/usbd_desc.c **** 
 228              		.loc 1 283 0
 229 0002 1A23     		movs	r3, #26
 230 0004 0B80     		strh	r3, [r1]	@ movhi
 287:USB_DEVICE/App/usbd_desc.c ****   /* USER CODE BEGIN USBD_FS_SerialStrDescriptor */
 231              		.loc 1 287 0
 232 0006 FFF7FEFF 		bl	Get_SerialNum
 233              	.LVL18:
 292:USB_DEVICE/App/usbd_desc.c **** 
 234              		.loc 1 292 0
 235 000a 0148     		ldr	r0, .L25
 236 000c 08BD     		pop	{r3, pc}
 237              	.L26:
 238 000e 00BF     		.align	2
 239              	.L25:
 240 0010 00000000 		.word	.LANCHOR2
ARM GAS  /tmp/cc4IOjKQ.s 			page 12


 241              		.cfi_endproc
 242              	.LFE77:
 244              		.section	.text.USBD_FS_ProductStrDescriptor,"ax",%progbits
 245              		.align	1
 246              		.global	USBD_FS_ProductStrDescriptor
 247              		.syntax unified
 248              		.thumb
 249              		.thumb_func
 250              		.fpu softvfp
 252              	USBD_FS_ProductStrDescriptor:
 253              	.LFB75:
 249:USB_DEVICE/App/usbd_desc.c ****   if(speed == 0)
 254              		.loc 1 249 0
 255              		.cfi_startproc
 256              		@ args = 0, pretend = 0, frame = 0
 257              		@ frame_needed = 0, uses_anonymous_args = 0
 258              	.LVL19:
 259 0000 08B5     		push	{r3, lr}
 260              	.LCFI4:
 261              		.cfi_def_cfa_offset 8
 262              		.cfi_offset 3, -8
 263              		.cfi_offset 14, -4
 264 0002 0A46     		mov	r2, r1
 250:USB_DEVICE/App/usbd_desc.c ****   {
 265              		.loc 1 250 0
 266 0004 28B1     		cbz	r0, .L31
 256:USB_DEVICE/App/usbd_desc.c ****   }
 267              		.loc 1 256 0
 268 0006 0549     		ldr	r1, .L32
 269              	.LVL20:
 270 0008 0548     		ldr	r0, .L32+4
 271              	.LVL21:
 272 000a FFF7FEFF 		bl	USBD_GetString
 273              	.LVL22:
 274              	.L29:
 259:USB_DEVICE/App/usbd_desc.c **** 
 275              		.loc 1 259 0
 276 000e 0348     		ldr	r0, .L32
 277 0010 08BD     		pop	{r3, pc}
 278              	.LVL23:
 279              	.L31:
 252:USB_DEVICE/App/usbd_desc.c ****   }
 280              		.loc 1 252 0
 281 0012 0249     		ldr	r1, .L32
 282              	.LVL24:
 283 0014 0248     		ldr	r0, .L32+4
 284              	.LVL25:
 285 0016 FFF7FEFF 		bl	USBD_GetString
 286              	.LVL26:
 287 001a F8E7     		b	.L29
 288              	.L33:
 289              		.align	2
 290              	.L32:
 291 001c 00000000 		.word	USBD_StrDesc
 292 0020 00000000 		.word	.LC0
 293              		.cfi_endproc
 294              	.LFE75:
ARM GAS  /tmp/cc4IOjKQ.s 			page 13


 296              		.section	.text.USBD_FS_ManufacturerStrDescriptor,"ax",%progbits
 297              		.align	1
 298              		.global	USBD_FS_ManufacturerStrDescriptor
 299              		.syntax unified
 300              		.thumb
 301              		.thumb_func
 302              		.fpu softvfp
 304              	USBD_FS_ManufacturerStrDescriptor:
 305              	.LFB76:
 268:USB_DEVICE/App/usbd_desc.c ****   UNUSED(speed);
 306              		.loc 1 268 0
 307              		.cfi_startproc
 308              		@ args = 0, pretend = 0, frame = 0
 309              		@ frame_needed = 0, uses_anonymous_args = 0
 310              	.LVL27:
 311 0000 10B5     		push	{r4, lr}
 312              	.LCFI5:
 313              		.cfi_def_cfa_offset 8
 314              		.cfi_offset 4, -8
 315              		.cfi_offset 14, -4
 270:USB_DEVICE/App/usbd_desc.c ****   return USBD_StrDesc;
 316              		.loc 1 270 0
 317 0002 044C     		ldr	r4, .L36
 318 0004 0A46     		mov	r2, r1
 319 0006 2146     		mov	r1, r4
 320              	.LVL28:
 321 0008 0348     		ldr	r0, .L36+4
 322              	.LVL29:
 323 000a FFF7FEFF 		bl	USBD_GetString
 324              	.LVL30:
 272:USB_DEVICE/App/usbd_desc.c **** 
 325              		.loc 1 272 0
 326 000e 2046     		mov	r0, r4
 327 0010 10BD     		pop	{r4, pc}
 328              	.L37:
 329 0012 00BF     		.align	2
 330              	.L36:
 331 0014 00000000 		.word	USBD_StrDesc
 332 0018 00000000 		.word	.LC1
 333              		.cfi_endproc
 334              	.LFE76:
 336              		.section	.text.USBD_FS_ConfigStrDescriptor,"ax",%progbits
 337              		.align	1
 338              		.global	USBD_FS_ConfigStrDescriptor
 339              		.syntax unified
 340              		.thumb
 341              		.thumb_func
 342              		.fpu softvfp
 344              	USBD_FS_ConfigStrDescriptor:
 345              	.LFB78:
 301:USB_DEVICE/App/usbd_desc.c ****   if(speed == USBD_SPEED_HIGH)
 346              		.loc 1 301 0
 347              		.cfi_startproc
 348              		@ args = 0, pretend = 0, frame = 0
 349              		@ frame_needed = 0, uses_anonymous_args = 0
 350              	.LVL31:
 351 0000 08B5     		push	{r3, lr}
ARM GAS  /tmp/cc4IOjKQ.s 			page 14


 352              	.LCFI6:
 353              		.cfi_def_cfa_offset 8
 354              		.cfi_offset 3, -8
 355              		.cfi_offset 14, -4
 356 0002 0A46     		mov	r2, r1
 302:USB_DEVICE/App/usbd_desc.c ****   {
 357              		.loc 1 302 0
 358 0004 28B1     		cbz	r0, .L42
 308:USB_DEVICE/App/usbd_desc.c ****   }
 359              		.loc 1 308 0
 360 0006 0549     		ldr	r1, .L43
 361              	.LVL32:
 362 0008 0548     		ldr	r0, .L43+4
 363              	.LVL33:
 364 000a FFF7FEFF 		bl	USBD_GetString
 365              	.LVL34:
 366              	.L40:
 311:USB_DEVICE/App/usbd_desc.c **** 
 367              		.loc 1 311 0
 368 000e 0348     		ldr	r0, .L43
 369 0010 08BD     		pop	{r3, pc}
 370              	.LVL35:
 371              	.L42:
 304:USB_DEVICE/App/usbd_desc.c ****   }
 372              		.loc 1 304 0
 373 0012 0249     		ldr	r1, .L43
 374              	.LVL36:
 375 0014 0248     		ldr	r0, .L43+4
 376              	.LVL37:
 377 0016 FFF7FEFF 		bl	USBD_GetString
 378              	.LVL38:
 379 001a F8E7     		b	.L40
 380              	.L44:
 381              		.align	2
 382              	.L43:
 383 001c 00000000 		.word	USBD_StrDesc
 384 0020 00000000 		.word	.LC2
 385              		.cfi_endproc
 386              	.LFE78:
 388              		.section	.text.USBD_FS_InterfaceStrDescriptor,"ax",%progbits
 389              		.align	1
 390              		.global	USBD_FS_InterfaceStrDescriptor
 391              		.syntax unified
 392              		.thumb
 393              		.thumb_func
 394              		.fpu softvfp
 396              	USBD_FS_InterfaceStrDescriptor:
 397              	.LFB79:
 320:USB_DEVICE/App/usbd_desc.c ****   if(speed == 0)
 398              		.loc 1 320 0
 399              		.cfi_startproc
 400              		@ args = 0, pretend = 0, frame = 0
 401              		@ frame_needed = 0, uses_anonymous_args = 0
 402              	.LVL39:
 403 0000 08B5     		push	{r3, lr}
 404              	.LCFI7:
 405              		.cfi_def_cfa_offset 8
ARM GAS  /tmp/cc4IOjKQ.s 			page 15


 406              		.cfi_offset 3, -8
 407              		.cfi_offset 14, -4
 408 0002 0A46     		mov	r2, r1
 321:USB_DEVICE/App/usbd_desc.c ****   {
 409              		.loc 1 321 0
 410 0004 28B1     		cbz	r0, .L49
 327:USB_DEVICE/App/usbd_desc.c ****   }
 411              		.loc 1 327 0
 412 0006 0549     		ldr	r1, .L50
 413              	.LVL40:
 414 0008 0548     		ldr	r0, .L50+4
 415              	.LVL41:
 416 000a FFF7FEFF 		bl	USBD_GetString
 417              	.LVL42:
 418              	.L47:
 330:USB_DEVICE/App/usbd_desc.c **** 
 419              		.loc 1 330 0
 420 000e 0348     		ldr	r0, .L50
 421 0010 08BD     		pop	{r3, pc}
 422              	.LVL43:
 423              	.L49:
 323:USB_DEVICE/App/usbd_desc.c ****   }
 424              		.loc 1 323 0
 425 0012 0249     		ldr	r1, .L50
 426              	.LVL44:
 427 0014 0248     		ldr	r0, .L50+4
 428              	.LVL45:
 429 0016 FFF7FEFF 		bl	USBD_GetString
 430              	.LVL46:
 431 001a F8E7     		b	.L47
 432              	.L51:
 433              		.align	2
 434              	.L50:
 435 001c 00000000 		.word	USBD_StrDesc
 436 0020 00000000 		.word	.LC3
 437              		.cfi_endproc
 438              	.LFE79:
 440              		.global	USBD_StringSerial
 441              		.comm	USBD_StrDesc,512,4
 442              		.global	USBD_LangIDDesc
 443              		.global	USBD_FS_DeviceDesc
 444              		.global	FS_Desc
 445              		.section	.data.FS_Desc,"aw",%progbits
 446              		.align	2
 449              	FS_Desc:
 450 0000 00000000 		.word	USBD_FS_DeviceDescriptor
 451 0004 00000000 		.word	USBD_FS_LangIDStrDescriptor
 452 0008 00000000 		.word	USBD_FS_ManufacturerStrDescriptor
 453 000c 00000000 		.word	USBD_FS_ProductStrDescriptor
 454 0010 00000000 		.word	USBD_FS_SerialStrDescriptor
 455 0014 00000000 		.word	USBD_FS_ConfigStrDescriptor
 456 0018 00000000 		.word	USBD_FS_InterfaceStrDescriptor
 457              		.section	.data.USBD_FS_DeviceDesc,"aw",%progbits
 458              		.align	2
 459              		.set	.LANCHOR0,. + 0
 462              	USBD_FS_DeviceDesc:
 463 0000 12       		.byte	18
ARM GAS  /tmp/cc4IOjKQ.s 			page 16


 464 0001 01       		.byte	1
 465 0002 00       		.byte	0
 466 0003 02       		.byte	2
 467 0004 00       		.byte	0
 468 0005 00       		.byte	0
 469 0006 00       		.byte	0
 470 0007 40       		.byte	64
 471 0008 83       		.byte	-125
 472 0009 04       		.byte	4
 473 000a 11       		.byte	17
 474 000b DF       		.byte	-33
 475 000c 00       		.byte	0
 476 000d 02       		.byte	2
 477 000e 01       		.byte	1
 478 000f 02       		.byte	2
 479 0010 03       		.byte	3
 480 0011 01       		.byte	1
 481              		.section	.data.USBD_LangIDDesc,"aw",%progbits
 482              		.align	2
 483              		.set	.LANCHOR1,. + 0
 486              	USBD_LangIDDesc:
 487 0000 04       		.byte	4
 488 0001 03       		.byte	3
 489 0002 09       		.byte	9
 490 0003 04       		.byte	4
 491              		.section	.data.USBD_StringSerial,"aw",%progbits
 492              		.align	2
 493              		.set	.LANCHOR2,. + 0
 496              	USBD_StringSerial:
 497 0000 1A       		.byte	26
 498 0001 03       		.byte	3
 499 0002 00000000 		.space	24
 499      00000000 
 499      00000000 
 499      00000000 
 499      00000000 
 500              		.section	.rodata.USBD_FS_ConfigStrDescriptor.str1.4,"aMS",%progbits,1
 501              		.align	2
 502              	.LC2:
 503 0000 44465520 		.ascii	"DFU Config\000"
 503      436F6E66 
 503      696700
 504              		.section	.rodata.USBD_FS_InterfaceStrDescriptor.str1.4,"aMS",%progbits,1
 505              		.align	2
 506              	.LC3:
 507 0000 44465520 		.ascii	"DFU Interface\000"
 507      496E7465 
 507      72666163 
 507      6500
 508              		.section	.rodata.USBD_FS_ManufacturerStrDescriptor.str1.4,"aMS",%progbits,1
 509              		.align	2
 510              	.LC1:
 511 0000 53544D69 		.ascii	"STMicroelectronics\000"
 511      63726F65 
 511      6C656374 
 511      726F6E69 
 511      637300
ARM GAS  /tmp/cc4IOjKQ.s 			page 17


 512              		.section	.rodata.USBD_FS_ProductStrDescriptor.str1.4,"aMS",%progbits,1
 513              		.align	2
 514              	.LC0:
 515 0000 53544D33 		.ascii	"STM32 DownLoad Firmware Update\000"
 515      3220446F 
 515      776E4C6F 
 515      61642046 
 515      69726D77 
 516              		.text
 517              	.Letext0:
 518              		.file 2 "/opt/gcc4mbed/gcc-arm-none-eabi/arm-none-eabi/include/machine/_default_types.h"
 519              		.file 3 "/opt/gcc4mbed/gcc-arm-none-eabi/arm-none-eabi/include/sys/lock.h"
 520              		.file 4 "/opt/gcc4mbed/gcc-arm-none-eabi/arm-none-eabi/include/sys/_types.h"
 521              		.file 5 "/opt/gcc4mbed/gcc-arm-none-eabi/lib/gcc/arm-none-eabi/6.3.1/include/stddef.h"
 522              		.file 6 "/opt/gcc4mbed/gcc-arm-none-eabi/arm-none-eabi/include/sys/reent.h"
 523              		.file 7 "/opt/gcc4mbed/gcc-arm-none-eabi/arm-none-eabi/include/sys/_stdint.h"
 524              		.file 8 "/opt/gcc4mbed/gcc-arm-none-eabi/arm-none-eabi/include/stdlib.h"
 525              		.file 9 "Drivers/CMSIS/Include/core_cm3.h"
 526              		.file 10 "Drivers/CMSIS/Device/ST/STM32L1xx/Include/system_stm32l1xx.h"
 527              		.file 11 "Drivers/STM32L1xx_HAL_Driver/Inc/stm32l1xx_hal.h"
 528              		.file 12 "Middlewares/ST/STM32_USB_Device_Library/Core/Inc/usbd_def.h"
 529              		.file 13 "USB_DEVICE/App/usbd_desc.h"
 530              		.file 14 "Middlewares/ST/STM32_USB_Device_Library/Core/Inc/usbd_ctlreq.h"
ARM GAS  /tmp/cc4IOjKQ.s 			page 18


DEFINED SYMBOLS
                            *ABS*:0000000000000000 usbd_desc.c
     /tmp/cc4IOjKQ.s:16     .text.USBD_FS_DeviceDescriptor:0000000000000000 $t
     /tmp/cc4IOjKQ.s:23     .text.USBD_FS_DeviceDescriptor:0000000000000000 USBD_FS_DeviceDescriptor
     /tmp/cc4IOjKQ.s:42     .text.USBD_FS_DeviceDescriptor:0000000000000008 $d
     /tmp/cc4IOjKQ.s:47     .text.USBD_FS_LangIDStrDescriptor:0000000000000000 $t
     /tmp/cc4IOjKQ.s:54     .text.USBD_FS_LangIDStrDescriptor:0000000000000000 USBD_FS_LangIDStrDescriptor
     /tmp/cc4IOjKQ.s:72     .text.USBD_FS_LangIDStrDescriptor:0000000000000008 $d
     /tmp/cc4IOjKQ.s:77     .text.IntToUnicode:0000000000000000 $t
     /tmp/cc4IOjKQ.s:83     .text.IntToUnicode:0000000000000000 IntToUnicode
     /tmp/cc4IOjKQ.s:146    .text.Get_SerialNum:0000000000000000 $t
     /tmp/cc4IOjKQ.s:152    .text.Get_SerialNum:0000000000000000 Get_SerialNum
     /tmp/cc4IOjKQ.s:203    .text.Get_SerialNum:000000000000002c $d
     /tmp/cc4IOjKQ.s:209    .text.USBD_FS_SerialStrDescriptor:0000000000000000 $t
     /tmp/cc4IOjKQ.s:216    .text.USBD_FS_SerialStrDescriptor:0000000000000000 USBD_FS_SerialStrDescriptor
     /tmp/cc4IOjKQ.s:240    .text.USBD_FS_SerialStrDescriptor:0000000000000010 $d
     /tmp/cc4IOjKQ.s:245    .text.USBD_FS_ProductStrDescriptor:0000000000000000 $t
     /tmp/cc4IOjKQ.s:252    .text.USBD_FS_ProductStrDescriptor:0000000000000000 USBD_FS_ProductStrDescriptor
     /tmp/cc4IOjKQ.s:291    .text.USBD_FS_ProductStrDescriptor:000000000000001c $d
                            *COM*:0000000000000200 USBD_StrDesc
     /tmp/cc4IOjKQ.s:297    .text.USBD_FS_ManufacturerStrDescriptor:0000000000000000 $t
     /tmp/cc4IOjKQ.s:304    .text.USBD_FS_ManufacturerStrDescriptor:0000000000000000 USBD_FS_ManufacturerStrDescriptor
     /tmp/cc4IOjKQ.s:331    .text.USBD_FS_ManufacturerStrDescriptor:0000000000000014 $d
     /tmp/cc4IOjKQ.s:337    .text.USBD_FS_ConfigStrDescriptor:0000000000000000 $t
     /tmp/cc4IOjKQ.s:344    .text.USBD_FS_ConfigStrDescriptor:0000000000000000 USBD_FS_ConfigStrDescriptor
     /tmp/cc4IOjKQ.s:383    .text.USBD_FS_ConfigStrDescriptor:000000000000001c $d
     /tmp/cc4IOjKQ.s:389    .text.USBD_FS_InterfaceStrDescriptor:0000000000000000 $t
     /tmp/cc4IOjKQ.s:396    .text.USBD_FS_InterfaceStrDescriptor:0000000000000000 USBD_FS_InterfaceStrDescriptor
     /tmp/cc4IOjKQ.s:435    .text.USBD_FS_InterfaceStrDescriptor:000000000000001c $d
     /tmp/cc4IOjKQ.s:496    .data.USBD_StringSerial:0000000000000000 USBD_StringSerial
     /tmp/cc4IOjKQ.s:486    .data.USBD_LangIDDesc:0000000000000000 USBD_LangIDDesc
     /tmp/cc4IOjKQ.s:462    .data.USBD_FS_DeviceDesc:0000000000000000 USBD_FS_DeviceDesc
     /tmp/cc4IOjKQ.s:449    .data.FS_Desc:0000000000000000 FS_Desc
     /tmp/cc4IOjKQ.s:446    .data.FS_Desc:0000000000000000 $d
     /tmp/cc4IOjKQ.s:458    .data.USBD_FS_DeviceDesc:0000000000000000 $d
     /tmp/cc4IOjKQ.s:482    .data.USBD_LangIDDesc:0000000000000000 $d
     /tmp/cc4IOjKQ.s:492    .data.USBD_StringSerial:0000000000000000 $d
     /tmp/cc4IOjKQ.s:501    .rodata.USBD_FS_ConfigStrDescriptor.str1.4:0000000000000000 $d
     /tmp/cc4IOjKQ.s:505    .rodata.USBD_FS_InterfaceStrDescriptor.str1.4:0000000000000000 $d
     /tmp/cc4IOjKQ.s:509    .rodata.USBD_FS_ManufacturerStrDescriptor.str1.4:0000000000000000 $d
     /tmp/cc4IOjKQ.s:513    .rodata.USBD_FS_ProductStrDescriptor.str1.4:0000000000000000 $d
                     .debug_frame:0000000000000010 $d

UNDEFINED SYMBOLS
USBD_GetString
